#
# There is insufficient memory for the Java Runtime Environment to continue.
# Native memory allocation (mmap) failed to map 65536 bytes for Failed to commit metaspace.
# Possible reasons:
#   The system is out of physical RAM or swap space
#   The process is running with CompressedOops enabled, and the Java Heap may be blocking the growth of the native heap
# Possible solutions:
#   Reduce memory load on the system
#   Increase physical memory or swap space
#   Check if swap backing store is full
#   Decrease Java heap size (-Xmx/-Xms)
#   Decrease number of Java threads
#   Decrease Java thread stack sizes (-Xss)
#   Set larger code cache with -XX:ReservedCodeCacheSize=
#   JVM is running with Unscaled Compressed Oops mode in which the Java heap is
#     placed in the first 4GB address space. The Java Heap base address is the
#     maximum limit for the native heap growth. Please use -XX:HeapBaseMinAddress
#     to set the Java Heap base and to place the Java Heap above 4GB virtual address.
# This output file may be truncated or incomplete.
#
#  Out of Memory Error (virtualSpaceNode.cpp:110), pid=9356, tid=15996
#
# JRE version: OpenJDK Runtime Environment Temurin-17.0.4.1+1 (17.0.4.1+1) (build 17.0.4.1+1)
# Java VM: OpenJDK 64-Bit Server VM Temurin-17.0.4.1+1 (17.0.4.1+1, mixed mode, tiered, compressed oops, compressed class ptrs, g1 gc, windows-amd64)
# No core dump will be written. Minidumps are not enabled by default on client versions of Windows
#

---------------  S U M M A R Y ------------

Command Line: -Dfile.encoding=UTF-8 -XX:+ShowCodeDetailsInExceptionMessages com.SEP490_G9.Sep490G9Application

Host: Intel(R) Core(TM) i7-8550U CPU @ 1.80GHz, 8 cores, 7G,  Windows 10 , 64 bit Build 19041 (10.0.19041.2546)
Time: Thu Mar 23 15:14:15 2023 SE Asia Standard Time elapsed time: 4.905519 seconds (0d 0h 0m 4s)

---------------  T H R E A D  ---------------

Current thread (0x00000172cfec0760):  JavaThread "main" [_thread_in_vm, id=15996, stack(0x0000005608900000,0x0000005608a00000)]

Stack: [0x0000005608900000,0x0000005608a00000]
Native frames: (J=compiled Java code, j=interpreted, Vv=VM code, C=native code)
V  [jvm.dll+0x67731a]
V  [jvm.dll+0x832284]
V  [jvm.dll+0x833a2e]
V  [jvm.dll+0x834093]
V  [jvm.dll+0x245775]
V  [jvm.dll+0x82e22b]
V  [jvm.dll+0x61bdf6]
V  [jvm.dll+0x1c07be]
V  [jvm.dll+0x61e741]
V  [jvm.dll+0x61c796]
V  [jvm.dll+0x23b260]
V  [jvm.dll+0x1eafbd]
V  [jvm.dll+0x1e09f1]
V  [jvm.dll+0x53c910]
V  [jvm.dll+0x7ad138]
V  [jvm.dll+0x7ad224]
V  [jvm.dll+0x40ccd5]
V  [jvm.dll+0x412ec8]
C  [java.dll+0x17ec]

Java frames: (J=compiled Java code, j=interpreted, Vv=VM code)
J 745  java.lang.ClassLoader.defineClass1(Ljava/lang/ClassLoader;Ljava/lang/String;[BIILjava/security/ProtectionDomain;Ljava/lang/String;)Ljava/lang/Class; java.base@17.0.4.1 (0 bytes) @ 0x00000172db09695b [0x00000172db0968a0+0x00000000000000bb]
J 1027 c1 java.lang.ClassLoader.defineClass(Ljava/lang/String;[BIILjava/security/ProtectionDomain;)Ljava/lang/Class; java.base@17.0.4.1 (43 bytes) @ 0x00000172d3cfdec4 [0x00000172d3cfdb80+0x0000000000000344]
J 923 c1 java.security.SecureClassLoader.defineClass(Ljava/lang/String;[BIILjava/security/CodeSource;)Ljava/lang/Class; java.base@17.0.4.1 (16 bytes) @ 0x00000172d3cd1c0c [0x00000172d3cd1b40+0x00000000000000cc]
J 844 c1 jdk.internal.loader.BuiltinClassLoader.defineClass(Ljava/lang/String;Ljdk/internal/loader/Resource;)Ljava/lang/Class; java.base@17.0.4.1 (121 bytes) @ 0x00000172d3ca6adc [0x00000172d3ca5c00+0x0000000000000edc]
J 697 c1 jdk.internal.loader.BuiltinClassLoader.findClassOnClassPathOrNull(Ljava/lang/String;)Ljava/lang/Class; java.base@17.0.4.1 (64 bytes) @ 0x00000172d3c5a124 [0x00000172d3c590e0+0x0000000000001044]
J 510 c1 jdk.internal.loader.BuiltinClassLoader.loadClassOrNull(Ljava/lang/String;Z)Ljava/lang/Class; java.base@17.0.4.1 (143 bytes) @ 0x00000172d3bf8a04 [0x00000172d3bf7b40+0x0000000000000ec4]
J 735 c1 jdk.internal.loader.ClassLoaders$AppClassLoader.loadClass(Ljava/lang/String;Z)Ljava/lang/Class; java.base@17.0.4.1 (40 bytes) @ 0x00000172d3c6bf74 [0x00000172d3c6b960+0x0000000000000614]
J 597 c1 java.lang.ClassLoader.loadClass(Ljava/lang/String;)Ljava/lang/Class; java.base@17.0.4.1 (7 bytes) @ 0x00000172d3c20bbc [0x00000172d3c20ac0+0x00000000000000fc]
v  ~StubRoutines::call_stub
j  org.springframework.context.support.GenericApplicationContext.<init>()V+21
j  org.springframework.web.context.support.GenericWebApplicationContext.<init>()V+1
j  org.springframework.boot.web.servlet.context.ServletWebServerApplicationContext.<init>()V+1
j  org.springframework.boot.web.servlet.context.AnnotationConfigServletWebServerApplicationContext.<init>()V+1
j  org.springframework.boot.web.servlet.context.ServletWebServerApplicationContextFactory.createContext()Lorg/springframework/context/ConfigurableApplicationContext;+10
j  org.springframework.boot.web.servlet.context.ServletWebServerApplicationContextFactory.create(Lorg/springframework/boot/WebApplicationType;)Lorg/springframework/context/ConfigurableApplicationContext;+12
j  org.springframework.boot.DefaultApplicationContextFactory$$Lambda$197+0x00000001001d4000.apply(Ljava/lang/Object;Ljava/lang/Object;)Ljava/lang/Object;+8
j  org.springframework.boot.DefaultApplicationContextFactory.getFromSpringFactories(Lorg/springframework/boot/WebApplicationType;Ljava/util/function/BiFunction;Ljava/util/function/Supplier;)Ljava/lang/Object;+45
j  org.springframework.boot.DefaultApplicationContextFactory.create(Lorg/springframework/boot/WebApplicationType;)Lorg/springframework/context/ConfigurableApplicationContext;+13
j  org.springframework.boot.SpringApplication.createApplicationContext()Lorg/springframework/context/ConfigurableApplicationContext;+8
j  org.springframework.boot.SpringApplication.run([Ljava/lang/String;)Lorg/springframework/context/ConfigurableApplicationContext;+66
j  org.springframework.boot.SpringApplication.run([Ljava/lang/Class;[Ljava/lang/String;)Lorg/springframework/context/ConfigurableApplicationContext;+9
j  org.springframework.boot.SpringApplication.run(Ljava/lang/Class;[Ljava/lang/String;)Lorg/springframework/context/ConfigurableApplicationContext;+9
j  com.SEP490_G9.Sep490G9Application.main([Ljava/lang/String;)V+3
v  ~StubRoutines::call_stub

---------------  P R O C E S S  ---------------

Threads class SMR info:
_java_thread_list=0x00000172ec8873b0, length=15, elements={
0x00000172cfec0760, 0x00000172ea8133e0, 0x00000172e9dbd6c0, 0x00000172ea81df90,
0x00000172ea821480, 0x00000172ea821e30, 0x00000172ea835410, 0x00000172ea8360f0,
0x00000172ea8a4ba0, 0x00000172ea8a7860, 0x00000172ea99e530, 0x00000172ea9b8440,
0x00000172ec2f6850, 0x00000172ec450b50, 0x00000172ec53c050
}

Java Threads: ( => current thread )
=>0x00000172cfec0760 JavaThread "main" [_thread_in_vm, id=15996, stack(0x0000005608900000,0x0000005608a00000)]
  0x00000172ea8133e0 JavaThread "Reference Handler" daemon [_thread_blocked, id=13460, stack(0x0000005609000000,0x0000005609100000)]
  0x00000172e9dbd6c0 JavaThread "Finalizer" daemon [_thread_blocked, id=10956, stack(0x0000005609100000,0x0000005609200000)]
  0x00000172ea81df90 JavaThread "Signal Dispatcher" daemon [_thread_blocked, id=14740, stack(0x0000005609200000,0x0000005609300000)]
  0x00000172ea821480 JavaThread "Attach Listener" daemon [_thread_blocked, id=10764, stack(0x0000005609300000,0x0000005609400000)]
  0x00000172ea821e30 JavaThread "Service Thread" daemon [_thread_blocked, id=6752, stack(0x0000005609400000,0x0000005609500000)]
  0x00000172ea835410 JavaThread "Monitor Deflation Thread" daemon [_thread_blocked, id=16012, stack(0x0000005609500000,0x0000005609600000)]
  0x00000172ea8360f0 JavaThread "C2 CompilerThread0" daemon [_thread_blocked, id=1776, stack(0x0000005609600000,0x0000005609700000)]
  0x00000172ea8a4ba0 JavaThread "C1 CompilerThread0" daemon [_thread_blocked, id=7568, stack(0x0000005609700000,0x0000005609800000)]
  0x00000172ea8a7860 JavaThread "Sweeper thread" daemon [_thread_blocked, id=6868, stack(0x0000005609800000,0x0000005609900000)]
  0x00000172ea99e530 JavaThread "Notification Thread" daemon [_thread_blocked, id=13472, stack(0x0000005609900000,0x0000005609a00000)]
  0x00000172ea9b8440 JavaThread "Common-Cleaner" daemon [_thread_blocked, id=14440, stack(0x0000005609b00000,0x0000005609c00000)]
  0x00000172ec2f6850 JavaThread "background-preinit" [_thread_in_vm, id=14160, stack(0x000000560a000000,0x000000560a100000)]
  0x00000172ec450b50 JavaThread "C2 CompilerThread1" daemon [_thread_blocked, id=8044, stack(0x000000560a100000,0x000000560a200000)]
  0x00000172ec53c050 JavaThread "C2 CompilerThread2" daemon [_thread_in_native, id=12108, stack(0x000000560a200000,0x000000560a300000)]

Other Threads:
  0x00000172e9dda030 VMThread "VM Thread" [stack: 0x0000005608f00000,0x0000005609000000] [id=6604]
  0x00000172ea927c50 WatcherThread [stack: 0x0000005609a00000,0x0000005609b00000] [id=9256]
  0x00000172cff1adc0 GCTaskThread "GC Thread#0" [stack: 0x0000005608a00000,0x0000005608b00000] [id=15568]
  0x00000172eb1191c0 GCTaskThread "GC Thread#1" [stack: 0x0000005609c00000,0x0000005609d00000] [id=11904]
  0x00000172eb119470 GCTaskThread "GC Thread#2" [stack: 0x0000005609d00000,0x0000005609e00000] [id=9152]
  0x00000172ec245c20 GCTaskThread "GC Thread#3" [stack: 0x0000005609e00000,0x0000005609f00000] [id=5940]
  0x00000172ec2b8970 GCTaskThread "GC Thread#4" [stack: 0x0000005609f00000,0x000000560a000000] [id=10748]
  0x00000172cff2b900 ConcurrentGCThread "G1 Main Marker" [stack: 0x0000005608b00000,0x0000005608c00000] [id=11472]
  0x00000172cff2c320 ConcurrentGCThread "G1 Conc#0" [stack: 0x0000005608c00000,0x0000005608d00000] [id=4068]
  0x00000172cff8d820 ConcurrentGCThread "G1 Refine#0" [stack: 0x0000005608d00000,0x0000005608e00000] [id=5112]
  0x00000172cff8e240 ConcurrentGCThread "G1 Service" [stack: 0x0000005608e00000,0x0000005608f00000] [id=2380]

Threads with active compile tasks:
C2 CompilerThread2     4977 1539 %     4       jdk.internal.loader.URLClassPath::getResource @ 39 (74 bytes)

VM state: not at safepoint (normal execution)

VM Mutex/Monitor currently owned by a thread:  ([mutex/lock_event])
[0x00000172cfeadde0] Metaspace_lock - owner thread: 0x00000172cfec0760

Heap address: 0x0000000082000000, size: 2016 MB, Compressed Oops mode: 32-bit

CDS archive(s) not mapped
Compressed class space mapped at: 0x0000000100000000-0x0000000140000000, reserved size: 1073741824
Narrow klass base: 0x0000000000000000, Narrow klass shift: 3, Narrow klass range: 0x140000000

GC Precious Log:
 CPUs: 8 total, 8 available
 Memory: 8057M
 Large Page Support: Disabled
 NUMA Support: Disabled
 Compressed Oops: Enabled (32-bit)
 Heap Region Size: 1M
 Heap Min Capacity: 8M
 Heap Initial Capacity: 126M
 Heap Max Capacity: 2016M
 Pre-touch: Disabled
 Parallel Workers: 8
 Concurrent Workers: 2
 Concurrent Refinement Workers: 8
 Periodic GC: Disabled

Heap:
 garbage-first heap   total 129024K, used 18963K [0x0000000082000000, 0x0000000100000000)
  region size 1024K, 16 young (16384K), 3 survivors (3072K)
 Metaspace       used 17135K, committed 17344K, reserved 1064960K
  class space    used 1836K, committed 1984K, reserved 1048576K

Heap Regions: E=young(eden), S=young(survivor), O=old, HS=humongous(starts), HC=humongous(continues), CS=collection set, F=free, OA=open archive, CA=closed archive, TAMS=top-at-mark-start (previous, next)
|   0|0x0000000082000000, 0x0000000082100000, 0x0000000082100000|100%|HS|  |TAMS 0x0000000082000000, 0x0000000082000000| Complete 
|   1|0x0000000082100000, 0x0000000082200000, 0x0000000082200000|100%| O|  |TAMS 0x0000000082100000, 0x0000000082100000| Untracked 
|   2|0x0000000082200000, 0x0000000082300000, 0x0000000082300000|100%| O|  |TAMS 0x0000000082200000, 0x0000000082200000| Untracked 
|   3|0x0000000082300000, 0x0000000082400000, 0x0000000082400000|100%| O|  |TAMS 0x0000000082300000, 0x0000000082300000| Untracked 
|   4|0x0000000082400000, 0x0000000082484e00, 0x0000000082500000| 51%| O|  |TAMS 0x0000000082400000, 0x0000000082400000| Untracked 
|   5|0x0000000082500000, 0x0000000082500000, 0x0000000082600000|  0%| F|  |TAMS 0x0000000082500000, 0x0000000082500000| Untracked 
|   6|0x0000000082600000, 0x0000000082600000, 0x0000000082700000|  0%| F|  |TAMS 0x0000000082600000, 0x0000000082600000| Untracked 
|   7|0x0000000082700000, 0x0000000082700000, 0x0000000082800000|  0%| F|  |TAMS 0x0000000082700000, 0x0000000082700000| Untracked 
|   8|0x0000000082800000, 0x0000000082800000, 0x0000000082900000|  0%| F|  |TAMS 0x0000000082800000, 0x0000000082800000| Untracked 
|   9|0x0000000082900000, 0x0000000082900000, 0x0000000082a00000|  0%| F|  |TAMS 0x0000000082900000, 0x0000000082900000| Untracked 
|  10|0x0000000082a00000, 0x0000000082a00000, 0x0000000082b00000|  0%| F|  |TAMS 0x0000000082a00000, 0x0000000082a00000| Untracked 
|  11|0x0000000082b00000, 0x0000000082b00000, 0x0000000082c00000|  0%| F|  |TAMS 0x0000000082b00000, 0x0000000082b00000| Untracked 
|  12|0x0000000082c00000, 0x0000000082c00000, 0x0000000082d00000|  0%| F|  |TAMS 0x0000000082c00000, 0x0000000082c00000| Untracked 
|  13|0x0000000082d00000, 0x0000000082d00000, 0x0000000082e00000|  0%| F|  |TAMS 0x0000000082d00000, 0x0000000082d00000| Untracked 
|  14|0x0000000082e00000, 0x0000000082e00000, 0x0000000082f00000|  0%| F|  |TAMS 0x0000000082e00000, 0x0000000082e00000| Untracked 
|  15|0x0000000082f00000, 0x0000000082f00000, 0x0000000083000000|  0%| F|  |TAMS 0x0000000082f00000, 0x0000000082f00000| Untracked 
|  16|0x0000000083000000, 0x0000000083000000, 0x0000000083100000|  0%| F|  |TAMS 0x0000000083000000, 0x0000000083000000| Untracked 
|  17|0x0000000083100000, 0x0000000083100000, 0x0000000083200000|  0%| F|  |TAMS 0x0000000083100000, 0x0000000083100000| Untracked 
|  18|0x0000000083200000, 0x0000000083200000, 0x0000000083300000|  0%| F|  |TAMS 0x0000000083200000, 0x0000000083200000| Untracked 
|  19|0x0000000083300000, 0x0000000083300000, 0x0000000083400000|  0%| F|  |TAMS 0x0000000083300000, 0x0000000083300000| Untracked 
|  20|0x0000000083400000, 0x0000000083400000, 0x0000000083500000|  0%| F|  |TAMS 0x0000000083400000, 0x0000000083400000| Untracked 
|  21|0x0000000083500000, 0x0000000083500000, 0x0000000083600000|  0%| F|  |TAMS 0x0000000083500000, 0x0000000083500000| Untracked 
|  22|0x0000000083600000, 0x0000000083600000, 0x0000000083700000|  0%| F|  |TAMS 0x0000000083600000, 0x0000000083600000| Untracked 
|  23|0x0000000083700000, 0x0000000083700000, 0x0000000083800000|  0%| F|  |TAMS 0x0000000083700000, 0x0000000083700000| Untracked 
|  24|0x0000000083800000, 0x0000000083800000, 0x0000000083900000|  0%| F|  |TAMS 0x0000000083800000, 0x0000000083800000| Untracked 
|  25|0x0000000083900000, 0x0000000083900000, 0x0000000083a00000|  0%| F|  |TAMS 0x0000000083900000, 0x0000000083900000| Untracked 
|  26|0x0000000083a00000, 0x0000000083a00000, 0x0000000083b00000|  0%| F|  |TAMS 0x0000000083a00000, 0x0000000083a00000| Untracked 
|  27|0x0000000083b00000, 0x0000000083b00000, 0x0000000083c00000|  0%| F|  |TAMS 0x0000000083b00000, 0x0000000083b00000| Untracked 
|  28|0x0000000083c00000, 0x0000000083c00000, 0x0000000083d00000|  0%| F|  |TAMS 0x0000000083c00000, 0x0000000083c00000| Untracked 
|  29|0x0000000083d00000, 0x0000000083d00000, 0x0000000083e00000|  0%| F|  |TAMS 0x0000000083d00000, 0x0000000083d00000| Untracked 
|  30|0x0000000083e00000, 0x0000000083e00000, 0x0000000083f00000|  0%| F|  |TAMS 0x0000000083e00000, 0x0000000083e00000| Untracked 
|  31|0x0000000083f00000, 0x0000000083f00000, 0x0000000084000000|  0%| F|  |TAMS 0x0000000083f00000, 0x0000000083f00000| Untracked 
|  32|0x0000000084000000, 0x0000000084000000, 0x0000000084100000|  0%| F|  |TAMS 0x0000000084000000, 0x0000000084000000| Untracked 
|  33|0x0000000084100000, 0x0000000084100000, 0x0000000084200000|  0%| F|  |TAMS 0x0000000084100000, 0x0000000084100000| Untracked 
|  34|0x0000000084200000, 0x0000000084200000, 0x0000000084300000|  0%| F|  |TAMS 0x0000000084200000, 0x0000000084200000| Untracked 
|  35|0x0000000084300000, 0x0000000084300000, 0x0000000084400000|  0%| F|  |TAMS 0x0000000084300000, 0x0000000084300000| Untracked 
|  36|0x0000000084400000, 0x0000000084400000, 0x0000000084500000|  0%| F|  |TAMS 0x0000000084400000, 0x0000000084400000| Untracked 
|  37|0x0000000084500000, 0x0000000084500000, 0x0000000084600000|  0%| F|  |TAMS 0x0000000084500000, 0x0000000084500000| Untracked 
|  38|0x0000000084600000, 0x0000000084600000, 0x0000000084700000|  0%| F|  |TAMS 0x0000000084600000, 0x0000000084600000| Untracked 
|  39|0x0000000084700000, 0x0000000084700000, 0x0000000084800000|  0%| F|  |TAMS 0x0000000084700000, 0x0000000084700000| Untracked 
|  40|0x0000000084800000, 0x0000000084800000, 0x0000000084900000|  0%| F|  |TAMS 0x0000000084800000, 0x0000000084800000| Untracked 
|  41|0x0000000084900000, 0x0000000084900000, 0x0000000084a00000|  0%| F|  |TAMS 0x0000000084900000, 0x0000000084900000| Untracked 
|  42|0x0000000084a00000, 0x0000000084a00000, 0x0000000084b00000|  0%| F|  |TAMS 0x0000000084a00000, 0x0000000084a00000| Untracked 
|  43|0x0000000084b00000, 0x0000000084b00000, 0x0000000084c00000|  0%| F|  |TAMS 0x0000000084b00000, 0x0000000084b00000| Untracked 
|  44|0x0000000084c00000, 0x0000000084c00000, 0x0000000084d00000|  0%| F|  |TAMS 0x0000000084c00000, 0x0000000084c00000| Untracked 
|  45|0x0000000084d00000, 0x0000000084d00000, 0x0000000084e00000|  0%| F|  |TAMS 0x0000000084d00000, 0x0000000084d00000| Untracked 
|  46|0x0000000084e00000, 0x0000000084e00000, 0x0000000084f00000|  0%| F|  |TAMS 0x0000000084e00000, 0x0000000084e00000| Untracked 
|  47|0x0000000084f00000, 0x0000000084f00000, 0x0000000085000000|  0%| F|  |TAMS 0x0000000084f00000, 0x0000000084f00000| Untracked 
|  48|0x0000000085000000, 0x0000000085000000, 0x0000000085100000|  0%| F|  |TAMS 0x0000000085000000, 0x0000000085000000| Untracked 
|  49|0x0000000085100000, 0x0000000085100000, 0x0000000085200000|  0%| F|  |TAMS 0x0000000085100000, 0x0000000085100000| Untracked 
|  50|0x0000000085200000, 0x0000000085200000, 0x0000000085300000|  0%| F|  |TAMS 0x0000000085200000, 0x0000000085200000| Untracked 
|  51|0x0000000085300000, 0x0000000085300000, 0x0000000085400000|  0%| F|  |TAMS 0x0000000085300000, 0x0000000085300000| Untracked 
|  52|0x0000000085400000, 0x0000000085400000, 0x0000000085500000|  0%| F|  |TAMS 0x0000000085400000, 0x0000000085400000| Untracked 
|  53|0x0000000085500000, 0x0000000085500000, 0x0000000085600000|  0%| F|  |TAMS 0x0000000085500000, 0x0000000085500000| Untracked 
|  54|0x0000000085600000, 0x0000000085600000, 0x0000000085700000|  0%| F|  |TAMS 0x0000000085600000, 0x0000000085600000| Untracked 
|  55|0x0000000085700000, 0x0000000085700000, 0x0000000085800000|  0%| F|  |TAMS 0x0000000085700000, 0x0000000085700000| Untracked 
|  56|0x0000000085800000, 0x0000000085800000, 0x0000000085900000|  0%| F|  |TAMS 0x0000000085800000, 0x0000000085800000| Untracked 
|  57|0x0000000085900000, 0x0000000085900000, 0x0000000085a00000|  0%| F|  |TAMS 0x0000000085900000, 0x0000000085900000| Untracked 
|  58|0x0000000085a00000, 0x0000000085a00000, 0x0000000085b00000|  0%| F|  |TAMS 0x0000000085a00000, 0x0000000085a00000| Untracked 
|  59|0x0000000085b00000, 0x0000000085b00000, 0x0000000085c00000|  0%| F|  |TAMS 0x0000000085b00000, 0x0000000085b00000| Untracked 
|  60|0x0000000085c00000, 0x0000000085c00000, 0x0000000085d00000|  0%| F|  |TAMS 0x0000000085c00000, 0x0000000085c00000| Untracked 
|  61|0x0000000085d00000, 0x0000000085d00000, 0x0000000085e00000|  0%| F|  |TAMS 0x0000000085d00000, 0x0000000085d00000| Untracked 
|  62|0x0000000085e00000, 0x0000000085e00000, 0x0000000085f00000|  0%| F|  |TAMS 0x0000000085e00000, 0x0000000085e00000| Untracked 
|  63|0x0000000085f00000, 0x0000000085f00000, 0x0000000086000000|  0%| F|  |TAMS 0x0000000085f00000, 0x0000000085f00000| Untracked 
|  64|0x0000000086000000, 0x0000000086000000, 0x0000000086100000|  0%| F|  |TAMS 0x0000000086000000, 0x0000000086000000| Untracked 
|  65|0x0000000086100000, 0x0000000086100000, 0x0000000086200000|  0%| F|  |TAMS 0x0000000086100000, 0x0000000086100000| Untracked 
|  66|0x0000000086200000, 0x0000000086200000, 0x0000000086300000|  0%| F|  |TAMS 0x0000000086200000, 0x0000000086200000| Untracked 
|  67|0x0000000086300000, 0x0000000086300000, 0x0000000086400000|  0%| F|  |TAMS 0x0000000086300000, 0x0000000086300000| Untracked 
|  68|0x0000000086400000, 0x0000000086400000, 0x0000000086500000|  0%| F|  |TAMS 0x0000000086400000, 0x0000000086400000| Untracked 
|  69|0x0000000086500000, 0x0000000086500000, 0x0000000086600000|  0%| F|  |TAMS 0x0000000086500000, 0x0000000086500000| Untracked 
|  70|0x0000000086600000, 0x0000000086600000, 0x0000000086700000|  0%| F|  |TAMS 0x0000000086600000, 0x0000000086600000| Untracked 
|  71|0x0000000086700000, 0x0000000086700000, 0x0000000086800000|  0%| F|  |TAMS 0x0000000086700000, 0x0000000086700000| Untracked 
|  72|0x0000000086800000, 0x0000000086800000, 0x0000000086900000|  0%| F|  |TAMS 0x0000000086800000, 0x0000000086800000| Untracked 
|  73|0x0000000086900000, 0x0000000086900000, 0x0000000086a00000|  0%| F|  |TAMS 0x0000000086900000, 0x0000000086900000| Untracked 
|  74|0x0000000086a00000, 0x0000000086a00000, 0x0000000086b00000|  0%| F|  |TAMS 0x0000000086a00000, 0x0000000086a00000| Untracked 
|  75|0x0000000086b00000, 0x0000000086b00000, 0x0000000086c00000|  0%| F|  |TAMS 0x0000000086b00000, 0x0000000086b00000| Untracked 
|  76|0x0000000086c00000, 0x0000000086c00000, 0x0000000086d00000|  0%| F|  |TAMS 0x0000000086c00000, 0x0000000086c00000| Untracked 
|  77|0x0000000086d00000, 0x0000000086d00000, 0x0000000086e00000|  0%| F|  |TAMS 0x0000000086d00000, 0x0000000086d00000| Untracked 
|  78|0x0000000086e00000, 0x0000000086e00000, 0x0000000086f00000|  0%| F|  |TAMS 0x0000000086e00000, 0x0000000086e00000| Untracked 
|  79|0x0000000086f00000, 0x0000000086f00000, 0x0000000087000000|  0%| F|  |TAMS 0x0000000086f00000, 0x0000000086f00000| Untracked 
|  80|0x0000000087000000, 0x0000000087000000, 0x0000000087100000|  0%| F|  |TAMS 0x0000000087000000, 0x0000000087000000| Untracked 
|  81|0x0000000087100000, 0x0000000087100000, 0x0000000087200000|  0%| F|  |TAMS 0x0000000087100000, 0x0000000087100000| Untracked 
|  82|0x0000000087200000, 0x0000000087200000, 0x0000000087300000|  0%| F|  |TAMS 0x0000000087200000, 0x0000000087200000| Untracked 
|  83|0x0000000087300000, 0x0000000087300000, 0x0000000087400000|  0%| F|  |TAMS 0x0000000087300000, 0x0000000087300000| Untracked 
|  84|0x0000000087400000, 0x0000000087400000, 0x0000000087500000|  0%| F|  |TAMS 0x0000000087400000, 0x0000000087400000| Untracked 
|  85|0x0000000087500000, 0x0000000087500000, 0x0000000087600000|  0%| F|  |TAMS 0x0000000087500000, 0x0000000087500000| Untracked 
|  86|0x0000000087600000, 0x0000000087600000, 0x0000000087700000|  0%| F|  |TAMS 0x0000000087600000, 0x0000000087600000| Untracked 
|  87|0x0000000087700000, 0x0000000087700000, 0x0000000087800000|  0%| F|  |TAMS 0x0000000087700000, 0x0000000087700000| Untracked 
|  88|0x0000000087800000, 0x0000000087800000, 0x0000000087900000|  0%| F|  |TAMS 0x0000000087800000, 0x0000000087800000| Untracked 
|  89|0x0000000087900000, 0x0000000087900000, 0x0000000087a00000|  0%| F|  |TAMS 0x0000000087900000, 0x0000000087900000| Untracked 
|  90|0x0000000087a00000, 0x0000000087a00000, 0x0000000087b00000|  0%| F|  |TAMS 0x0000000087a00000, 0x0000000087a00000| Untracked 
|  91|0x0000000087b00000, 0x0000000087b00000, 0x0000000087c00000|  0%| F|  |TAMS 0x0000000087b00000, 0x0000000087b00000| Untracked 
|  92|0x0000000087c00000, 0x0000000087c00000, 0x0000000087d00000|  0%| F|  |TAMS 0x0000000087c00000, 0x0000000087c00000| Untracked 
|  93|0x0000000087d00000, 0x0000000087d00000, 0x0000000087e00000|  0%| F|  |TAMS 0x0000000087d00000, 0x0000000087d00000| Untracked 
|  94|0x0000000087e00000, 0x0000000087e00000, 0x0000000087f00000|  0%| F|  |TAMS 0x0000000087e00000, 0x0000000087e00000| Untracked 
|  95|0x0000000087f00000, 0x0000000087f00000, 0x0000000088000000|  0%| F|  |TAMS 0x0000000087f00000, 0x0000000087f00000| Untracked 
|  96|0x0000000088000000, 0x0000000088000000, 0x0000000088100000|  0%| F|  |TAMS 0x0000000088000000, 0x0000000088000000| Untracked 
|  97|0x0000000088100000, 0x0000000088100000, 0x0000000088200000|  0%| F|  |TAMS 0x0000000088100000, 0x0000000088100000| Untracked 
|  98|0x0000000088200000, 0x0000000088200000, 0x0000000088300000|  0%| F|  |TAMS 0x0000000088200000, 0x0000000088200000| Untracked 
|  99|0x0000000088300000, 0x0000000088300000, 0x0000000088400000|  0%| F|  |TAMS 0x0000000088300000, 0x0000000088300000| Untracked 
| 100|0x0000000088400000, 0x0000000088500000, 0x0000000088500000|100%| S|CS|TAMS 0x0000000088400000, 0x0000000088400000| Complete 
| 101|0x0000000088500000, 0x0000000088600000, 0x0000000088600000|100%| S|CS|TAMS 0x0000000088500000, 0x0000000088500000| Complete 
| 102|0x0000000088600000, 0x0000000088700000, 0x0000000088700000|100%| S|CS|TAMS 0x0000000088600000, 0x0000000088600000| Complete 
| 103|0x0000000088700000, 0x0000000088700000, 0x0000000088800000|  0%| F|  |TAMS 0x0000000088700000, 0x0000000088700000| Untracked 
| 104|0x0000000088800000, 0x0000000088800000, 0x0000000088900000|  0%| F|  |TAMS 0x0000000088800000, 0x0000000088800000| Untracked 
| 105|0x0000000088900000, 0x0000000088900000, 0x0000000088a00000|  0%| F|  |TAMS 0x0000000088900000, 0x0000000088900000| Untracked 
| 106|0x0000000088a00000, 0x0000000088a00000, 0x0000000088b00000|  0%| F|  |TAMS 0x0000000088a00000, 0x0000000088a00000| Untracked 
| 107|0x0000000088b00000, 0x0000000088b00000, 0x0000000088c00000|  0%| F|  |TAMS 0x0000000088b00000, 0x0000000088b00000| Untracked 
| 108|0x0000000088c00000, 0x0000000088c00000, 0x0000000088d00000|  0%| F|  |TAMS 0x0000000088c00000, 0x0000000088c00000| Untracked 
| 109|0x0000000088d00000, 0x0000000088d00000, 0x0000000088e00000|  0%| F|  |TAMS 0x0000000088d00000, 0x0000000088d00000| Untracked 
| 110|0x0000000088e00000, 0x0000000088e00000, 0x0000000088f00000|  0%| F|  |TAMS 0x0000000088e00000, 0x0000000088e00000| Untracked 
| 111|0x0000000088f00000, 0x0000000088f00000, 0x0000000089000000|  0%| F|  |TAMS 0x0000000088f00000, 0x0000000088f00000| Untracked 
| 112|0x0000000089000000, 0x0000000089000000, 0x0000000089100000|  0%| F|  |TAMS 0x0000000089000000, 0x0000000089000000| Untracked 
| 113|0x0000000089100000, 0x00000000891bdeb8, 0x0000000089200000| 74%| E|  |TAMS 0x0000000089100000, 0x0000000089100000| Complete 
| 114|0x0000000089200000, 0x0000000089300000, 0x0000000089300000|100%| E|CS|TAMS 0x0000000089200000, 0x0000000089200000| Complete 
| 115|0x0000000089300000, 0x0000000089400000, 0x0000000089400000|100%| E|CS|TAMS 0x0000000089300000, 0x0000000089300000| Complete 
| 116|0x0000000089400000, 0x0000000089500000, 0x0000000089500000|100%| E|CS|TAMS 0x0000000089400000, 0x0000000089400000| Complete 
| 117|0x0000000089500000, 0x0000000089600000, 0x0000000089600000|100%| E|CS|TAMS 0x0000000089500000, 0x0000000089500000| Complete 
| 118|0x0000000089600000, 0x0000000089700000, 0x0000000089700000|100%| E|  |TAMS 0x0000000089600000, 0x0000000089600000| Complete 
| 119|0x0000000089700000, 0x0000000089800000, 0x0000000089800000|100%| E|CS|TAMS 0x0000000089700000, 0x0000000089700000| Complete 
| 120|0x0000000089800000, 0x0000000089900000, 0x0000000089900000|100%| E|CS|TAMS 0x0000000089800000, 0x0000000089800000| Complete 
| 121|0x0000000089900000, 0x0000000089a00000, 0x0000000089a00000|100%| E|CS|TAMS 0x0000000089900000, 0x0000000089900000| Complete 
| 122|0x0000000089a00000, 0x0000000089b00000, 0x0000000089b00000|100%| E|CS|TAMS 0x0000000089a00000, 0x0000000089a00000| Complete 
| 123|0x0000000089b00000, 0x0000000089c00000, 0x0000000089c00000|100%| E|CS|TAMS 0x0000000089b00000, 0x0000000089b00000| Complete 
| 124|0x0000000089c00000, 0x0000000089d00000, 0x0000000089d00000|100%| E|CS|TAMS 0x0000000089c00000, 0x0000000089c00000| Complete 
| 125|0x0000000089d00000, 0x0000000089e00000, 0x0000000089e00000|100%| E|CS|TAMS 0x0000000089d00000, 0x0000000089d00000| Complete 

Card table byte_map: [0x00000172e2ca0000,0x00000172e3090000] _byte_map_base: 0x00000172e2890000

Marking Bits (Prev, Next): (CMBitMap*) 0x00000172cff1b3d0, (CMBitMap*) 0x00000172cff1b410
 Prev Bits: [0x00000172e3480000, 0x00000172e5400000)
 Next Bits: [0x00000172e5400000, 0x00000172e7380000)

Polling page: 0x00000172cde40000

Metaspace:

Usage:
  Non-class:     14.94 MB used.
      Class:      1.79 MB used.
       Both:     16.73 MB used.

Virtual space:
  Non-class space:       16.00 MB reserved,      15.00 MB ( 94%) committed,  2 nodes.
      Class space:        1.00 GB reserved,       1.94 MB ( <1%) committed,  1 nodes.
             Both:        1.02 GB reserved,      16.94 MB (  2%) committed. 

Chunk freelists:
   Non-Class:  881.00 KB
       Class:  2.11 MB
        Both:  2.97 MB

MaxMetaspaceSize: unlimited
CompressedClassSpaceSize: 1.00 GB
Initial GC threshold: 21.00 MB
Current GC threshold: 21.00 MB
CDS: off
MetaspaceReclaimPolicy: balanced
 - commit_granule_bytes: 65536.
 - commit_granule_words: 8192.
 - virtual_space_node_default_size: 1048576.
 - enlarge_chunks_in_place: 1.
 - new_chunks_are_fully_committed: 0.
 - uncommit_free_chunks: 1.
 - use_allocation_guard: 0.
 - handle_deallocations: 1.


Internal statistics:

num_allocs_failed_limit: 0.
num_arena_births: 180.
num_arena_deaths: 0.
num_vsnodes_births: 3.
num_vsnodes_deaths: 0.
num_space_committed: 271.
num_space_uncommitted: 0.
num_chunks_returned_to_freelist: 0.
num_chunks_taken_from_freelist: 489.
num_chunk_merges: 0.
num_chunk_splits: 284.
num_chunks_enlarged: 204.
num_purges: 0.
num_inconsistent_stats: 0.

CodeHeap 'non-profiled nmethods': size=120000Kb used=555Kb max_used=555Kb free=119444Kb
 bounds [0x00000172db050000, 0x00000172db2c0000, 0x00000172e2580000]
CodeHeap 'profiled nmethods': size=120000Kb used=2824Kb max_used=2824Kb free=117175Kb
 bounds [0x00000172d3b20000, 0x00000172d3df0000, 0x00000172db050000]
CodeHeap 'non-nmethods': size=5760Kb used=1160Kb max_used=1216Kb free=4599Kb
 bounds [0x00000172d3580000, 0x00000172d37f0000, 0x00000172d3b20000]
 total_blobs=1984 nmethods=1538 adapters=358
 compilation: enabled
              stopped_count=0, restarted_count=0
 full_count=0

Compilation events (20 events):
Event: 4.764 Thread 0x00000172ec53c050 1514       4       java.lang.StringLatin1::getChar (9 bytes)
Event: 4.765 Thread 0x00000172ec53c050 nmethod 1514 0x00000172db0d0f90 code [0x00000172db0d1100, 0x00000172db0d1198]
Event: 4.765 Thread 0x00000172ec53c050 1509       4       java.lang.System::getSecurityManager (12 bytes)
Event: 4.765 Thread 0x00000172ec53c050 nmethod 1509 0x00000172db0d1290 code [0x00000172db0d1400, 0x00000172db0d1478]
Event: 4.765 Thread 0x00000172ec53c050 1529       4       java.lang.String$CaseInsensitiveComparator::compare (13 bytes)
Event: 4.818 Thread 0x00000172ec450b50 nmethod 1469 0x00000172db0d1590 code [0x00000172db0d17e0, 0x00000172db0d2c68]
Event: 4.820 Thread 0x00000172ec53c050 nmethod 1529 0x00000172db0d3790 code [0x00000172db0d3940, 0x00000172db0d3f18]
Event: 4.824 Thread 0x00000172ea8a4ba0 1536       3       ch.qos.logback.classic.Logger::getChildByName (68 bytes)
Event: 4.824 Thread 0x00000172ec450b50 1537       4       java.lang.StringConcatHelper::prepend (37 bytes)
Event: 4.825 Thread 0x00000172ea8a4ba0 nmethod 1536 0x00000172d3de0e10 code [0x00000172d3de1000, 0x00000172d3de1588]
Event: 4.827 Thread 0x00000172ec450b50 nmethod 1537 0x00000172db0d4410 code [0x00000172db0d45a0, 0x00000172db0d4738]
Event: 4.827 Thread 0x00000172ea8a4ba0 1538       1       java.lang.ClassLoader::getUnnamedModule (5 bytes)
Event: 4.828 Thread 0x00000172ea8a4ba0 nmethod 1538 0x00000172db0d4910 code [0x00000172db0d4aa0, 0x00000172db0d4b78]
Event: 4.837 Thread 0x00000172ec53c050 1539 %     4       jdk.internal.loader.URLClassPath::getResource @ 39 (74 bytes)
Event: 4.847 Thread 0x00000172ea8a4ba0 1540       3       jdk.internal.reflect.ClassFileAssembler::emitByte (11 bytes)
Event: 4.848 Thread 0x00000172ea8a4ba0 nmethod 1540 0x00000172d3de1790 code [0x00000172d3de1940, 0x00000172d3de1ac8]
Event: 4.848 Thread 0x00000172ea8a4ba0 1541       3       jdk.internal.reflect.ByteVectorImpl::add (38 bytes)
Event: 4.848 Thread 0x00000172ec450b50 1542       4       java.util.concurrent.ConcurrentHashMap::addCount (280 bytes)
Event: 4.848 Thread 0x00000172ea8a4ba0 nmethod 1541 0x00000172d3de1c10 code [0x00000172d3de1dc0, 0x00000172d3de1f88]
Event: 4.856 Thread 0x00000172ec450b50 nmethod 1542 0x00000172db0d4c10 code [0x00000172db0d4dc0, 0x00000172db0d5028]

GC Heap History (2 events):
Event: 3.867 GC heap before
{Heap before GC invocations=0 (full 0):
 garbage-first heap   total 129024K, used 23552K [0x0000000082000000, 0x0000000100000000)
  region size 1024K, 23 young (23552K), 0 survivors (0K)
 Metaspace       used 13730K, committed 13888K, reserved 1064960K
  class space    used 1384K, committed 1472K, reserved 1048576K
}
Event: 3.945 GC heap after
{Heap after GC invocations=1 (full 0):
 garbage-first heap   total 129024K, used 7699K [0x0000000082000000, 0x0000000100000000)
  region size 1024K, 3 young (3072K), 3 survivors (3072K)
 Metaspace       used 13730K, committed 13888K, reserved 1064960K
  class space    used 1384K, committed 1472K, reserved 1048576K
}

Deoptimization events (20 events):
Event: 4.573 Thread 0x00000172cfec0760 Uncommon trap: trap_request=0xffffffde fr.pc=0x00000172db0be17c relative=0x000000000000013c
Event: 4.573 Thread 0x00000172cfec0760 Uncommon trap: reason=class_check action=maybe_recompile pc=0x00000172db0be17c method=org.springframework.boot.context.properties.source.ConfigurationPropertyName$Elements.charAt(II)C @ 43 c2
Event: 4.573 Thread 0x00000172cfec0760 DEOPT PACKING pc=0x00000172db0be17c sp=0x00000056089fe6a0
Event: 4.573 Thread 0x00000172cfec0760 DEOPT UNPACKING pc=0x00000172d35d23a3 sp=0x00000056089fe618 mode 2
Event: 4.573 Thread 0x00000172cfec0760 Uncommon trap: trap_request=0xffffffde fr.pc=0x00000172db0be17c relative=0x000000000000013c
Event: 4.573 Thread 0x00000172cfec0760 Uncommon trap: reason=class_check action=maybe_recompile pc=0x00000172db0be17c method=org.springframework.boot.context.properties.source.ConfigurationPropertyName$Elements.charAt(II)C @ 43 c2
Event: 4.573 Thread 0x00000172cfec0760 DEOPT PACKING pc=0x00000172db0be17c sp=0x00000056089fe6a0
Event: 4.573 Thread 0x00000172cfec0760 DEOPT UNPACKING pc=0x00000172d35d23a3 sp=0x00000056089fe618 mode 2
Event: 4.591 Thread 0x00000172ec2f6850 Uncommon trap: trap_request=0xffffff45 fr.pc=0x00000172db0a5b14 relative=0x0000000000000074
Event: 4.591 Thread 0x00000172ec2f6850 Uncommon trap: reason=unstable_if action=reinterpret pc=0x00000172db0a5b14 method=sun.net.www.ParseUtil.firstEncodeIndex(Ljava/lang/String;)I @ 51 c2
Event: 4.591 Thread 0x00000172ec2f6850 DEOPT PACKING pc=0x00000172db0a5b14 sp=0x000000560a0fd070
Event: 4.591 Thread 0x00000172ec2f6850 DEOPT UNPACKING pc=0x00000172d35d23a3 sp=0x000000560a0fcff8 mode 2
Event: 4.677 Thread 0x00000172ec2f6850 DEOPT PACKING pc=0x00000172d3dc77b8 sp=0x000000560a0fe650
Event: 4.677 Thread 0x00000172ec2f6850 DEOPT UNPACKING pc=0x00000172d35d2b43 sp=0x000000560a0fdb68 mode 0
Event: 4.722 Thread 0x00000172cfec0760 Uncommon trap: trap_request=0xffffff45 fr.pc=0x00000172db0bab74 relative=0x0000000000001054
Event: 4.722 Thread 0x00000172cfec0760 Uncommon trap: reason=unstable_if action=reinterpret pc=0x00000172db0bab74 method=java.util.concurrent.ConcurrentHashMap.putVal(Ljava/lang/Object;Ljava/lang/Object;Z)Ljava/lang/Object; @ 148 c2
Event: 4.722 Thread 0x00000172cfec0760 DEOPT PACKING pc=0x00000172db0bab74 sp=0x00000056089fe080
Event: 4.722 Thread 0x00000172cfec0760 DEOPT UNPACKING pc=0x00000172d35d23a3 sp=0x00000056089fe000 mode 2
Event: 4.828 Thread 0x00000172ec2f6850 DEOPT PACKING pc=0x00000172d3dc77b8 sp=0x000000560a0fad10
Event: 4.828 Thread 0x00000172ec2f6850 DEOPT UNPACKING pc=0x00000172d35d2b43 sp=0x000000560a0fa228 mode 0

Classes unloaded (0 events):
No events

Classes redefined (0 events):
No events

Internal exceptions (20 events):
Event: 4.033 Thread 0x00000172cfec0760 Exception <a 'java/lang/NoSuchMethodError'{0x0000000089c1b020}: 'int java.lang.invoke.DirectMethodHandle$Holder.invokeInterface(java.lang.Object, java.lang.Object)'> (0x0000000089c1b020) 
thrown [s\src\hotspot\share\interpreter\linkResolver.cpp, line 759]
Event: 4.101 Thread 0x00000172cfec0760 Exception <a 'java/lang/NoSuchMethodError'{0x0000000089c8fca0}: 'int java.lang.invoke.DirectMethodHandle$Holder.invokeVirtual(java.lang.Object, java.lang.Object)'> (0x0000000089c8fca0) 
thrown [s\src\hotspot\share\interpreter\linkResolver.cpp, line 759]
Event: 4.203 Thread 0x00000172cfec0760 Exception <a 'java/lang/NoSuchMethodError'{0x0000000089b54458}: 'java.lang.Object java.lang.invoke.DirectMethodHandle$Holder.invokeSpecial(java.lang.Object, java.lang.Object, java.lang.Object, int, java.lang.Object)'> (0x0000000089b54458) 
thrown [s\src\hotspot\share\interpreter\linkResolver.cpp, line 759]
Event: 4.205 Thread 0x00000172cfec0760 Exception <a 'java/lang/NoSuchMethodError'{0x0000000089b5cab8}: 'java.lang.Object java.lang.invoke.DirectMethodHandle$Holder.newInvokeSpecial(java.lang.Object, java.lang.Object, java.lang.Object, int, java.lang.Object)'> (0x0000000089b5cab8) 
thrown [s\src\hotspot\share\interpreter\linkResolver.cpp, line 759]
Event: 4.212 Thread 0x00000172cfec0760 Exception <a 'java/lang/NoSuchMethodError'{0x0000000089b72c88}: 'java.lang.Object java.lang.invoke.DirectMethodHandle$Holder.newInvokeSpecial(java.lang.Object, int, java.lang.Object)'> (0x0000000089b72c88) 
thrown [s\src\hotspot\share\interpreter\linkResolver.cpp, line 759]
Event: 4.213 Thread 0x00000172cfec0760 Exception <a 'java/lang/NoSuchMethodError'{0x0000000089b779f0}: 'int java.lang.invoke.DirectMethodHandle$Holder.invokeSpecialIFC(java.lang.Object, java.lang.Object, java.lang.Object, java.lang.Object)'> (0x0000000089b779f0) 
thrown [s\src\hotspot\share\interpreter\linkResolver.cpp, line 759]
Event: 4.284 Thread 0x00000172cfec0760 Exception <a 'java/lang/NoSuchMethodError'{0x0000000089a3c130}: 'void java.lang.invoke.DirectMethodHandle$Holder.invokeInterface(java.lang.Object, java.lang.Object, java.lang.Object)'> (0x0000000089a3c130) 
thrown [s\src\hotspot\share\interpreter\linkResolver.cpp, line 759]
Event: 4.331 Thread 0x00000172cfec0760 Exception <a 'java/lang/NoSuchMethodError'{0x0000000089aba960}: 'void java.lang.invoke.DirectMethodHandle$Holder.invokeStatic(java.lang.Object, java.lang.Object)'> (0x0000000089aba960) 
thrown [s\src\hotspot\share\interpreter\linkResolver.cpp, line 759]
Event: 4.331 Thread 0x00000172cfec0760 Exception <a 'java/lang/NoSuchMethodError'{0x0000000089abe160}: 'void java.lang.invoke.DirectMethodHandle$Holder.invokeStaticInit(java.lang.Object, java.lang.Object)'> (0x0000000089abe160) 
thrown [s\src\hotspot\share\interpreter\linkResolver.cpp, line 759]
Event: 4.335 Thread 0x00000172cfec0760 Exception <a 'java/lang/NoSuchMethodError'{0x0000000089acaad0}: 'void java.lang.invoke.DirectMethodHandle$Holder.invokeStaticInit(java.lang.Object, java.lang.Object, java.lang.Object)'> (0x0000000089acaad0) 
thrown [s\src\hotspot\share\interpreter\linkResolver.cpp, line 759]
Event: 4.349 Thread 0x00000172cfec0760 Exception <a 'java/lang/NoSuchMethodError'{0x00000000899076f0}: 'java.lang.Object java.lang.invoke.DirectMethodHandle$Holder.invokeStatic(java.lang.Object, java.lang.Object, long, java.lang.Object)'> (0x00000000899076f0) 
thrown [s\src\hotspot\share\interpreter\linkResolver.cpp, line 759]
Event: 4.358 Thread 0x00000172cfec0760 Exception <a 'java/lang/NoSuchMethodError'{0x000000008990b188}: 'java.lang.Object java.lang.invoke.DirectMethodHandle$Holder.invokeStaticInit(java.lang.Object, java.lang.Object, long, java.lang.Object)'> (0x000000008990b188) 
thrown [s\src\hotspot\share\interpreter\linkResolver.cpp, line 759]
Event: 4.359 Thread 0x00000172cfec0760 Exception <a 'java/lang/NoSuchMethodError'{0x0000000089911908}: 'java.lang.Object java.lang.invoke.DirectMethodHandle$Holder.newInvokeSpecial(java.lang.Object, java.lang.Object, long)'> (0x0000000089911908) 
thrown [s\src\hotspot\share\interpreter\linkResolver.cpp, line 759]
Event: 4.360 Thread 0x00000172cfec0760 Exception <a 'java/lang/NoSuchMethodError'{0x0000000089915478}: 'java.lang.Object java.lang.invoke.Invokers$Holder.linkToTargetMethod(java.lang.Object, long, java.lang.Object)'> (0x0000000089915478) 
thrown [s\src\hotspot\share\interpreter\linkResolver.cpp, line 759]
Event: 4.388 Thread 0x00000172cfec0760 Exception <a 'java/lang/NoSuchMethodError'{0x0000000089955c08}: 'void java.lang.invoke.DirectMethodHandle$Holder.invokeVirtual(java.lang.Object, java.lang.Object, java.lang.Object, java.lang.Object)'> (0x0000000089955c08) 
thrown [s\src\hotspot\share\interpreter\linkResolver.cpp, line 759]
Event: 4.501 Thread 0x00000172cfec0760 Exception <a 'java/lang/NoSuchMethodError'{0x00000000898aaa70}: 'void java.lang.invoke.DirectMethodHandle$Holder.invokeSpecial(java.lang.Object, java.lang.Object, java.lang.Object)'> (0x00000000898aaa70) 
thrown [s\src\hotspot\share\interpreter\linkResolver.cpp, line 759]
Event: 4.504 Thread 0x00000172cfec0760 Exception <a 'java/lang/NoSuchMethodError'{0x00000000898b1048}: 'void java.lang.invoke.DirectMethodHandle$Holder.invokeSpecial(java.lang.Object, java.lang.Object, java.lang.Object, java.lang.Object, java.lang.Object)'> (0x00000000898b1048) 
thrown [s\src\hotspot\share\interpreter\linkResolver.cpp, line 759]
Event: 4.542 Thread 0x00000172cfec0760 Exception <a 'java/lang/NoSuchMethodError'{0x0000000089723c48}: 'java.lang.Object java.lang.invoke.DirectMethodHandle$Holder.invokeStatic(java.lang.Object, java.lang.Object, int)'> (0x0000000089723c48) 
thrown [s\src\hotspot\share\interpreter\linkResolver.cpp, line 759]
Event: 4.548 Thread 0x00000172cfec0760 Exception <a 'java/lang/NoSuchMethodError'{0x000000008972f438}: 'void java.lang.invoke.DelegatingMethodHandle$Holder.delegate(java.lang.Object, java.lang.Object, int, java.lang.Object)'> (0x000000008972f438) 
thrown [s\src\hotspot\share\interpreter\linkResolver.cpp, line 759]
Event: 4.660 Thread 0x00000172cfec0760 Exception <a 'java/lang/IncompatibleClassChangeError'{0x000000008943cb88}: Found class java.lang.Object, but interface was expected> (0x000000008943cb88) 
thrown [s\src\hotspot\share\interpreter\linkResolver.cpp, line 826]

VM Operations (20 events):
Event: 1.497 Executing VM operation: Cleanup
Event: 1.497 Executing VM operation: Cleanup done
Event: 1.545 Executing VM operation: HandshakeAllThreads
Event: 1.545 Executing VM operation: HandshakeAllThreads done
Event: 1.968 Executing VM operation: HandshakeAllThreads
Event: 1.968 Executing VM operation: HandshakeAllThreads done
Event: 2.059 Executing VM operation: HandshakeAllThreads
Event: 2.060 Executing VM operation: HandshakeAllThreads done
Event: 3.070 Executing VM operation: Cleanup
Event: 3.070 Executing VM operation: Cleanup done
Event: 3.113 Executing VM operation: HandshakeAllThreads
Event: 3.113 Executing VM operation: HandshakeAllThreads done
Event: 3.867 Executing VM operation: G1CollectForAllocation
Event: 3.947 Executing VM operation: G1CollectForAllocation done
Event: 4.097 Executing VM operation: HandshakeAllThreads
Event: 4.097 Executing VM operation: HandshakeAllThreads done
Event: 4.492 Executing VM operation: HandshakeAllThreads
Event: 4.492 Executing VM operation: HandshakeAllThreads done
Event: 4.541 Executing VM operation: HandshakeAllThreads
Event: 4.541 Executing VM operation: HandshakeAllThreads done

Events (20 events):
Event: 4.846 loading class jdk/internal/reflect/ByteVectorImpl done
Event: 4.846 loading class jdk/internal/reflect/ClassFileAssembler
Event: 4.846 loading class jdk/internal/reflect/ClassFileAssembler done
Event: 4.847 loading class jdk/internal/reflect/UTF8
Event: 4.847 loading class jdk/internal/reflect/UTF8 done
Event: 4.848 loading class jdk/internal/reflect/Label
Event: 4.848 loading class jdk/internal/reflect/Label done
Event: 4.848 loading class jdk/internal/reflect/Label$PatchInfo
Event: 4.849 loading class jdk/internal/reflect/Label$PatchInfo done
Event: 4.849 loading class jdk/internal/reflect/MethodAccessorGenerator$1
Event: 4.849 loading class jdk/internal/reflect/MethodAccessorGenerator$1 done
Event: 4.849 loading class jdk/internal/reflect/ClassDefiner
Event: 4.849 loading class jdk/internal/reflect/ClassDefiner done
Event: 4.849 loading class jdk/internal/reflect/ClassDefiner$1
Event: 4.849 loading class jdk/internal/reflect/ClassDefiner$1 done
Event: 4.850 loading class jdk/internal/reflect/BootstrapConstructorAccessorImpl
Event: 4.850 loading class jdk/internal/reflect/BootstrapConstructorAccessorImpl done
Event: 4.858 loading class java/util/ResourceBundle$Control
Event: 4.859 loading class java/util/ResourceBundle$Control done
Event: 4.861 loading class java/util/ResourceBundle


Dynamic libraries:
0x00007ff674a50000 - 0x00007ff674a5e000 	C:\Users\MyPC\.p2\pool\plugins\org.eclipse.justj.openjdk.hotspot.jre.full.win32.x86_64_17.0.4.v20220903-1038\jre\bin\javaw.exe
0x00007ffd74930000 - 0x00007ffd74b28000 	C:\WINDOWS\SYSTEM32\ntdll.dll
0x00007ffd74370000 - 0x00007ffd7442f000 	C:\WINDOWS\System32\KERNEL32.DLL
0x00007ffd72130000 - 0x00007ffd72402000 	C:\WINDOWS\System32\KERNELBASE.dll
0x00007ffd72410000 - 0x00007ffd72510000 	C:\WINDOWS\System32\ucrtbase.dll
0x00007ffd6d490000 - 0x00007ffd6d4a9000 	C:\Users\MyPC\.p2\pool\plugins\org.eclipse.justj.openjdk.hotspot.jre.full.win32.x86_64_17.0.4.v20220903-1038\jre\bin\VCRUNTIME140.dll
0x00007ffd6d460000 - 0x00007ffd6d478000 	C:\Users\MyPC\.p2\pool\plugins\org.eclipse.justj.openjdk.hotspot.jre.full.win32.x86_64_17.0.4.v20220903-1038\jre\bin\jli.dll
0x00007ffd74620000 - 0x00007ffd747c1000 	C:\WINDOWS\System32\USER32.dll
0x00007ffd72930000 - 0x00007ffd72952000 	C:\WINDOWS\System32\win32u.dll
0x00007ffd74340000 - 0x00007ffd7436b000 	C:\WINDOWS\System32\GDI32.dll
0x00007ffd72750000 - 0x00007ffd7285f000 	C:\WINDOWS\System32\gdi32full.dll
0x00007ffd72860000 - 0x00007ffd728fd000 	C:\WINDOWS\System32\msvcp_win.dll
0x00007ffd679d0000 - 0x00007ffd67c6a000 	C:\WINDOWS\WinSxS\amd64_microsoft.windows.common-controls_6595b64144ccf1df_6.0.19041.1110_none_60b5254171f9507e\COMCTL32.dll
0x00007ffd74850000 - 0x00007ffd748ee000 	C:\WINDOWS\System32\msvcrt.dll
0x00007ffd74250000 - 0x00007ffd74280000 	C:\WINDOWS\System32\IMM32.DLL
0x00007ffd6d450000 - 0x00007ffd6d45c000 	C:\Users\MyPC\.p2\pool\plugins\org.eclipse.justj.openjdk.hotspot.jre.full.win32.x86_64_17.0.4.v20220903-1038\jre\bin\vcruntime140_1.dll
0x00007ffd30fb0000 - 0x00007ffd31041000 	C:\Users\MyPC\.p2\pool\plugins\org.eclipse.justj.openjdk.hotspot.jre.full.win32.x86_64_17.0.4.v20220903-1038\jre\bin\msvcp140.dll
0x00007ffce6a30000 - 0x00007ffce7676000 	C:\Users\MyPC\.p2\pool\plugins\org.eclipse.justj.openjdk.hotspot.jre.full.win32.x86_64_17.0.4.v20220903-1038\jre\bin\server\jvm.dll
0x00007ffd732f0000 - 0x00007ffd7339e000 	C:\WINDOWS\System32\ADVAPI32.dll
0x00007ffd74450000 - 0x00007ffd744ec000 	C:\WINDOWS\System32\sechost.dll
0x00007ffd72a10000 - 0x00007ffd72b34000 	C:\WINDOWS\System32\RPCRT4.dll
0x00007ffd74430000 - 0x00007ffd74438000 	C:\WINDOWS\System32\PSAPI.DLL
0x00007ffd60830000 - 0x00007ffd60839000 	C:\WINDOWS\SYSTEM32\WSOCK32.dll
0x00007ffd747d0000 - 0x00007ffd7483b000 	C:\WINDOWS\System32\WS2_32.dll
0x00007ffd64ff0000 - 0x00007ffd65017000 	C:\WINDOWS\SYSTEM32\WINMM.dll
0x00007ffd6ce00000 - 0x00007ffd6ce0a000 	C:\WINDOWS\SYSTEM32\VERSION.dll
0x00007ffd70960000 - 0x00007ffd70972000 	C:\WINDOWS\SYSTEM32\kernel.appcore.dll
0x00007ffd6f310000 - 0x00007ffd6f31a000 	C:\Users\MyPC\.p2\pool\plugins\org.eclipse.justj.openjdk.hotspot.jre.full.win32.x86_64_17.0.4.v20220903-1038\jre\bin\jimage.dll
0x00007ffd70610000 - 0x00007ffd707f4000 	C:\WINDOWS\SYSTEM32\DBGHELP.DLL
0x00007ffd5d2f0000 - 0x00007ffd5d325000 	C:\WINDOWS\SYSTEM32\dbgcore.DLL
0x00007ffd726c0000 - 0x00007ffd72742000 	C:\WINDOWS\System32\bcryptPrimitives.dll
0x00007ffd6b060000 - 0x00007ffd6b085000 	C:\Users\MyPC\.p2\pool\plugins\org.eclipse.justj.openjdk.hotspot.jre.full.win32.x86_64_17.0.4.v20220903-1038\jre\bin\java.dll
0x00007ffd6b210000 - 0x00007ffd6b228000 	C:\Users\MyPC\.p2\pool\plugins\org.eclipse.justj.openjdk.hotspot.jre.full.win32.x86_64_17.0.4.v20220903-1038\jre\bin\zip.dll
0x00007ffd73700000 - 0x00007ffd73e45000 	C:\WINDOWS\System32\SHELL32.dll
0x00007ffd6fe70000 - 0x00007ffd70602000 	C:\WINDOWS\SYSTEM32\windows.storage.dll
0x00007ffd733a0000 - 0x00007ffd736f5000 	C:\WINDOWS\System32\combase.dll
0x00007ffd71a40000 - 0x00007ffd71a70000 	C:\WINDOWS\SYSTEM32\Wldp.dll
0x00007ffd73fb0000 - 0x00007ffd7405d000 	C:\WINDOWS\System32\SHCORE.dll
0x00007ffd74280000 - 0x00007ffd742d5000 	C:\WINDOWS\System32\shlwapi.dll
0x00007ffd72000000 - 0x00007ffd7201f000 	C:\WINDOWS\SYSTEM32\profapi.dll
0x00007ffd6b0a0000 - 0x00007ffd6b0b9000 	C:\Users\MyPC\.p2\pool\plugins\org.eclipse.justj.openjdk.hotspot.jre.full.win32.x86_64_17.0.4.v20220903-1038\jre\bin\net.dll
0x00007ffd69ad0000 - 0x00007ffd69bda000 	C:\WINDOWS\SYSTEM32\WINHTTP.dll
0x00007ffd717a0000 - 0x00007ffd7180a000 	C:\WINDOWS\system32\mswsock.dll
0x00007ffd6a780000 - 0x00007ffd6a795000 	C:\Users\MyPC\.p2\pool\plugins\org.eclipse.justj.openjdk.hotspot.jre.full.win32.x86_64_17.0.4.v20220903-1038\jre\bin\nio.dll

dbghelp: loaded successfully - version: 4.0.5 - missing functions: none
symbol engine: initialized successfully - sym options: 0x614 - pdb path: .;C:\Users\MyPC\.p2\pool\plugins\org.eclipse.justj.openjdk.hotspot.jre.full.win32.x86_64_17.0.4.v20220903-1038\jre\bin;C:\WINDOWS\SYSTEM32;C:\WINDOWS\WinSxS\amd64_microsoft.windows.common-controls_6595b64144ccf1df_6.0.19041.1110_none_60b5254171f9507e;C:\Users\MyPC\.p2\pool\plugins\org.eclipse.justj.openjdk.hotspot.jre.full.win32.x86_64_17.0.4.v20220903-1038\jre\bin\server

VM Arguments:
jvm_args: -Dfile.encoding=UTF-8 -XX:+ShowCodeDetailsInExceptionMessages 
java_command: com.SEP490_G9.Sep490G9Application
java_class_path (initial): C:\Users\MyPC\Documents\GitHub\SEP490_G9-Capstone_project_sp23\target\classes;C:\Users\MyPC\.p2\pool\plugins\org.junit_4.13.2.v20211018-1956.jar;C:\Users\MyPC\.p2\pool\plugins\org.hamcrest.core_1.3.0.v20180420-1519.jar;C:\Users\MyPC\.m2\repository\org\springframework\boot\spring-boot-starter-data-jpa\3.0.1\spring-boot-starter-data-jpa-3.0.1.jar;C:\Users\MyPC\.m2\repository\org\springframework\boot\spring-boot-starter-aop\3.0.1\spring-boot-starter-aop-3.0.1.jar;C:\Users\MyPC\.m2\repository\org\aspectj\aspectjweaver\1.9.19\aspectjweaver-1.9.19.jar;C:\Users\MyPC\.m2\repository\org\springframework\boot\spring-boot-starter-jdbc\3.0.1\spring-boot-starter-jdbc-3.0.1.jar;C:\Users\MyPC\.m2\repository\com\zaxxer\HikariCP\5.0.1\HikariCP-5.0.1.jar;C:\Users\MyPC\.m2\repository\org\springframework\spring-jdbc\6.0.3\spring-jdbc-6.0.3.jar;C:\Users\MyPC\.m2\repository\org\hibernate\orm\hibernate-core\6.1.6.Final\hibernate-core-6.1.6.Final.jar;C:\Users\MyPC\.m2\repository\jakarta\persistence\jakarta.persistence-api\3.1.0\jakarta.persistence-api-3.1.0.jar;C:\Users\MyPC\.m2\repository\jakarta\transaction\jakarta.transaction-api\2.0.1\jakarta.transaction-api-2.0.1.jar;C:\Users\MyPC\.m2\repository\org\jboss\logging\jboss-logging\3.5.0.Final\jboss-logging-3.5.0.Final.jar;C:\Users\MyPC\.m2\repository\org\hibernate\common\hibernate-commons-annotations\6.0.2.Final\hibernate-commons-annotations-6.0.2.Final.jar;C:\Users\MyPC\.m2\repository\org\jboss\jandex\2.4.2.Final\jandex-2.4.2.Final.jar;C:\Users\MyPC\.m2\repository\com\fasterxml\classmate\1.5.1\classmate-1.5.1.jar;C:\Users\MyPC\.m2\repository\org\glassfish\jaxb\jaxb-runtime\4.0.1\jaxb-runtime-4.0.1.jar;C:\Users\MyPC\.m2\repository\org\glassfish\jaxb\jaxb-core\4.0.1\jaxb-core-4.0.1.jar;C:\Users\MyPC\.m2\repository\org\glassfish\jaxb\txw2\4.0.1\txw2-4.0.1.jar;C:\Users\MyPC\.m2\repository\com\sun\istack\istack-commons-runtime\4.1.1\istack-commons-runtime-4.1.1.jar;C:\Users\MyPC\.m2\repository\jakarta\inject\jakart
Launcher Type: SUN_STANDARD

[Global flags]
     intx CICompilerCount                          = 4                                         {product} {ergonomic}
     uint ConcGCThreads                            = 2                                         {product} {ergonomic}
     uint G1ConcRefinementThreads                  = 8                                         {product} {ergonomic}
   size_t G1HeapRegionSize                         = 1048576                                   {product} {ergonomic}
    uintx GCDrainStackTargetSize                   = 64                                        {product} {ergonomic}
   size_t InitialHeapSize                          = 132120576                                 {product} {ergonomic}
   size_t MarkStackSize                            = 4194304                                   {product} {ergonomic}
   size_t MaxHeapSize                              = 2113929216                                {product} {ergonomic}
   size_t MaxNewSize                               = 1267728384                                {product} {ergonomic}
   size_t MinHeapDeltaBytes                        = 1048576                                   {product} {ergonomic}
   size_t MinHeapSize                              = 8388608                                   {product} {ergonomic}
    uintx NonNMethodCodeHeapSize                   = 5839372                                {pd product} {ergonomic}
    uintx NonProfiledCodeHeapSize                  = 122909434                              {pd product} {ergonomic}
    uintx ProfiledCodeHeapSize                     = 122909434                              {pd product} {ergonomic}
    uintx ReservedCodeCacheSize                    = 251658240                              {pd product} {ergonomic}
     bool SegmentedCodeCache                       = true                                      {product} {ergonomic}
     bool ShowCodeDetailsInExceptionMessages       = true                                   {manageable} {command line}
   size_t SoftMaxHeapSize                          = 2113929216                             {manageable} {ergonomic}
     bool UseCompressedClassPointers               = true                           {product lp64_product} {ergonomic}
     bool UseCompressedOops                        = true                           {product lp64_product} {ergonomic}
     bool UseG1GC                                  = true                                      {product} {ergonomic}
     bool UseLargePagesIndividualAllocation        = false                                  {pd product} {ergonomic}

Logging:
Log output configuration:
 #0: stdout all=warning uptime,level,tags
 #1: stderr all=off uptime,level,tags

Environment Variables:
JAVA_HOME=C:\Program Files\Java\jdk1.8.0_202
PATH=C:/Users/MyPC/.p2/pool/plugins/org.eclipse.justj.openjdk.hotspot.jre.full.win32.x86_64_17.0.4.v20220903-1038/jre/bin/server;C:/Users/MyPC/.p2/pool/plugins/org.eclipse.justj.openjdk.hotspot.jre.full.win32.x86_64_17.0.4.v20220903-1038/jre/bin;C:\Program Files\Java\jdk1.8.0_202\bin;C:\Users\MyPC\apache-maven-3.8.6\bin;C:\ProgramData\chocolatey\bin;C:\Program Files\Git\bin\;C:\Program Files\Git\cmd\;C:\Program Files\nodejs\;C:\Program Files\Microsoft SQL Server\Client SDK\ODBC\170\Tools\Binn\;C:\Program Files\Microsoft SQL Server\150\DTS\Binn\;C:\Program Files\Git\bin\;C:\Program Files\Git\cmd\;C:\Program Files (x86)\Git\cmd;C:\Program Files\MySQL\MySQL Shell 8.0\bin\;C:\Users\MyPC\AppData\Local\Microsoft\WindowsApps;C:\Program Files\Azure Data Studio\bin;C:\Program Files\Azure Data Studio\bin;C:\Users\MyPC\AppData\Local\JetBrains\Toolbox\scripts;C:\Users\MyPC\AppData\Local\GitHubDesktop\bin;C:\Users\MyPC\AppData\Roaming\npm;C:\Users\MyPC\AppData\Roaming\npm\node_modules\@angular\cli\bin;;C:\Users\MyPC\AppData\Local\Programs\Microsoft VS Code\bin;C:\WINDOWS\system32;
USERNAME=MyPC
OS=Windows_NT
PROCESSOR_IDENTIFIER=Intel64 Family 6 Model 142 Stepping 10, GenuineIntel
TMP=C:\Users\MyPC\AppData\Local\Temp
TEMP=C:\Users\MyPC\AppData\Local\Temp



---------------  S Y S T E M  ---------------

OS:
 Windows 10 , 64 bit Build 19041 (10.0.19041.2546)
OS uptime: 0 days 8:31 hours

CPU: total 8 (initial active 8) (4 cores per cpu, 2 threads per core) family 6 model 142 stepping 10 microcode 0xb4, cx8, cmov, fxsr, ht, mmx, 3dnowpref, sse, sse2, sse3, ssse3, sse4.1, sse4.2, popcnt, lzcnt, tsc, tscinvbit, avx, avx2, aes, erms, clmul, bmi1, bmi2, adx, fma, vzeroupper, clflush, clflushopt

Memory: 4k page, system-wide physical 8057M (1492M free)
TotalPageFile size 11071M (AvailPageFile size 3M)
current process WorkingSet (physical memory assigned to process): 96M, peak: 96M
current process commit charge ("private bytes"): 233M, peak: 234M

vm_info: OpenJDK 64-Bit Server VM (17.0.4.1+1) for windows-amd64 JRE (17.0.4.1+1), built on Aug 17 2022 07:42:43 by "temurin" with MS VC++ 16.7 (VS2019)

END.
