#
# There is insufficient memory for the Java Runtime Environment to continue.
# Native memory allocation (malloc) failed to allocate 1431424 bytes for Chunk::new
# Possible reasons:
#   The system is out of physical RAM or swap space
#   The process is running with CompressedOops enabled, and the Java Heap may be blocking the growth of the native heap
# Possible solutions:
#   Reduce memory load on the system
#   Increase physical memory or swap space
#   Check if swap backing store is full
#   Decrease Java heap size (-Xmx/-Xms)
#   Decrease number of Java threads
#   Decrease Java thread stack sizes (-Xss)
#   Set larger code cache with -XX:ReservedCodeCacheSize=
#   JVM is running with Unscaled Compressed Oops mode in which the Java heap is
#     placed in the first 4GB address space. The Java Heap base address is the
#     maximum limit for the native heap growth. Please use -XX:HeapBaseMinAddress
#     to set the Java Heap base and to place the Java Heap above 4GB virtual address.
# This output file may be truncated or incomplete.
#
#  Out of Memory Error (arena.cpp:189), pid=8108, tid=7284
#
# JRE version: OpenJDK Runtime Environment Temurin-17.0.4.1+1 (17.0.4.1+1) (build 17.0.4.1+1)
# Java VM: OpenJDK 64-Bit Server VM Temurin-17.0.4.1+1 (17.0.4.1+1, mixed mode, tiered, compressed oops, compressed class ptrs, g1 gc, windows-amd64)
# No core dump will be written. Minidumps are not enabled by default on client versions of Windows
#

---------------  S U M M A R Y ------------

Command Line: -Dfile.encoding=UTF-8 -XX:+ShowCodeDetailsInExceptionMessages com.SEP490_G9.Sep490G9Application

Host: Intel(R) Core(TM) i7-8550U CPU @ 1.80GHz, 8 cores, 7G,  Windows 10 , 64 bit Build 19041 (10.0.19041.2546)
Time: Mon Mar 20 21:25:28 2023 SE Asia Standard Time elapsed time: 23.183488 seconds (0d 0h 0m 23s)

---------------  T H R E A D  ---------------

Current thread (0x00000257e9c10900):  JavaThread "C2 CompilerThread1" daemon [_thread_in_native, id=7284, stack(0x000000aab2100000,0x000000aab2200000)]


Current CompileTask:
C2:  23183 7890   !   4       org.springframework.core.annotation.AnnotationsScanner::processClassHierarchy (234 bytes)

Stack: [0x000000aab2100000,0x000000aab2200000]
Native frames: (J=compiled Java code, j=interpreted, Vv=VM code, C=native code)
V  [jvm.dll+0x67731a]
V  [jvm.dll+0x832284]
V  [jvm.dll+0x833a2e]
V  [jvm.dll+0x834093]
V  [jvm.dll+0x245775]
V  [jvm.dll+0xabd7b]
V  [jvm.dll+0xac30c]
V  [jvm.dll+0x363a97]
V  [jvm.dll+0x1bbd52]
V  [jvm.dll+0x2187d9]
V  [jvm.dll+0x217aa1]
V  [jvm.dll+0x1a3f8d]
V  [jvm.dll+0x227498]
V  [jvm.dll+0x2255e5]
V  [jvm.dll+0x7e7e9b]
V  [jvm.dll+0x7e240a]
V  [jvm.dll+0x6761a5]
C  [ucrtbase.dll+0x21bb2]
C  [KERNEL32.DLL+0x17614]
C  [ntdll.dll+0x526a1]


---------------  P R O C E S S  ---------------

Threads class SMR info:
_java_thread_list=0x00000257e96edd00, length=18, elements={
0x00000257cdab1590, 0x00000257e84133e0, 0x00000257e79b4340, 0x00000257e843dcb0,
0x00000257e843f580, 0x00000257e8434110, 0x00000257e84386e0, 0x00000257e844c290,
0x00000257e844dba0, 0x00000257e84594a0, 0x00000257e85b5ad0, 0x00000257e85cd690,
0x00000257eba30220, 0x00000257eba30bc0, 0x00000257eba31560, 0x00000257eba2e070,
0x00000257eba2dba0, 0x00000257e9c10900
}

Java Threads: ( => current thread )
  0x00000257cdab1590 JavaThread "main" [_thread_in_Java, id=15004, stack(0x000000aab0300000,0x000000aab0400000)]
  0x00000257e84133e0 JavaThread "Reference Handler" daemon [_thread_blocked, id=6964, stack(0x000000aab0a00000,0x000000aab0b00000)]
  0x00000257e79b4340 JavaThread "Finalizer" daemon [_thread_blocked, id=6756, stack(0x000000aab0b00000,0x000000aab0c00000)]
  0x00000257e843dcb0 JavaThread "Signal Dispatcher" daemon [_thread_blocked, id=144, stack(0x000000aab0c00000,0x000000aab0d00000)]
  0x00000257e843f580 JavaThread "Attach Listener" daemon [_thread_blocked, id=11096, stack(0x000000aab0d00000,0x000000aab0e00000)]
  0x00000257e8434110 JavaThread "Service Thread" daemon [_thread_blocked, id=7840, stack(0x000000aab0e00000,0x000000aab0f00000)]
  0x00000257e84386e0 JavaThread "Monitor Deflation Thread" daemon [_thread_blocked, id=6768, stack(0x000000aab0f00000,0x000000aab1000000)]
  0x00000257e844c290 JavaThread "C2 CompilerThread0" daemon [_thread_in_native, id=6512, stack(0x000000aab1000000,0x000000aab1100000)]
  0x00000257e844dba0 JavaThread "C1 CompilerThread0" daemon [_thread_blocked, id=9708, stack(0x000000aab1100000,0x000000aab1200000)]
  0x00000257e84594a0 JavaThread "Sweeper thread" daemon [_thread_blocked, id=4636, stack(0x000000aab1200000,0x000000aab1300000)]
  0x00000257e85b5ad0 JavaThread "Notification Thread" daemon [_thread_blocked, id=8976, stack(0x000000aab1300000,0x000000aab1400000)]
  0x00000257e85cd690 JavaThread "Common-Cleaner" daemon [_thread_blocked, id=3500, stack(0x000000aab1500000,0x000000aab1600000)]
  0x00000257eba30220 JavaThread "HikariPool-1 housekeeper" daemon [_thread_blocked, id=7492, stack(0x000000aab1c00000,0x000000aab1d00000)]
  0x00000257eba30bc0 JavaThread "Catalina-utility-1" [_thread_blocked, id=6752, stack(0x000000aab2200000,0x000000aab2300000)]
  0x00000257eba31560 JavaThread "Catalina-utility-2" [_thread_blocked, id=15208, stack(0x000000aab2300000,0x000000aab2400000)]
  0x00000257eba2e070 JavaThread "container-0" [_thread_blocked, id=10636, stack(0x000000aab2400000,0x000000aab2500000)]
  0x00000257eba2dba0 JavaThread "Keep-Alive-Timer" daemon [_thread_blocked, id=8252, stack(0x000000aab1600000,0x000000aab1700000)]
=>0x00000257e9c10900 JavaThread "C2 CompilerThread1" daemon [_thread_in_native, id=7284, stack(0x000000aab2100000,0x000000aab2200000)]

Other Threads:
  0x00000257e79af150 VMThread "VM Thread" [stack: 0x000000aab0900000,0x000000aab0a00000] [id=14032]
  0x00000257e85b8be0 WatcherThread [stack: 0x000000aab1400000,0x000000aab1500000] [id=2724]
  0x00000257cdb0bed0 GCTaskThread "GC Thread#0" [stack: 0x000000aab0400000,0x000000aab0500000] [id=6560]
  0x00000257e9338360 GCTaskThread "GC Thread#1" [stack: 0x000000aab1700000,0x000000aab1800000] [id=3516]
  0x00000257e932adc0 GCTaskThread "GC Thread#2" [stack: 0x000000aab1800000,0x000000aab1900000] [id=2412]
  0x00000257e932b070 GCTaskThread "GC Thread#3" [stack: 0x000000aab1900000,0x000000aab1a00000] [id=10776]
  0x00000257e91b4c20 GCTaskThread "GC Thread#4" [stack: 0x000000aab1a00000,0x000000aab1b00000] [id=7156]
  0x00000257eb4c3640 GCTaskThread "GC Thread#5" [stack: 0x000000aab1d00000,0x000000aab1e00000] [id=10836]
  0x00000257ea0cfbc0 GCTaskThread "GC Thread#6" [stack: 0x000000aab1e00000,0x000000aab1f00000] [id=8220]
  0x00000257eb6193e0 GCTaskThread "GC Thread#7" [stack: 0x000000aab1f00000,0x000000aab2000000] [id=11744]
  0x00000257cdb1d1b0 ConcurrentGCThread "G1 Main Marker" [stack: 0x000000aab0500000,0x000000aab0600000] [id=2224]
  0x00000257cdb1dbc0 ConcurrentGCThread "G1 Conc#0" [stack: 0x000000aab0600000,0x000000aab0700000] [id=5140]
  0x00000257e9d51270 ConcurrentGCThread "G1 Conc#1" [stack: 0x000000aab2000000,0x000000aab2100000] [id=7456]
  0x00000257e78220c0 ConcurrentGCThread "G1 Refine#0" [stack: 0x000000aab0700000,0x000000aab0800000] [id=10692]
  0x00000257e7822ae0 ConcurrentGCThread "G1 Service" [stack: 0x000000aab0800000,0x000000aab0900000] [id=7300]

Threads with active compile tasks:
C2 CompilerThread0    23283 7891       4       org.springframework.beans.factory.support.AbstractBeanFactory::isTypeMatch (619 bytes)
C1 CompilerThread0    23283 8020       3       org.hibernate.validator.internal.metadata.location.ConstraintLocation$ConstraintLocationKind::of (93 bytes)
C2 CompilerThread1    23283 7890   !   4       org.springframework.core.annotation.AnnotationsScanner::processClassHierarchy (234 bytes)

VM state: not at safepoint (normal execution)

VM Mutex/Monitor currently owned by a thread: None

Heap address: 0x0000000082000000, size: 2016 MB, Compressed Oops mode: 32-bit

CDS archive(s) not mapped
Compressed class space mapped at: 0x0000000100000000-0x0000000140000000, reserved size: 1073741824
Narrow klass base: 0x0000000000000000, Narrow klass shift: 3, Narrow klass range: 0x140000000

GC Precious Log:
 CPUs: 8 total, 8 available
 Memory: 8057M
 Large Page Support: Disabled
 NUMA Support: Disabled
 Compressed Oops: Enabled (32-bit)
 Heap Region Size: 1M
 Heap Min Capacity: 8M
 Heap Initial Capacity: 126M
 Heap Max Capacity: 2016M
 Pre-touch: Disabled
 Parallel Workers: 8
 Concurrent Workers: 2
 Concurrent Refinement Workers: 8
 Periodic GC: Disabled

Heap:
 garbage-first heap   total 89088K, used 43718K [0x0000000082000000, 0x0000000100000000)
  region size 1024K, 14 young (14336K), 6 survivors (6144K)
 Metaspace       used 77647K, committed 78208K, reserved 1122304K
  class space    used 9965K, committed 10240K, reserved 1048576K

Heap Regions: E=young(eden), S=young(survivor), O=old, HS=humongous(starts), HC=humongous(continues), CS=collection set, F=free, OA=open archive, CA=closed archive, TAMS=top-at-mark-start (previous, next)
|   0|0x0000000082000000, 0x0000000082100000, 0x0000000082100000|100%|HS|  |TAMS 0x0000000082100000, 0x0000000082000000| Complete 
|   1|0x0000000082100000, 0x0000000082200000, 0x0000000082200000|100%| O|  |TAMS 0x0000000082200000, 0x0000000082100000| Untracked 
|   2|0x0000000082200000, 0x0000000082300000, 0x0000000082300000|100%| O|  |TAMS 0x0000000082300000, 0x0000000082200000| Untracked 
|   3|0x0000000082300000, 0x0000000082400000, 0x0000000082400000|100%| O|  |TAMS 0x0000000082400000, 0x0000000082300000| Untracked 
|   4|0x0000000082400000, 0x0000000082500000, 0x0000000082500000|100%| O|  |TAMS 0x0000000082500000, 0x0000000082400000| Untracked 
|   5|0x0000000082500000, 0x0000000082600000, 0x0000000082600000|100%| O|  |TAMS 0x0000000082600000, 0x0000000082500000| Untracked 
|   6|0x0000000082600000, 0x0000000082700000, 0x0000000082700000|100%| O|  |TAMS 0x0000000082700000, 0x0000000082600000| Untracked 
|   7|0x0000000082700000, 0x0000000082800000, 0x0000000082800000|100%| O|  |TAMS 0x0000000082800000, 0x0000000082700000| Untracked 
|   8|0x0000000082800000, 0x0000000082900000, 0x0000000082900000|100%| O|  |TAMS 0x0000000082900000, 0x0000000082800000| Untracked 
|   9|0x0000000082900000, 0x0000000082a00000, 0x0000000082a00000|100%| O|  |TAMS 0x0000000082a00000, 0x0000000082900000| Untracked 
|  10|0x0000000082a00000, 0x0000000082b00000, 0x0000000082b00000|100%| O|  |TAMS 0x0000000082b00000, 0x0000000082a00000| Untracked 
|  11|0x0000000082b00000, 0x0000000082c00000, 0x0000000082c00000|100%| O|  |TAMS 0x0000000082c00000, 0x0000000082b00000| Untracked 
|  12|0x0000000082c00000, 0x0000000082d00000, 0x0000000082d00000|100%| O|  |TAMS 0x0000000082d00000, 0x0000000082c00000| Untracked 
|  13|0x0000000082d00000, 0x0000000082e00000, 0x0000000082e00000|100%| O|  |TAMS 0x0000000082e00000, 0x0000000082d00000| Untracked 
|  14|0x0000000082e00000, 0x0000000082f00000, 0x0000000082f00000|100%| O|  |TAMS 0x0000000082f00000, 0x0000000082e00000| Untracked 
|  15|0x0000000082f00000, 0x0000000083000000, 0x0000000083000000|100%| O|  |TAMS 0x0000000083000000, 0x0000000082f00000| Untracked 
|  16|0x0000000083000000, 0x0000000083100000, 0x0000000083100000|100%| O|  |TAMS 0x0000000083100000, 0x0000000083000000| Untracked 
|  17|0x0000000083100000, 0x0000000083200000, 0x0000000083200000|100%| O|  |TAMS 0x0000000083200000, 0x0000000083100000| Untracked 
|  18|0x0000000083200000, 0x0000000083300000, 0x0000000083300000|100%| O|  |TAMS 0x0000000083300000, 0x0000000083200000| Untracked 
|  19|0x0000000083300000, 0x0000000083400000, 0x0000000083400000|100%| O|  |TAMS 0x0000000083400000, 0x0000000083300000| Untracked 
|  20|0x0000000083400000, 0x0000000083500000, 0x0000000083500000|100%| O|  |TAMS 0x0000000083500000, 0x0000000083400000| Untracked 
|  21|0x0000000083500000, 0x0000000083600000, 0x0000000083600000|100%| O|  |TAMS 0x00000000835a1400, 0x0000000083500000| Untracked 
|  22|0x0000000083600000, 0x0000000083700000, 0x0000000083700000|100%| O|  |TAMS 0x0000000083600000, 0x0000000083600000| Untracked 
|  23|0x0000000083700000, 0x0000000083800000, 0x0000000083800000|100%| O|  |TAMS 0x0000000083700000, 0x0000000083700000| Untracked 
|  24|0x0000000083800000, 0x0000000083900000, 0x0000000083900000|100%| O|  |TAMS 0x0000000083800000, 0x0000000083800000| Untracked 
|  25|0x0000000083900000, 0x0000000083a00000, 0x0000000083a00000|100%| O|  |TAMS 0x0000000083900000, 0x0000000083900000| Untracked 
|  26|0x0000000083a00000, 0x0000000083b00000, 0x0000000083b00000|100%| O|  |TAMS 0x0000000083a00000, 0x0000000083a00000| Untracked 
|  27|0x0000000083b00000, 0x0000000083c00000, 0x0000000083c00000|100%| O|  |TAMS 0x0000000083b00000, 0x0000000083b00000| Untracked 
|  28|0x0000000083c00000, 0x0000000083d00000, 0x0000000083d00000|100%| O|  |TAMS 0x0000000083c00000, 0x0000000083c00000| Untracked 
|  29|0x0000000083d00000, 0x0000000083e00000, 0x0000000083e00000|100%| O|  |TAMS 0x0000000083d00000, 0x0000000083d00000| Untracked 
|  30|0x0000000083e00000, 0x0000000083e0c800, 0x0000000083f00000|  4%| O|  |TAMS 0x0000000083e00000, 0x0000000083e00000| Untracked 
|  31|0x0000000083f00000, 0x0000000083f00000, 0x0000000084000000|  0%| F|  |TAMS 0x0000000083f00000, 0x0000000083f00000| Untracked 
|  32|0x0000000084000000, 0x0000000084000000, 0x0000000084100000|  0%| F|  |TAMS 0x0000000084000000, 0x0000000084000000| Untracked 
|  33|0x0000000084100000, 0x0000000084100000, 0x0000000084200000|  0%| F|  |TAMS 0x0000000084100000, 0x0000000084100000| Untracked 
|  34|0x0000000084200000, 0x0000000084200000, 0x0000000084300000|  0%| F|  |TAMS 0x0000000084200000, 0x0000000084200000| Untracked 
|  35|0x0000000084300000, 0x0000000084300000, 0x0000000084400000|  0%| F|  |TAMS 0x0000000084300000, 0x0000000084300000| Untracked 
|  36|0x0000000084400000, 0x00000000844a53b0, 0x0000000084500000| 64%| S|CS|TAMS 0x0000000084400000, 0x0000000084400000| Complete 
|  37|0x0000000084500000, 0x0000000084600000, 0x0000000084600000|100%| S|CS|TAMS 0x0000000084500000, 0x0000000084500000| Complete 
|  38|0x0000000084600000, 0x0000000084700000, 0x0000000084700000|100%| S|CS|TAMS 0x0000000084600000, 0x0000000084600000| Complete 
|  39|0x0000000084700000, 0x0000000084800000, 0x0000000084800000|100%| S|CS|TAMS 0x0000000084700000, 0x0000000084700000| Complete 
|  40|0x0000000084800000, 0x0000000084900000, 0x0000000084900000|100%| S|CS|TAMS 0x0000000084800000, 0x0000000084800000| Complete 
|  41|0x0000000084900000, 0x0000000084a00000, 0x0000000084a00000|100%| S|CS|TAMS 0x0000000084900000, 0x0000000084900000| Complete 
|  42|0x0000000084a00000, 0x0000000084a00000, 0x0000000084b00000|  0%| F|  |TAMS 0x0000000084a00000, 0x0000000084a00000| Untracked 
|  43|0x0000000084b00000, 0x0000000084b00000, 0x0000000084c00000|  0%| F|  |TAMS 0x0000000084b00000, 0x0000000084b00000| Untracked 
|  44|0x0000000084c00000, 0x0000000084c00000, 0x0000000084d00000|  0%| F|  |TAMS 0x0000000084c00000, 0x0000000084c00000| Untracked 
|  45|0x0000000084d00000, 0x0000000084d00000, 0x0000000084e00000|  0%| F|  |TAMS 0x0000000084d00000, 0x0000000084d00000| Untracked 
|  46|0x0000000084e00000, 0x0000000084e00000, 0x0000000084f00000|  0%| F|  |TAMS 0x0000000084e00000, 0x0000000084e00000| Untracked 
|  47|0x0000000084f00000, 0x0000000084f00000, 0x0000000085000000|  0%| F|  |TAMS 0x0000000084f00000, 0x0000000084f00000| Untracked 
|  48|0x0000000085000000, 0x0000000085000000, 0x0000000085100000|  0%| F|  |TAMS 0x0000000085000000, 0x0000000085000000| Untracked 
|  49|0x0000000085100000, 0x0000000085100000, 0x0000000085200000|  0%| F|  |TAMS 0x0000000085100000, 0x0000000085100000| Untracked 
|  50|0x0000000085200000, 0x0000000085200000, 0x0000000085300000|  0%| F|  |TAMS 0x0000000085200000, 0x0000000085200000| Untracked 
|  51|0x0000000085300000, 0x0000000085300000, 0x0000000085400000|  0%| F|  |TAMS 0x0000000085300000, 0x0000000085300000| Untracked 
|  52|0x0000000085400000, 0x0000000085400000, 0x0000000085500000|  0%| F|  |TAMS 0x0000000085400000, 0x0000000085400000| Untracked 
|  53|0x0000000085500000, 0x0000000085500000, 0x0000000085600000|  0%| F|  |TAMS 0x0000000085500000, 0x0000000085500000| Untracked 
|  54|0x0000000085600000, 0x0000000085600000, 0x0000000085700000|  0%| F|  |TAMS 0x0000000085600000, 0x0000000085600000| Untracked 
|  55|0x0000000085700000, 0x0000000085700000, 0x0000000085800000|  0%| F|  |TAMS 0x0000000085700000, 0x0000000085700000| Untracked 
|  56|0x0000000085800000, 0x0000000085800000, 0x0000000085900000|  0%| F|  |TAMS 0x0000000085800000, 0x0000000085800000| Untracked 
|  57|0x0000000085900000, 0x0000000085900000, 0x0000000085a00000|  0%| F|  |TAMS 0x0000000085900000, 0x0000000085900000| Untracked 
|  58|0x0000000085a00000, 0x0000000085a00000, 0x0000000085b00000|  0%| F|  |TAMS 0x0000000085a00000, 0x0000000085a00000| Untracked 
|  59|0x0000000085b00000, 0x0000000085b00000, 0x0000000085c00000|  0%| F|  |TAMS 0x0000000085b00000, 0x0000000085b00000| Untracked 
|  60|0x0000000085c00000, 0x0000000085c00000, 0x0000000085d00000|  0%| F|  |TAMS 0x0000000085c00000, 0x0000000085c00000| Untracked 
|  61|0x0000000085d00000, 0x0000000085d00000, 0x0000000085e00000|  0%| F|  |TAMS 0x0000000085d00000, 0x0000000085d00000| Untracked 
|  62|0x0000000085e00000, 0x0000000085e00000, 0x0000000085f00000|  0%| F|  |TAMS 0x0000000085e00000, 0x0000000085e00000| Untracked 
|  63|0x0000000085f00000, 0x0000000085f00000, 0x0000000086000000|  0%| F|  |TAMS 0x0000000085f00000, 0x0000000085f00000| Untracked 
|  64|0x0000000086000000, 0x0000000086000000, 0x0000000086100000|  0%| F|  |TAMS 0x0000000086000000, 0x0000000086000000| Untracked 
|  65|0x0000000086100000, 0x0000000086100000, 0x0000000086200000|  0%| F|  |TAMS 0x0000000086100000, 0x0000000086100000| Untracked 
|  66|0x0000000086200000, 0x0000000086200000, 0x0000000086300000|  0%| F|  |TAMS 0x0000000086200000, 0x0000000086200000| Untracked 
|  67|0x0000000086300000, 0x0000000086300000, 0x0000000086400000|  0%| F|  |TAMS 0x0000000086300000, 0x0000000086300000| Untracked 
|  68|0x0000000086400000, 0x0000000086400000, 0x0000000086500000|  0%| F|  |TAMS 0x0000000086400000, 0x0000000086400000| Untracked 
|  69|0x0000000086500000, 0x0000000086500000, 0x0000000086600000|  0%| F|  |TAMS 0x0000000086500000, 0x0000000086500000| Untracked 
|  70|0x0000000086600000, 0x0000000086600000, 0x0000000086700000|  0%| F|  |TAMS 0x0000000086600000, 0x0000000086600000| Untracked 
|  71|0x0000000086700000, 0x0000000086700000, 0x0000000086800000|  0%| F|  |TAMS 0x0000000086700000, 0x0000000086700000| Untracked 
|  72|0x0000000086800000, 0x0000000086800000, 0x0000000086900000|  0%| F|  |TAMS 0x0000000086800000, 0x0000000086800000| Untracked 
|  73|0x0000000086900000, 0x0000000086900000, 0x0000000086a00000|  0%| F|  |TAMS 0x0000000086900000, 0x0000000086900000| Untracked 
|  74|0x0000000086a00000, 0x0000000086a00000, 0x0000000086b00000|  0%| F|  |TAMS 0x0000000086a00000, 0x0000000086a00000| Untracked 
|  75|0x0000000086b00000, 0x0000000086b00000, 0x0000000086c00000|  0%| F|  |TAMS 0x0000000086b00000, 0x0000000086b00000| Untracked 
|  76|0x0000000086c00000, 0x0000000086c00000, 0x0000000086d00000|  0%| F|  |TAMS 0x0000000086c00000, 0x0000000086c00000| Untracked 
|  77|0x0000000086d00000, 0x0000000086d00000, 0x0000000086e00000|  0%| F|  |TAMS 0x0000000086d00000, 0x0000000086d00000| Untracked 
|  78|0x0000000086e00000, 0x0000000086e00000, 0x0000000086f00000|  0%| F|  |TAMS 0x0000000086e00000, 0x0000000086e00000| Untracked 
|  79|0x0000000086f00000, 0x0000000086f80800, 0x0000000087000000| 50%| E|  |TAMS 0x0000000086f00000, 0x0000000086f00000| Complete 
|  80|0x0000000087000000, 0x0000000087100000, 0x0000000087100000|100%| E|CS|TAMS 0x0000000087000000, 0x0000000087000000| Complete 
|  81|0x0000000087100000, 0x0000000087200000, 0x0000000087200000|100%| E|CS|TAMS 0x0000000087100000, 0x0000000087100000| Complete 
|  82|0x0000000087200000, 0x0000000087300000, 0x0000000087300000|100%| E|CS|TAMS 0x0000000087200000, 0x0000000087200000| Complete 
| 119|0x0000000089700000, 0x0000000089800000, 0x0000000089800000|100%| E|CS|TAMS 0x0000000089700000, 0x0000000089700000| Complete 
| 120|0x0000000089800000, 0x0000000089900000, 0x0000000089900000|100%| E|CS|TAMS 0x0000000089800000, 0x0000000089800000| Complete 
| 121|0x0000000089900000, 0x0000000089a00000, 0x0000000089a00000|100%| E|CS|TAMS 0x0000000089900000, 0x0000000089900000| Complete 
| 125|0x0000000089d00000, 0x0000000089e00000, 0x0000000089e00000|100%| E|CS|TAMS 0x0000000089d00000, 0x0000000089d00000| Complete 

Card table byte_map: [0x00000257e0890000,0x00000257e0c80000] _byte_map_base: 0x00000257e0480000

Marking Bits (Prev, Next): (CMBitMap*) 0x00000257cdb0c520, (CMBitMap*) 0x00000257cdb0c4e0
 Prev Bits: [0x00000257e2ff0000, 0x00000257e4f70000)
 Next Bits: [0x00000257e1070000, 0x00000257e2ff0000)

Polling page: 0x00000257cd280000

Metaspace:

Usage:
  Non-class:     66.10 MB used.
      Class:      9.73 MB used.
       Both:     75.84 MB used.

Virtual space:
  Non-class space:       72.00 MB reserved,      66.38 MB ( 92%) committed,  9 nodes.
      Class space:        1.00 GB reserved,      10.00 MB ( <1%) committed,  1 nodes.
             Both:        1.07 GB reserved,      76.38 MB (  7%) committed. 

Chunk freelists:
   Non-Class:  750.00 KB
       Class:  1.85 MB
        Both:  2.58 MB

MaxMetaspaceSize: unlimited
CompressedClassSpaceSize: 1.00 GB
Initial GC threshold: 21.00 MB
Current GC threshold: 98.44 MB
CDS: off
MetaspaceReclaimPolicy: balanced
 - commit_granule_bytes: 65536.
 - commit_granule_words: 8192.
 - virtual_space_node_default_size: 1048576.
 - enlarge_chunks_in_place: 1.
 - new_chunks_are_fully_committed: 0.
 - uncommit_free_chunks: 1.
 - use_allocation_guard: 0.
 - handle_deallocations: 1.


Internal statistics:

num_allocs_failed_limit: 11.
num_arena_births: 770.
num_arena_deaths: 0.
num_vsnodes_births: 10.
num_vsnodes_deaths: 0.
num_space_committed: 1222.
num_space_uncommitted: 0.
num_chunks_returned_to_freelist: 11.
num_chunks_taken_from_freelist: 3248.
num_chunk_merges: 11.
num_chunk_splits: 2273.
num_chunks_enlarged: 1722.
num_purges: 0.
num_inconsistent_stats: 0.

CodeHeap 'non-profiled nmethods': size=120000Kb used=4521Kb max_used=4521Kb free=115478Kb
 bounds [0x00000257d8c40000, 0x00000257d90b0000, 0x00000257e0170000]
CodeHeap 'profiled nmethods': size=120000Kb used=13575Kb max_used=13575Kb free=106424Kb
 bounds [0x00000257d1710000, 0x00000257d2460000, 0x00000257d8c40000]
CodeHeap 'non-nmethods': size=5760Kb used=1357Kb max_used=1461Kb free=4402Kb
 bounds [0x00000257d1170000, 0x00000257d13e0000, 0x00000257d1710000]
 total_blobs=7824 nmethods=7132 adapters=601
 compilation: enabled
              stopped_count=0, restarted_count=0
 full_count=0

Compilation events (20 events):
Event: 23.110 Thread 0x00000257e844dba0 nmethod 7997 0x00000257d2436f90 code [0x00000257d2437180, 0x00000257d24376f8]
Event: 23.110 Thread 0x00000257e844dba0 7998   !   3       org.springframework.boot.context.properties.ConfigurationPropertiesBindingPostProcessor::bind (67 bytes)
Event: 23.114 Thread 0x00000257e844dba0 nmethod 7998 0x00000257d2437910 code [0x00000257d2437cc0, 0x00000257d2439548]
Event: 23.114 Thread 0x00000257e844dba0 7999       3       org.springframework.aop.framework.autoproxy.AbstractAutoProxyCreator::postProcessProperties (2 bytes)
Event: 23.115 Thread 0x00000257e844dba0 nmethod 7999 0x00000257d2439e90 code [0x00000257d243a020, 0x00000257d243a138]
Event: 23.122 Thread 0x00000257e844dba0 8000       3       org.springframework.core.MethodParameter::adaptAnnotationArray (2 bytes)
Event: 23.122 Thread 0x00000257e844dba0 nmethod 8000 0x00000257d243a210 code [0x00000257d243a3a0, 0x00000257d243a4b8]
Event: 23.145 Thread 0x00000257e844dba0 8002       3       sun.reflect.generics.tree.MethodTypeSignature::<init> (26 bytes)
Event: 23.145 Thread 0x00000257e844dba0 nmethod 8002 0x00000257d243a590 code [0x00000257d243a740, 0x00000257d243aa18]
Event: 23.147 Thread 0x00000257e844dba0 8003       3       org.springframework.beans.factory.support.AbstractBeanFactory::requiresDestruction (45 bytes)
Event: 23.148 Thread 0x00000257e844dba0 nmethod 8003 0x00000257d243ab10 code [0x00000257d243ad20, 0x00000257d243b548]
Event: 23.148 Thread 0x00000257e844dba0 8004       3       org.springframework.context.support.ApplicationListenerDetector::requiresDestruction (5 bytes)
Event: 23.148 Thread 0x00000257e844dba0 nmethod 8004 0x00000257d243b790 code [0x00000257d243b920, 0x00000257d243bb38]
Event: 23.148 Thread 0x00000257e844dba0 8005   !   3       org.springframework.beans.factory.support.DefaultSingletonBeanRegistry::getSingleton (279 bytes)
Event: 23.152 Thread 0x00000257e844dba0 nmethod 8005 0x00000257d243bc10 code [0x00000257d243bfc0, 0x00000257d243dbd8]
Event: 23.166 Thread 0x00000257e844dba0 8007       3       org.springframework.boot.web.server.WebServerFactoryCustomizerBeanPostProcessor::postProcessBeforeInitialization (19 bytes)
Event: 23.170 Thread 0x00000257e844dba0 nmethod 8007 0x00000257d243e890 code [0x00000257d243ec00, 0x00000257d2440458]
Event: 23.171 Thread 0x00000257e844dba0 8008       3       org.springframework.boot.web.server.ErrorPageRegistrarBeanPostProcessor::postProcessBeforeInitialization (19 bytes)
Event: 23.171 Thread 0x00000257e844dba0 nmethod 8008 0x00000257d2440c10 code [0x00000257d2440dc0, 0x00000257d2441148]
Event: 23.179 Thread 0x00000257e844dba0 8009   !   3       org.springframework.beans.factory.support.AbstractAutowireCapableBeanFactory::applyPropertyValues (502 bytes)

GC Heap History (20 events):
Event: 12.780 GC heap before
{Heap before GC invocations=13 (full 0):
 garbage-first heap   total 61440K, used 48093K [0x0000000082000000, 0x0000000100000000)
  region size 1024K, 27 young (27648K), 2 survivors (2048K)
 Metaspace       used 52413K, committed 52800K, reserved 1097728K
  class space    used 6535K, committed 6720K, reserved 1048576K
}
Event: 12.797 GC heap after
{Heap after GC invocations=14 (full 0):
 garbage-first heap   total 61440K, used 24100K [0x0000000082000000, 0x0000000100000000)
  region size 1024K, 4 young (4096K), 4 survivors (4096K)
 Metaspace       used 52413K, committed 52800K, reserved 1097728K
  class space    used 6535K, committed 6720K, reserved 1048576K
}
Event: 13.882 GC heap before
{Heap before GC invocations=14 (full 0):
 garbage-first heap   total 61440K, used 46628K [0x0000000082000000, 0x0000000100000000)
  region size 1024K, 27 young (27648K), 4 survivors (4096K)
 Metaspace       used 56961K, committed 57408K, reserved 1105920K
  class space    used 7212K, committed 7424K, reserved 1048576K
}
Event: 13.899 GC heap after
{Heap after GC invocations=15 (full 0):
 garbage-first heap   total 61440K, used 25221K [0x0000000082000000, 0x0000000100000000)
  region size 1024K, 3 young (3072K), 3 survivors (3072K)
 Metaspace       used 56961K, committed 57408K, reserved 1105920K
  class space    used 7212K, committed 7424K, reserved 1048576K
}
Event: 14.399 GC heap before
{Heap before GC invocations=15 (full 0):
 garbage-first heap   total 61440K, used 36485K [0x0000000082000000, 0x0000000100000000)
  region size 1024K, 16 young (16384K), 3 survivors (3072K)
 Metaspace       used 59955K, committed 60288K, reserved 1105920K
  class space    used 7704K, committed 7872K, reserved 1048576K
}
Event: 14.413 GC heap after
{Heap after GC invocations=16 (full 0):
 garbage-first heap   total 73728K, used 25823K [0x0000000082000000, 0x0000000100000000)
  region size 1024K, 2 young (2048K), 2 survivors (2048K)
 Metaspace       used 59955K, committed 60288K, reserved 1105920K
  class space    used 7704K, committed 7872K, reserved 1048576K
}
Event: 15.577 GC heap before
{Heap before GC invocations=17 (full 0):
 garbage-first heap   total 73728K, used 57567K [0x0000000082000000, 0x0000000100000000)
  region size 1024K, 33 young (33792K), 2 survivors (2048K)
 Metaspace       used 62890K, committed 63296K, reserved 1105920K
  class space    used 8142K, committed 8320K, reserved 1048576K
}
Event: 15.591 GC heap after
{Heap after GC invocations=18 (full 0):
 garbage-first heap   total 73728K, used 26945K [0x0000000082000000, 0x0000000100000000)
  region size 1024K, 3 young (3072K), 3 survivors (3072K)
 Metaspace       used 62890K, committed 63296K, reserved 1105920K
  class space    used 8142K, committed 8320K, reserved 1048576K
}
Event: 16.791 GC heap before
{Heap before GC invocations=18 (full 0):
 garbage-first heap   total 73728K, used 58689K [0x0000000082000000, 0x0000000100000000)
  region size 1024K, 34 young (34816K), 3 survivors (3072K)
 Metaspace       used 67759K, committed 68224K, reserved 1114112K
  class space    used 8798K, committed 9024K, reserved 1048576K
}
Event: 16.809 GC heap after
{Heap after GC invocations=19 (full 0):
 garbage-first heap   total 73728K, used 29447K [0x0000000082000000, 0x0000000100000000)
  region size 1024K, 5 young (5120K), 5 survivors (5120K)
 Metaspace       used 67759K, committed 68224K, reserved 1114112K
  class space    used 8798K, committed 9024K, reserved 1048576K
}
Event: 17.278 GC heap before
{Heap before GC invocations=19 (full 0):
 garbage-first heap   total 73728K, used 58119K [0x0000000082000000, 0x0000000100000000)
  region size 1024K, 33 young (33792K), 5 survivors (5120K)
 Metaspace       used 68626K, committed 69120K, reserved 1114112K
  class space    used 8904K, committed 9152K, reserved 1048576K
}
Event: 17.285 GC heap after
{Heap after GC invocations=20 (full 0):
 garbage-first heap   total 73728K, used 31162K [0x0000000082000000, 0x0000000100000000)
  region size 1024K, 5 young (5120K), 5 survivors (5120K)
 Metaspace       used 68626K, committed 69120K, reserved 1114112K
  class space    used 8904K, committed 9152K, reserved 1048576K
}
Event: 17.521 GC heap before
{Heap before GC invocations=20 (full 0):
 garbage-first heap   total 73728K, used 57786K [0x0000000082000000, 0x0000000100000000)
  region size 1024K, 31 young (31744K), 5 survivors (5120K)
 Metaspace       used 68791K, committed 69312K, reserved 1114112K
  class space    used 8918K, committed 9152K, reserved 1048576K
}
Event: 17.527 GC heap after
{Heap after GC invocations=21 (full 0):
 garbage-first heap   total 73728K, used 31408K [0x0000000082000000, 0x0000000100000000)
  region size 1024K, 3 young (3072K), 3 survivors (3072K)
 Metaspace       used 68791K, committed 69312K, reserved 1114112K
  class space    used 8918K, committed 9152K, reserved 1048576K
}
Event: 18.179 GC heap before
{Heap before GC invocations=21 (full 0):
 garbage-first heap   total 73728K, used 59056K [0x0000000082000000, 0x0000000100000000)
  region size 1024K, 30 young (30720K), 3 survivors (3072K)
 Metaspace       used 69318K, committed 69824K, reserved 1114112K
  class space    used 8965K, committed 9216K, reserved 1048576K
}
Event: 18.185 GC heap after
{Heap after GC invocations=22 (full 0):
 garbage-first heap   total 89088K, used 31949K [0x0000000082000000, 0x0000000100000000)
  region size 1024K, 3 young (3072K), 3 survivors (3072K)
 Metaspace       used 69318K, committed 69824K, reserved 1114112K
  class space    used 8965K, committed 9216K, reserved 1048576K
}
Event: 18.680 GC heap before
{Heap before GC invocations=22 (full 0):
 garbage-first heap   total 89088K, used 71885K [0x0000000082000000, 0x0000000100000000)
  region size 1024K, 42 young (43008K), 3 survivors (3072K)
 Metaspace       used 69770K, committed 70272K, reserved 1114112K
  class space    used 9007K, committed 9280K, reserved 1048576K
}
Event: 18.686 GC heap after
{Heap after GC invocations=23 (full 0):
 garbage-first heap   total 89088K, used 32888K [0x0000000082000000, 0x0000000100000000)
  region size 1024K, 4 young (4096K), 4 survivors (4096K)
 Metaspace       used 69770K, committed 70272K, reserved 1114112K
  class space    used 9007K, committed 9280K, reserved 1048576K
}
Event: 22.884 GC heap before
{Heap before GC invocations=23 (full 0):
 garbage-first heap   total 89088K, used 73848K [0x0000000082000000, 0x0000000100000000)
  region size 1024K, 45 young (46080K), 4 survivors (4096K)
 Metaspace       used 76814K, committed 77376K, reserved 1122304K
  class space    used 9841K, committed 10112K, reserved 1048576K
}
Event: 22.896 GC heap after
{Heap after GC invocations=24 (full 0):
 garbage-first heap   total 89088K, used 36550K [0x0000000082000000, 0x0000000100000000)
  region size 1024K, 6 young (6144K), 6 survivors (6144K)
 Metaspace       used 76814K, committed 77376K, reserved 1122304K
  class space    used 9841K, committed 10112K, reserved 1048576K
}

Deoptimization events (20 events):
Event: 22.027 Thread 0x00000257cdab1590 DEOPT PACKING pc=0x00000257d8ffe988 sp=0x000000aab03fab00
Event: 22.027 Thread 0x00000257cdab1590 DEOPT UNPACKING pc=0x00000257d11c23a3 sp=0x000000aab03faa88 mode 2
Event: 22.027 Thread 0x00000257cdab1590 Uncommon trap: trap_request=0xffffffde fr.pc=0x00000257d8ffe988 relative=0x0000000000000168
Event: 22.027 Thread 0x00000257cdab1590 Uncommon trap: reason=class_check action=maybe_recompile pc=0x00000257d8ffe988 method=java.lang.reflect.Method.equals(Ljava/lang/Object;)Z @ 1 c2
Event: 22.027 Thread 0x00000257cdab1590 DEOPT PACKING pc=0x00000257d8ffe988 sp=0x000000aab03fab00
Event: 22.027 Thread 0x00000257cdab1590 DEOPT UNPACKING pc=0x00000257d11c23a3 sp=0x000000aab03faa88 mode 2
Event: 22.050 Thread 0x00000257cdab1590 Uncommon trap: trap_request=0xffffff45 fr.pc=0x00000257d8d2715c relative=0x000000000000043c
Event: 22.050 Thread 0x00000257cdab1590 Uncommon trap: reason=unstable_if action=reinterpret pc=0x00000257d8d2715c method=org.springframework.util.ObjectUtils.nullSafeEquals(Ljava/lang/Object;Ljava/lang/Object;)Z @ 12 c2
Event: 22.050 Thread 0x00000257cdab1590 DEOPT PACKING pc=0x00000257d8d2715c sp=0x000000aab03fca40
Event: 22.050 Thread 0x00000257cdab1590 DEOPT UNPACKING pc=0x00000257d11c23a3 sp=0x000000aab03fc9e0 mode 2
Event: 22.479 Thread 0x00000257cdab1590 Uncommon trap: trap_request=0xffffff45 fr.pc=0x00000257d90442b8 relative=0x0000000000000218
Event: 22.479 Thread 0x00000257cdab1590 Uncommon trap: reason=unstable_if action=reinterpret pc=0x00000257d90442b8 method=java.util.regex.Matcher.reset()Ljava/util/regex/Matcher; @ 71 c2
Event: 22.479 Thread 0x00000257cdab1590 DEOPT PACKING pc=0x00000257d90442b8 sp=0x000000aab03f9380
Event: 22.479 Thread 0x00000257cdab1590 DEOPT UNPACKING pc=0x00000257d11c23a3 sp=0x000000aab03f9308 mode 2
Event: 22.797 Thread 0x00000257cdab1590 Uncommon trap: trap_request=0xffffff45 fr.pc=0x00000257d8cec674 relative=0x00000000000013b4
Event: 22.797 Thread 0x00000257cdab1590 Uncommon trap: reason=unstable_if action=reinterpret pc=0x00000257d8cec674 method=java.util.concurrent.ConcurrentHashMap.transfer([Ljava/util/concurrent/ConcurrentHashMap$Node;[Ljava/util/concurrent/ConcurrentHashMap$Node;)V @ 352 c2
Event: 22.797 Thread 0x00000257cdab1590 DEOPT PACKING pc=0x00000257d8cec674 sp=0x000000aab03f4690
Event: 22.797 Thread 0x00000257cdab1590 DEOPT UNPACKING pc=0x00000257d11c23a3 sp=0x000000aab03f4618 mode 2
Event: 23.056 Thread 0x00000257cdab1590 DEOPT PACKING pc=0x00000257d1eab4c6 sp=0x000000aab03fc1c0
Event: 23.056 Thread 0x00000257cdab1590 DEOPT UNPACKING pc=0x00000257d11c2b43 sp=0x000000aab03fb760 mode 0

Classes unloaded (0 events):
No events

Classes redefined (0 events):
No events

Internal exceptions (20 events):
Event: 16.651 Thread 0x00000257cdab1590 Exception <a 'java/lang/reflect/InvocationTargetException'{0x0000000084cfe2d8}> (0x0000000084cfe2d8) 
thrown [s\src\hotspot\share\runtime\reflection.cpp, line 1121]
Event: 16.660 Thread 0x00000257cdab1590 Exception <a 'java/lang/reflect/InvocationTargetException'{0x0000000084b1d7b8}> (0x0000000084b1d7b8) 
thrown [s\src\hotspot\share\runtime\reflection.cpp, line 1121]
Event: 16.667 Thread 0x00000257cdab1590 Exception <a 'java/lang/reflect/InvocationTargetException'{0x0000000084b32938}> (0x0000000084b32938) 
thrown [s\src\hotspot\share\runtime\reflection.cpp, line 1121]
Event: 16.934 Thread 0x00000257cdab1590 Exception <a 'java/lang/NoSuchMethodError'{0x000000008971aae8}: 'long java.lang.invoke.DirectMethodHandle$Holder.invokeVirtual(java.lang.Object, java.lang.Object)'> (0x000000008971aae8) 
thrown [s\src\hotspot\share\interpreter\linkResolver.cpp, line 759]
Event: 17.059 Thread 0x00000257cdab1590 Exception <a 'java/lang/reflect/InvocationTargetException'{0x0000000085d07be8}> (0x0000000085d07be8) 
thrown [s\src\hotspot\share\runtime\reflection.cpp, line 1121]
Event: 17.223 Thread 0x00000257cdab1590 Exception <a 'java/lang/reflect/InvocationTargetException'{0x0000000085371678}> (0x0000000085371678) 
thrown [s\src\hotspot\share\runtime\reflection.cpp, line 1121]
Event: 17.258 Thread 0x00000257cdab1590 Exception <a 'java/lang/reflect/InvocationTargetException'{0x0000000084ef6d38}> (0x0000000084ef6d38) 
thrown [s\src\hotspot\share\runtime\reflection.cpp, line 1121]
Event: 17.312 Thread 0x00000257cdab1590 Exception <a 'java/lang/reflect/InvocationTargetException'{0x0000000086176370}> (0x0000000086176370) 
thrown [s\src\hotspot\share\runtime\reflection.cpp, line 1121]
Event: 17.318 Thread 0x00000257cdab1590 Exception <a 'java/lang/reflect/InvocationTargetException'{0x0000000086191380}> (0x0000000086191380) 
thrown [s\src\hotspot\share\runtime\reflection.cpp, line 1121]
Event: 17.321 Thread 0x00000257cdab1590 Exception <a 'java/lang/reflect/InvocationTargetException'{0x000000008619c820}> (0x000000008619c820) 
thrown [s\src\hotspot\share\runtime\reflection.cpp, line 1121]
Event: 17.326 Thread 0x00000257cdab1590 Exception <a 'java/lang/reflect/InvocationTargetException'{0x00000000861af428}> (0x00000000861af428) 
thrown [s\src\hotspot\share\runtime\reflection.cpp, line 1121]
Event: 17.392 Thread 0x00000257cdab1590 Exception <a 'java/lang/reflect/InvocationTargetException'{0x0000000085756c18}> (0x0000000085756c18) 
thrown [s\src\hotspot\share\runtime\reflection.cpp, line 1121]
Event: 17.395 Thread 0x00000257cdab1590 Exception <a 'java/lang/reflect/InvocationTargetException'{0x00000000857611b0}> (0x00000000857611b0) 
thrown [s\src\hotspot\share\runtime\reflection.cpp, line 1121]
Event: 17.398 Thread 0x00000257cdab1590 Exception <a 'java/lang/reflect/InvocationTargetException'{0x000000008576c060}> (0x000000008576c060) 
thrown [s\src\hotspot\share\runtime\reflection.cpp, line 1121]
Event: 17.400 Thread 0x00000257cdab1590 Exception <a 'java/lang/reflect/InvocationTargetException'{0x0000000085776518}> (0x0000000085776518) 
thrown [s\src\hotspot\share\runtime\reflection.cpp, line 1121]
Event: 17.404 Thread 0x00000257cdab1590 Exception <a 'java/lang/reflect/InvocationTargetException'{0x0000000085782480}> (0x0000000085782480) 
thrown [s\src\hotspot\share\runtime\reflection.cpp, line 1121]
Event: 17.625 Thread 0x00000257cdab1590 Exception <a 'java/io/FileNotFoundException'{0x00000000862f2a58}> (0x00000000862f2a58) 
thrown [s\src\hotspot\share\prims\jni.cpp, line 516]
Event: 17.626 Thread 0x00000257cdab1590 Exception <a 'java/io/FileNotFoundException'{0x00000000862fdf80}> (0x00000000862fdf80) 
thrown [s\src\hotspot\share\prims\jni.cpp, line 516]
Event: 22.050 Thread 0x00000257cdab1590 Implicit null exception at 0x00000257d8d26d46 to 0x00000257d8d27145
Event: 22.974 Thread 0x00000257cdab1590 Exception <a 'java/lang/IncompatibleClassChangeError'{0x0000000089876df8}: Found class java.lang.Object, but interface was expected> (0x0000000089876df8) 
thrown [s\src\hotspot\share\interpreter\linkResolver.cpp, line 826]

VM Operations (20 events):
Event: 21.232 Executing VM operation: Cleanup
Event: 21.232 Executing VM operation: Cleanup done
Event: 21.674 Executing VM operation: HandshakeAllThreads
Event: 21.674 Executing VM operation: HandshakeAllThreads done
Event: 21.677 Executing VM operation: HandshakeAllThreads
Event: 21.677 Executing VM operation: HandshakeAllThreads done
Event: 21.903 Executing VM operation: HandshakeAllThreads
Event: 21.903 Executing VM operation: HandshakeAllThreads done
Event: 21.917 Executing VM operation: ICBufferFull
Event: 21.917 Executing VM operation: ICBufferFull done
Event: 22.395 Executing VM operation: HandshakeAllThreads
Event: 22.395 Executing VM operation: HandshakeAllThreads done
Event: 22.495 Executing VM operation: HandshakeAllThreads
Event: 22.495 Executing VM operation: HandshakeAllThreads done
Event: 22.589 Executing VM operation: HandshakeAllThreads
Event: 22.590 Executing VM operation: HandshakeAllThreads done
Event: 22.593 Executing VM operation: HandshakeAllThreads
Event: 22.593 Executing VM operation: HandshakeAllThreads done
Event: 22.883 Executing VM operation: G1CollectForAllocation
Event: 22.896 Executing VM operation: G1CollectForAllocation done

Events (20 events):
Event: 21.832 loading class java/util/concurrent/ConcurrentHashMap$TreeNode done
Event: 21.832 loading class java/util/concurrent/ConcurrentHashMap$TreeBin
Event: 21.832 loading class java/util/concurrent/ConcurrentHashMap$TreeBin done
Event: 21.913 Thread 0x00000257e84594a0 flushing nmethod 0x00000257d18eb110
Event: 21.914 Thread 0x00000257e84594a0 flushing nmethod 0x00000257d19ad810
Event: 21.926 Thread 0x00000257e84594a0 flushing nmethod 0x00000257d1f0cc10
Event: 21.928 Thread 0x00000257e84594a0 flushing nmethod 0x00000257d20a2390
Event: 21.928 Thread 0x00000257e84594a0 flushing nmethod 0x00000257d20b0810
Event: 22.560 loading class java/util/Comparators$NullComparator
Event: 22.560 loading class java/util/Comparators$NullComparator done
Event: 22.688 loading class java/util/HashMap$EntrySpliterator
Event: 22.693 loading class java/util/HashMap$EntrySpliterator done
Event: 22.880 loading class java/util/EnumMap$EntrySet
Event: 22.880 loading class java/util/EnumMap$EntrySet done
Event: 22.880 loading class java/util/EnumMap$EntryIterator
Event: 22.880 loading class java/util/EnumMap$EnumMapIterator
Event: 22.880 loading class java/util/EnumMap$EnumMapIterator done
Event: 22.880 loading class java/util/EnumMap$EntryIterator done
Event: 22.899 loading class java/lang/reflect/MalformedParametersException
Event: 22.899 loading class java/lang/reflect/MalformedParametersException done


Dynamic libraries:
0x00007ff784a60000 - 0x00007ff784a6e000 	C:\Users\MyPC\.p2\pool\plugins\org.eclipse.justj.openjdk.hotspot.jre.full.win32.x86_64_17.0.4.v20220903-1038\jre\bin\javaw.exe
0x00007ffae44f0000 - 0x00007ffae46e8000 	C:\WINDOWS\SYSTEM32\ntdll.dll
0x00007ffae2850000 - 0x00007ffae290f000 	C:\WINDOWS\System32\KERNEL32.DLL
0x00007ffae1d80000 - 0x00007ffae2052000 	C:\WINDOWS\System32\KERNELBASE.dll
0x00007ffae2300000 - 0x00007ffae2400000 	C:\WINDOWS\System32\ucrtbase.dll
0x00007ffad0150000 - 0x00007ffad0168000 	C:\Users\MyPC\.p2\pool\plugins\org.eclipse.justj.openjdk.hotspot.jre.full.win32.x86_64_17.0.4.v20220903-1038\jre\bin\jli.dll
0x00007ffacfb90000 - 0x00007ffacfba9000 	C:\Users\MyPC\.p2\pool\plugins\org.eclipse.justj.openjdk.hotspot.jre.full.win32.x86_64_17.0.4.v20220903-1038\jre\bin\VCRUNTIME140.dll
0x00007ffae2910000 - 0x00007ffae2ab1000 	C:\WINDOWS\System32\USER32.dll
0x00007ffae2060000 - 0x00007ffae2082000 	C:\WINDOWS\System32\win32u.dll
0x00007ffad6c20000 - 0x00007ffad6eba000 	C:\WINDOWS\WinSxS\amd64_microsoft.windows.common-controls_6595b64144ccf1df_6.0.19041.1110_none_60b5254171f9507e\COMCTL32.dll
0x00007ffae2ac0000 - 0x00007ffae2aeb000 	C:\WINDOWS\System32\GDI32.dll
0x00007ffae3040000 - 0x00007ffae30de000 	C:\WINDOWS\System32\msvcrt.dll
0x00007ffae21f0000 - 0x00007ffae22ff000 	C:\WINDOWS\System32\gdi32full.dll
0x00007ffae1c70000 - 0x00007ffae1d0d000 	C:\WINDOWS\System32\msvcp_win.dll
0x00007ffae2c20000 - 0x00007ffae2c50000 	C:\WINDOWS\System32\IMM32.DLL
0x00007ffadcc30000 - 0x00007ffadcc3c000 	C:\Users\MyPC\.p2\pool\plugins\org.eclipse.justj.openjdk.hotspot.jre.full.win32.x86_64_17.0.4.v20220903-1038\jre\bin\vcruntime140_1.dll
0x00007ffacb7e0000 - 0x00007ffacb871000 	C:\Users\MyPC\.p2\pool\plugins\org.eclipse.justj.openjdk.hotspot.jre.full.win32.x86_64_17.0.4.v20220903-1038\jre\bin\msvcp140.dll
0x00007ffa97af0000 - 0x00007ffa98736000 	C:\Users\MyPC\.p2\pool\plugins\org.eclipse.justj.openjdk.hotspot.jre.full.win32.x86_64_17.0.4.v20220903-1038\jre\bin\server\jvm.dll
0x00007ffae3320000 - 0x00007ffae33ce000 	C:\WINDOWS\System32\ADVAPI32.dll
0x00007ffae30e0000 - 0x00007ffae317c000 	C:\WINDOWS\System32\sechost.dll
0x00007ffae3180000 - 0x00007ffae32a4000 	C:\WINDOWS\System32\RPCRT4.dll
0x00007ffae2840000 - 0x00007ffae2848000 	C:\WINDOWS\System32\PSAPI.DLL
0x00007ffad0040000 - 0x00007ffad0049000 	C:\WINDOWS\SYSTEM32\WSOCK32.dll
0x00007ffadc5a0000 - 0x00007ffadc5aa000 	C:\WINDOWS\SYSTEM32\VERSION.dll
0x00007ffad4410000 - 0x00007ffad4437000 	C:\WINDOWS\SYSTEM32\WINMM.dll
0x00007ffae2770000 - 0x00007ffae27db000 	C:\WINDOWS\System32\WS2_32.dll
0x00007ffae0490000 - 0x00007ffae04a2000 	C:\WINDOWS\SYSTEM32\kernel.appcore.dll
0x00007ffadeec0000 - 0x00007ffadeeca000 	C:\Users\MyPC\.p2\pool\plugins\org.eclipse.justj.openjdk.hotspot.jre.full.win32.x86_64_17.0.4.v20220903-1038\jre\bin\jimage.dll
0x00007ffadf9a0000 - 0x00007ffadfb84000 	C:\WINDOWS\SYSTEM32\DBGHELP.DLL
0x00007fface090000 - 0x00007fface0c5000 	C:\WINDOWS\SYSTEM32\dbgcore.DLL
0x00007ffae2400000 - 0x00007ffae2482000 	C:\WINDOWS\System32\bcryptPrimitives.dll
0x00007ffadc920000 - 0x00007ffadc945000 	C:\Users\MyPC\.p2\pool\plugins\org.eclipse.justj.openjdk.hotspot.jre.full.win32.x86_64_17.0.4.v20220903-1038\jre\bin\java.dll
0x00007ffadca20000 - 0x00007ffadca38000 	C:\Users\MyPC\.p2\pool\plugins\org.eclipse.justj.openjdk.hotspot.jre.full.win32.x86_64_17.0.4.v20220903-1038\jre\bin\zip.dll
0x00007ffae3c00000 - 0x00007ffae4345000 	C:\WINDOWS\System32\SHELL32.dll
0x00007ffadfc90000 - 0x00007ffae0422000 	C:\WINDOWS\SYSTEM32\windows.storage.dll
0x00007ffae38a0000 - 0x00007ffae3bf5000 	C:\WINDOWS\System32\combase.dll
0x00007ffae1650000 - 0x00007ffae1680000 	C:\WINDOWS\SYSTEM32\Wldp.dll
0x00007ffae26c0000 - 0x00007ffae276d000 	C:\WINDOWS\System32\SHCORE.dll
0x00007ffae27e0000 - 0x00007ffae2835000 	C:\WINDOWS\System32\shlwapi.dll
0x00007ffae1b30000 - 0x00007ffae1b4f000 	C:\WINDOWS\SYSTEM32\profapi.dll
0x00007ffadc8f0000 - 0x00007ffadc909000 	C:\Users\MyPC\.p2\pool\plugins\org.eclipse.justj.openjdk.hotspot.jre.full.win32.x86_64_17.0.4.v20220903-1038\jre\bin\net.dll
0x00007ffad93b0000 - 0x00007ffad94ba000 	C:\WINDOWS\SYSTEM32\WINHTTP.dll
0x00007ffae13b0000 - 0x00007ffae141a000 	C:\WINDOWS\system32\mswsock.dll
0x00007ffada150000 - 0x00007ffada165000 	C:\Users\MyPC\.p2\pool\plugins\org.eclipse.justj.openjdk.hotspot.jre.full.win32.x86_64_17.0.4.v20220903-1038\jre\bin\nio.dll
0x00007ffadcf80000 - 0x00007ffadcf90000 	C:\Users\MyPC\.p2\pool\plugins\org.eclipse.justj.openjdk.hotspot.jre.full.win32.x86_64_17.0.4.v20220903-1038\jre\bin\verify.dll
0x00007ffae15b0000 - 0x00007ffae15c8000 	C:\WINDOWS\SYSTEM32\CRYPTSP.dll
0x00007ffae0c60000 - 0x00007ffae0c94000 	C:\WINDOWS\system32\rsaenh.dll
0x00007ffae1c40000 - 0x00007ffae1c67000 	C:\WINDOWS\System32\bcrypt.dll
0x00007ffae1af0000 - 0x00007ffae1b1e000 	C:\WINDOWS\SYSTEM32\USERENV.dll
0x00007ffae15a0000 - 0x00007ffae15ac000 	C:\WINDOWS\SYSTEM32\CRYPTBASE.dll
0x00007ffae1050000 - 0x00007ffae108b000 	C:\WINDOWS\SYSTEM32\IPHLPAPI.DLL
0x00007ffae3310000 - 0x00007ffae3318000 	C:\WINDOWS\System32\NSI.dll
0x00007ffada860000 - 0x00007ffada877000 	C:\WINDOWS\SYSTEM32\dhcpcsvc6.DLL
0x00007ffadb620000 - 0x00007ffadb63d000 	C:\WINDOWS\SYSTEM32\dhcpcsvc.DLL
0x00007ffae10a0000 - 0x00007ffae116b000 	C:\WINDOWS\SYSTEM32\DNSAPI.dll
0x00007ffadc8e0000 - 0x00007ffadc8ee000 	C:\Users\MyPC\.p2\pool\plugins\org.eclipse.justj.openjdk.hotspot.jre.full.win32.x86_64_17.0.4.v20220903-1038\jre\bin\sunmscapi.dll
0x00007ffae2090000 - 0x00007ffae21e6000 	C:\WINDOWS\System32\CRYPT32.dll
0x00007ffae16c0000 - 0x00007ffae16e7000 	C:\WINDOWS\SYSTEM32\ncrypt.dll
0x00007ffae1680000 - 0x00007ffae16bb000 	C:\WINDOWS\SYSTEM32\NTASN1.dll
0x00007ffadc550000 - 0x00007ffadc559000 	C:\Users\MyPC\.p2\pool\plugins\org.eclipse.justj.openjdk.hotspot.jre.full.win32.x86_64_17.0.4.v20220903-1038\jre\bin\management.dll
0x00007ffadaa70000 - 0x00007ffadaa7b000 	C:\Users\MyPC\.p2\pool\plugins\org.eclipse.justj.openjdk.hotspot.jre.full.win32.x86_64_17.0.4.v20220903-1038\jre\bin\management_ext.dll
0x00007ffad7cf0000 - 0x00007ffad7cfa000 	C:\Windows\System32\rasadhlp.dll
0x00007ffad8570000 - 0x00007ffad85f0000 	C:\WINDOWS\System32\fwpuclnt.dll

dbghelp: loaded successfully - version: 4.0.5 - missing functions: none
symbol engine: initialized successfully - sym options: 0x614 - pdb path: .;C:\Users\MyPC\.p2\pool\plugins\org.eclipse.justj.openjdk.hotspot.jre.full.win32.x86_64_17.0.4.v20220903-1038\jre\bin;C:\WINDOWS\SYSTEM32;C:\WINDOWS\WinSxS\amd64_microsoft.windows.common-controls_6595b64144ccf1df_6.0.19041.1110_none_60b5254171f9507e;C:\Users\MyPC\.p2\pool\plugins\org.eclipse.justj.openjdk.hotspot.jre.full.win32.x86_64_17.0.4.v20220903-1038\jre\bin\server

VM Arguments:
jvm_args: -Dfile.encoding=UTF-8 -XX:+ShowCodeDetailsInExceptionMessages 
java_command: com.SEP490_G9.Sep490G9Application
java_class_path (initial): C:\Users\MyPC\Documents\GitHub\SEP490_G9-Capstone_project_sp23\target\classes;C:\Users\MyPC\.p2\pool\plugins\org.junit_4.13.2.v20211018-1956.jar;C:\Users\MyPC\.p2\pool\plugins\org.hamcrest.core_1.3.0.v20180420-1519.jar;C:\Users\MyPC\.m2\repository\org\springframework\boot\spring-boot-starter-data-jpa\3.0.1\spring-boot-starter-data-jpa-3.0.1.jar;C:\Users\MyPC\.m2\repository\org\springframework\boot\spring-boot-starter-aop\3.0.1\spring-boot-starter-aop-3.0.1.jar;C:\Users\MyPC\.m2\repository\org\aspectj\aspectjweaver\1.9.19\aspectjweaver-1.9.19.jar;C:\Users\MyPC\.m2\repository\org\springframework\boot\spring-boot-starter-jdbc\3.0.1\spring-boot-starter-jdbc-3.0.1.jar;C:\Users\MyPC\.m2\repository\com\zaxxer\HikariCP\5.0.1\HikariCP-5.0.1.jar;C:\Users\MyPC\.m2\repository\org\springframework\spring-jdbc\6.0.3\spring-jdbc-6.0.3.jar;C:\Users\MyPC\.m2\repository\org\hibernate\orm\hibernate-core\6.1.6.Final\hibernate-core-6.1.6.Final.jar;C:\Users\MyPC\.m2\repository\jakarta\persistence\jakarta.persistence-api\3.1.0\jakarta.persistence-api-3.1.0.jar;C:\Users\MyPC\.m2\repository\jakarta\transaction\jakarta.transaction-api\2.0.1\jakarta.transaction-api-2.0.1.jar;C:\Users\MyPC\.m2\repository\org\jboss\logging\jboss-logging\3.5.0.Final\jboss-logging-3.5.0.Final.jar;C:\Users\MyPC\.m2\repository\org\hibernate\common\hibernate-commons-annotations\6.0.2.Final\hibernate-commons-annotations-6.0.2.Final.jar;C:\Users\MyPC\.m2\repository\org\jboss\jandex\2.4.2.Final\jandex-2.4.2.Final.jar;C:\Users\MyPC\.m2\repository\com\fasterxml\classmate\1.5.1\classmate-1.5.1.jar;C:\Users\MyPC\.m2\repository\org\glassfish\jaxb\jaxb-runtime\4.0.1\jaxb-runtime-4.0.1.jar;C:\Users\MyPC\.m2\repository\org\glassfish\jaxb\jaxb-core\4.0.1\jaxb-core-4.0.1.jar;C:\Users\MyPC\.m2\repository\org\glassfish\jaxb\txw2\4.0.1\txw2-4.0.1.jar;C:\Users\MyPC\.m2\repository\com\sun\istack\istack-commons-runtime\4.1.1\istack-commons-runtime-4.1.1.jar;C:\Users\MyPC\.m2\repository\jakarta\inject\jakart
Launcher Type: SUN_STANDARD

[Global flags]
     intx CICompilerCount                          = 4                                         {product} {ergonomic}
     uint ConcGCThreads                            = 2                                         {product} {ergonomic}
     uint G1ConcRefinementThreads                  = 8                                         {product} {ergonomic}
   size_t G1HeapRegionSize                         = 1048576                                   {product} {ergonomic}
    uintx GCDrainStackTargetSize                   = 64                                        {product} {ergonomic}
   size_t InitialHeapSize                          = 132120576                                 {product} {ergonomic}
   size_t MarkStackSize                            = 4194304                                   {product} {ergonomic}
   size_t MaxHeapSize                              = 2113929216                                {product} {ergonomic}
   size_t MaxNewSize                               = 1267728384                                {product} {ergonomic}
   size_t MinHeapDeltaBytes                        = 1048576                                   {product} {ergonomic}
   size_t MinHeapSize                              = 8388608                                   {product} {ergonomic}
    uintx NonNMethodCodeHeapSize                   = 5839372                                {pd product} {ergonomic}
    uintx NonProfiledCodeHeapSize                  = 122909434                              {pd product} {ergonomic}
    uintx ProfiledCodeHeapSize                     = 122909434                              {pd product} {ergonomic}
    uintx ReservedCodeCacheSize                    = 251658240                              {pd product} {ergonomic}
     bool SegmentedCodeCache                       = true                                      {product} {ergonomic}
     bool ShowCodeDetailsInExceptionMessages       = true                                   {manageable} {command line}
   size_t SoftMaxHeapSize                          = 2113929216                             {manageable} {ergonomic}
     bool UseCompressedClassPointers               = true                           {product lp64_product} {ergonomic}
     bool UseCompressedOops                        = true                           {product lp64_product} {ergonomic}
     bool UseG1GC                                  = true                                      {product} {ergonomic}
     bool UseLargePagesIndividualAllocation        = false                                  {pd product} {ergonomic}

Logging:
Log output configuration:
 #0: stdout all=warning uptime,level,tags
 #1: stderr all=off uptime,level,tags

Environment Variables:
JAVA_HOME=C:\Program Files\Java\jdk1.8.0_202
PATH=C:/Users/MyPC/.p2/pool/plugins/org.eclipse.justj.openjdk.hotspot.jre.full.win32.x86_64_17.0.4.v20220903-1038/jre/bin/server;C:/Users/MyPC/.p2/pool/plugins/org.eclipse.justj.openjdk.hotspot.jre.full.win32.x86_64_17.0.4.v20220903-1038/jre/bin;C:\Program Files\Java\jdk1.8.0_202\bin;C:\Users\MyPC\apache-maven-3.8.6\bin;C:\ProgramData\chocolatey\bin;C:\Program Files\Git\bin\;C:\Program Files\Git\cmd\;C:\Program Files\nodejs\;C:\Program Files\Microsoft SQL Server\Client SDK\ODBC\170\Tools\Binn\;C:\Program Files\Microsoft SQL Server\150\DTS\Binn\;C:\Program Files\Git\bin\;C:\Program Files\Git\cmd\;C:\Program Files (x86)\Git\cmd;C:\Program Files\MySQL\MySQL Shell 8.0\bin\;C:\Users\MyPC\AppData\Local\Microsoft\WindowsApps;C:\Program Files\Azure Data Studio\bin;C:\Program Files\Azure Data Studio\bin;C:\Users\MyPC\AppData\Local\JetBrains\Toolbox\scripts;C:\Users\MyPC\AppData\Local\GitHubDesktop\bin;C:\Users\MyPC\AppData\Roaming\npm;C:\Users\MyPC\AppData\Roaming\npm\node_modules\@angular\cli\bin;;C:\Users\MyPC\AppData\Local\Programs\Microsoft VS Code\bin;C:\WINDOWS\system32;
USERNAME=MyPC
OS=Windows_NT
PROCESSOR_IDENTIFIER=Intel64 Family 6 Model 142 Stepping 10, GenuineIntel
TMP=C:\Users\MyPC\AppData\Local\Temp
TEMP=C:\Users\MyPC\AppData\Local\Temp



---------------  S Y S T E M  ---------------

OS:
 Windows 10 , 64 bit Build 19041 (10.0.19041.2546)
OS uptime: 0 days 1:45 hours

CPU: total 8 (initial active 8) (4 cores per cpu, 2 threads per core) family 6 model 142 stepping 10 microcode 0xb4, cx8, cmov, fxsr, ht, mmx, 3dnowpref, sse, sse2, sse3, ssse3, sse4.1, sse4.2, popcnt, lzcnt, tsc, tscinvbit, avx, avx2, aes, erms, clmul, bmi1, bmi2, adx, fma, vzeroupper, clflush, clflushopt

Memory: 4k page, system-wide physical 8057M (439M free)
TotalPageFile size 11944M (AvailPageFile size 8M)
current process WorkingSet (physical memory assigned to process): 288M, peak: 291M
current process commit charge ("private bytes"): 321M, peak: 323M

vm_info: OpenJDK 64-Bit Server VM (17.0.4.1+1) for windows-amd64 JRE (17.0.4.1+1), built on Aug 17 2022 07:42:43 by "temurin" with MS VC++ 16.7 (VS2019)

END.
