#
# There is insufficient memory for the Java Runtime Environment to continue.
# Native memory allocation (malloc) failed to allocate 65552 bytes for Chunk::new
# Possible reasons:
#   The system is out of physical RAM or swap space
#   The process is running with CompressedOops enabled, and the Java Heap may be blocking the growth of the native heap
# Possible solutions:
#   Reduce memory load on the system
#   Increase physical memory or swap space
#   Check if swap backing store is full
#   Decrease Java heap size (-Xmx/-Xms)
#   Decrease number of Java threads
#   Decrease Java thread stack sizes (-Xss)
#   Set larger code cache with -XX:ReservedCodeCacheSize=
#   JVM is running with Unscaled Compressed Oops mode in which the Java heap is
#     placed in the first 4GB address space. The Java Heap base address is the
#     maximum limit for the native heap growth. Please use -XX:HeapBaseMinAddress
#     to set the Java Heap base and to place the Java Heap above 4GB virtual address.
# This output file may be truncated or incomplete.
#
#  Out of Memory Error (arena.cpp:189), pid=14948, tid=7604
#
# JRE version: OpenJDK Runtime Environment Temurin-17.0.4.1+1 (17.0.4.1+1) (build 17.0.4.1+1)
# Java VM: OpenJDK 64-Bit Server VM Temurin-17.0.4.1+1 (17.0.4.1+1, mixed mode, tiered, compressed oops, compressed class ptrs, g1 gc, windows-amd64)
# No core dump will be written. Minidumps are not enabled by default on client versions of Windows
#

---------------  S U M M A R Y ------------

Command Line: -Dfile.encoding=UTF-8 -XX:+ShowCodeDetailsInExceptionMessages com.SEP490_G9.Sep490G9Application

Host: Intel(R) Core(TM) i7-8550U CPU @ 1.80GHz, 8 cores, 7G,  Windows 10 , 64 bit Build 19041 (10.0.19041.2546)
Time: Thu Apr 20 11:39:31 2023 SE Asia Standard Time elapsed time: 2146.680644 seconds (0d 0h 35m 46s)

---------------  T H R E A D  ---------------

Current thread (0x0000017f37068560):  JavaThread "C2 CompilerThread0" daemon [_thread_in_native, id=7604, stack(0x0000000bd7000000,0x0000000bd7100000)]


Current CompileTask:
C2:2146680 10063       4       org.springframework.util.AntPathMatcher::getStringMatcher (98 bytes)

Stack: [0x0000000bd7000000,0x0000000bd7100000]
Native frames: (J=compiled Java code, j=interpreted, Vv=VM code, C=native code)
V  [jvm.dll+0x67731a]
V  [jvm.dll+0x832284]
V  [jvm.dll+0x833a2e]
V  [jvm.dll+0x834093]
V  [jvm.dll+0x245775]
V  [jvm.dll+0xabd7b]
V  [jvm.dll+0xac30c]
V  [jvm.dll+0xabe8b]
V  [jvm.dll+0x69c388]
V  [jvm.dll+0x1a8603]
V  [jvm.dll+0x69dbae]
V  [jvm.dll+0x78f114]
V  [jvm.dll+0x69ddd7]
V  [jvm.dll+0x69cc0a]
V  [jvm.dll+0x2208d9]
V  [jvm.dll+0x21a182]
V  [jvm.dll+0x21799b]
V  [jvm.dll+0x1a3f8d]
V  [jvm.dll+0x227498]
V  [jvm.dll+0x2255e5]
V  [jvm.dll+0x7e7e9b]
V  [jvm.dll+0x7e240a]
V  [jvm.dll+0x6761a5]
C  [ucrtbase.dll+0x21bb2]
C  [KERNEL32.DLL+0x17614]
C  [ntdll.dll+0x526a1]


---------------  P R O C E S S  ---------------

Threads class SMR info:
_java_thread_list=0x0000017f3e90f880, length=28, elements={
0x0000017f363e6fe0, 0x0000017f363e8fa0, 0x0000017f37059830, 0x0000017f3705b100,
0x0000017f3705b9c0, 0x0000017f3705c370, 0x0000017f37068560, 0x0000017f37068f50,
0x0000017f3706b950, 0x0000017f371b8610, 0x0000017f371c4770, 0x0000017f3d565ff0,
0x0000017f3d564310, 0x0000017f3d565180, 0x0000017f3d565650, 0x0000017f3e233d60,
0x0000017f3e22fed0, 0x0000017f3e22fa00, 0x0000017f3e2368b0, 0x0000017f3e2350a0,
0x0000017f3e234bd0, 0x0000017f3e232a20, 0x0000017f3e232ef0, 0x0000017f3e235570,
0x0000017f3e235a40, 0x0000017f3e234230, 0x0000017f3e234700, 0x0000017f3e2363e0
}

Java Threads: ( => current thread )
  0x0000017f363e6fe0 JavaThread "Reference Handler" daemon [_thread_blocked, id=1332, stack(0x0000000bd6a00000,0x0000000bd6b00000)]
  0x0000017f363e8fa0 JavaThread "Finalizer" daemon [_thread_blocked, id=10840, stack(0x0000000bd6b00000,0x0000000bd6c00000)]
  0x0000017f37059830 JavaThread "Signal Dispatcher" daemon [_thread_blocked, id=11076, stack(0x0000000bd6c00000,0x0000000bd6d00000)]
  0x0000017f3705b100 JavaThread "Attach Listener" daemon [_thread_blocked, id=3976, stack(0x0000000bd6d00000,0x0000000bd6e00000)]
  0x0000017f3705b9c0 JavaThread "Service Thread" daemon [_thread_blocked, id=10284, stack(0x0000000bd6e00000,0x0000000bd6f00000)]
  0x0000017f3705c370 JavaThread "Monitor Deflation Thread" daemon [_thread_blocked, id=3104, stack(0x0000000bd6f00000,0x0000000bd7000000)]
=>0x0000017f37068560 JavaThread "C2 CompilerThread0" daemon [_thread_in_native, id=7604, stack(0x0000000bd7000000,0x0000000bd7100000)]
  0x0000017f37068f50 JavaThread "C1 CompilerThread0" daemon [_thread_blocked, id=8664, stack(0x0000000bd7100000,0x0000000bd7200000)]
  0x0000017f3706b950 JavaThread "Sweeper thread" daemon [_thread_blocked, id=1220, stack(0x0000000bd7200000,0x0000000bd7300000)]
  0x0000017f371b8610 JavaThread "Notification Thread" daemon [_thread_blocked, id=7784, stack(0x0000000bd7300000,0x0000000bd7400000)]
  0x0000017f371c4770 JavaThread "Common-Cleaner" daemon [_thread_blocked, id=8528, stack(0x0000000bd7500000,0x0000000bd7600000)]
  0x0000017f3d565ff0 JavaThread "HikariPool-1 housekeeper" daemon [_thread_blocked, id=1616, stack(0x0000000bd8100000,0x0000000bd8200000)]
  0x0000017f3d564310 JavaThread "Catalina-utility-1" [_thread_blocked, id=6068, stack(0x0000000bd8300000,0x0000000bd8400000)]
  0x0000017f3d565180 JavaThread "Catalina-utility-2" [_thread_blocked, id=1120, stack(0x0000000bd8400000,0x0000000bd8500000)]
  0x0000017f3d565650 JavaThread "container-0" [_thread_blocked, id=6428, stack(0x0000000bd8500000,0x0000000bd8600000)]
  0x0000017f3e233d60 JavaThread "http-nio-9000-exec-1" daemon [_thread_blocked, id=1144, stack(0x0000000bd8200000,0x0000000bd8300000)]
  0x0000017f3e22fed0 JavaThread "http-nio-9000-exec-2" daemon [_thread_blocked, id=5444, stack(0x0000000bd8700000,0x0000000bd8800000)]
  0x0000017f3e22fa00 JavaThread "http-nio-9000-exec-3" daemon [_thread_blocked, id=5932, stack(0x0000000bd8800000,0x0000000bd8900000)]
  0x0000017f3e2368b0 JavaThread "http-nio-9000-exec-4" daemon [_thread_blocked, id=9956, stack(0x0000000bd8900000,0x0000000bd8a00000)]
  0x0000017f3e2350a0 JavaThread "http-nio-9000-exec-5" daemon [_thread_blocked, id=7820, stack(0x0000000bd8a00000,0x0000000bd8b00000)]
  0x0000017f3e234bd0 JavaThread "http-nio-9000-exec-6" daemon [_thread_blocked, id=8960, stack(0x0000000bd8b00000,0x0000000bd8c00000)]
  0x0000017f3e232a20 JavaThread "http-nio-9000-exec-7" daemon [_thread_blocked, id=11972, stack(0x0000000bd8c00000,0x0000000bd8d00000)]
  0x0000017f3e232ef0 JavaThread "http-nio-9000-exec-8" daemon [_thread_blocked, id=8084, stack(0x0000000bd8d00000,0x0000000bd8e00000)]
  0x0000017f3e235570 JavaThread "http-nio-9000-exec-9" daemon [_thread_blocked, id=11676, stack(0x0000000bd8e00000,0x0000000bd8f00000)]
  0x0000017f3e235a40 JavaThread "http-nio-9000-exec-10" daemon [_thread_blocked, id=13564, stack(0x0000000bd8f00000,0x0000000bd9000000)]
  0x0000017f3e234230 JavaThread "http-nio-9000-Poller" daemon [_thread_in_native, id=12872, stack(0x0000000bd9000000,0x0000000bd9100000)]
  0x0000017f3e234700 JavaThread "http-nio-9000-Acceptor" daemon [_thread_in_native, id=14768, stack(0x0000000bd9100000,0x0000000bd9200000)]
  0x0000017f3e2363e0 JavaThread "DestroyJavaVM" [_thread_blocked, id=7228, stack(0x0000000bd6300000,0x0000000bd6400000)]

Other Threads:
  0x0000017f3639ff10 VMThread "VM Thread" [stack: 0x0000000bd6900000,0x0000000bd6a00000] [id=7388]
  0x0000017f371b8ae0 WatcherThread [stack: 0x0000000bd7400000,0x0000000bd7500000] [id=8464]
  0x0000017f1c527e30 GCTaskThread "GC Thread#0" [stack: 0x0000000bd6400000,0x0000000bd6500000] [id=11800]
  0x0000017f3837e640 GCTaskThread "GC Thread#1" [stack: 0x0000000bd7800000,0x0000000bd7900000] [id=8336]
  0x0000017f37c4a490 GCTaskThread "GC Thread#2" [stack: 0x0000000bd7900000,0x0000000bd7a00000] [id=15320]
  0x0000017f3798dc30 GCTaskThread "GC Thread#3" [stack: 0x0000000bd7a00000,0x0000000bd7b00000] [id=11808]
  0x0000017f37bb2130 GCTaskThread "GC Thread#4" [stack: 0x0000000bd7b00000,0x0000000bd7c00000] [id=11340]
  0x0000017f38527620 GCTaskThread "GC Thread#5" [stack: 0x0000000bd7d00000,0x0000000bd7e00000] [id=6996]
  0x0000017f394bb160 GCTaskThread "GC Thread#6" [stack: 0x0000000bd7e00000,0x0000000bd7f00000] [id=10728]
  0x0000017f38592aa0 GCTaskThread "GC Thread#7" [stack: 0x0000000bd7f00000,0x0000000bd8000000] [id=9224]
  0x0000017f1c539110 ConcurrentGCThread "G1 Main Marker" [stack: 0x0000000bd6500000,0x0000000bd6600000] [id=2456]
  0x0000017f1c53ab30 ConcurrentGCThread "G1 Conc#0" [stack: 0x0000000bd6600000,0x0000000bd6700000] [id=6308]
  0x0000017f394b8a70 ConcurrentGCThread "G1 Conc#1" [stack: 0x0000000bd8000000,0x0000000bd8100000] [id=7792]
  0x0000017f1c58dcc0 ConcurrentGCThread "G1 Refine#0" [stack: 0x0000000bd6700000,0x0000000bd6800000] [id=6708]
  0x0000017f1c58e6e0 ConcurrentGCThread "G1 Service" [stack: 0x0000000bd6800000,0x0000000bd6900000] [id=8512]

Threads with active compile tasks:
C2 CompilerThread0  2147004 10063       4       org.springframework.util.AntPathMatcher::getStringMatcher (98 bytes)

VM state: not at safepoint (normal execution)

VM Mutex/Monitor currently owned by a thread: None

Heap address: 0x0000000082000000, size: 2016 MB, Compressed Oops mode: 32-bit

CDS archive(s) not mapped
Compressed class space mapped at: 0x0000000100000000-0x0000000140000000, reserved size: 1073741824
Narrow klass base: 0x0000000000000000, Narrow klass shift: 3, Narrow klass range: 0x140000000

GC Precious Log:
 CPUs: 8 total, 8 available
 Memory: 8057M
 Large Page Support: Disabled
 NUMA Support: Disabled
 Compressed Oops: Enabled (32-bit)
 Heap Region Size: 1M
 Heap Min Capacity: 8M
 Heap Initial Capacity: 126M
 Heap Max Capacity: 2016M
 Pre-touch: Disabled
 Parallel Workers: 8
 Concurrent Workers: 2
 Concurrent Refinement Workers: 8
 Periodic GC: Disabled

Heap:
 garbage-first heap   total 78848K, used 59355K [0x0000000082000000, 0x0000000100000000)
  region size 1024K, 19 young (19456K), 1 survivors (1024K)
 Metaspace       used 87618K, committed 88256K, reserved 1130496K
  class space    used 11388K, committed 11712K, reserved 1048576K

Heap Regions: E=young(eden), S=young(survivor), O=old, HS=humongous(starts), HC=humongous(continues), CS=collection set, F=free, OA=open archive, CA=closed archive, TAMS=top-at-mark-start (previous, next)
|   0|0x0000000082000000, 0x0000000082100000, 0x0000000082100000|100%|HS|  |TAMS 0x0000000082100000, 0x0000000082000000| Complete 
|   1|0x0000000082100000, 0x0000000082200000, 0x0000000082200000|100%| O|  |TAMS 0x0000000082200000, 0x0000000082100000| Untracked 
|   2|0x0000000082200000, 0x0000000082300000, 0x0000000082300000|100%| O|  |TAMS 0x0000000082300000, 0x0000000082200000| Untracked 
|   3|0x0000000082300000, 0x0000000082400000, 0x0000000082400000|100%| O|  |TAMS 0x0000000082400000, 0x0000000082300000| Untracked 
|   4|0x0000000082400000, 0x0000000082500000, 0x0000000082500000|100%| O|  |TAMS 0x0000000082500000, 0x0000000082400000| Untracked 
|   5|0x0000000082500000, 0x0000000082600000, 0x0000000082600000|100%| O|  |TAMS 0x0000000082600000, 0x0000000082500000| Untracked 
|   6|0x0000000082600000, 0x0000000082700000, 0x0000000082700000|100%| O|  |TAMS 0x0000000082700000, 0x0000000082600000| Untracked 
|   7|0x0000000082700000, 0x0000000082800000, 0x0000000082800000|100%| O|  |TAMS 0x0000000082800000, 0x0000000082700000| Untracked 
|   8|0x0000000082800000, 0x0000000082800000, 0x0000000082900000|  0%| F|  |TAMS 0x0000000082800000, 0x0000000082800000| Untracked 
|   9|0x0000000082900000, 0x0000000082a00000, 0x0000000082a00000|100%| O|  |TAMS 0x0000000082a00000, 0x0000000082900000| Untracked 
|  10|0x0000000082a00000, 0x0000000082b00000, 0x0000000082b00000|100%| O|  |TAMS 0x0000000082b00000, 0x0000000082a00000| Untracked 
|  11|0x0000000082b00000, 0x0000000082c00000, 0x0000000082c00000|100%| O|  |TAMS 0x0000000082c00000, 0x0000000082b00000| Untracked 
|  12|0x0000000082c00000, 0x0000000082d00000, 0x0000000082d00000|100%| O|  |TAMS 0x0000000082d00000, 0x0000000082c00000| Untracked 
|  13|0x0000000082d00000, 0x0000000082e00000, 0x0000000082e00000|100%| O|  |TAMS 0x0000000082e00000, 0x0000000082d00000| Untracked 
|  14|0x0000000082e00000, 0x0000000082e00000, 0x0000000082f00000|  0%| F|  |TAMS 0x0000000082e00000, 0x0000000082e00000| Untracked 
|  15|0x0000000082f00000, 0x0000000083000000, 0x0000000083000000|100%| O|  |TAMS 0x0000000083000000, 0x0000000082f00000| Untracked 
|  16|0x0000000083000000, 0x0000000083100000, 0x0000000083100000|100%| O|  |TAMS 0x0000000083100000, 0x0000000083000000| Untracked 
|  17|0x0000000083100000, 0x0000000083200000, 0x0000000083200000|100%| O|  |TAMS 0x0000000083200000, 0x0000000083100000| Untracked 
|  18|0x0000000083200000, 0x0000000083300000, 0x0000000083300000|100%| O|  |TAMS 0x0000000083300000, 0x0000000083200000| Untracked 
|  19|0x0000000083300000, 0x0000000083400000, 0x0000000083400000|100%| O|  |TAMS 0x0000000083400000, 0x0000000083300000| Untracked 
|  20|0x0000000083400000, 0x0000000083500000, 0x0000000083500000|100%| O|  |TAMS 0x0000000083500000, 0x0000000083400000| Untracked 
|  21|0x0000000083500000, 0x0000000083600000, 0x0000000083600000|100%| O|  |TAMS 0x0000000083600000, 0x0000000083500000| Untracked 
|  22|0x0000000083600000, 0x0000000083700000, 0x0000000083700000|100%| O|  |TAMS 0x0000000083700000, 0x0000000083600000| Untracked 
|  23|0x0000000083700000, 0x0000000083800000, 0x0000000083800000|100%| O|  |TAMS 0x0000000083800000, 0x0000000083700000| Untracked 
|  24|0x0000000083800000, 0x0000000083900000, 0x0000000083900000|100%| O|  |TAMS 0x0000000083900000, 0x0000000083800000| Untracked 
|  25|0x0000000083900000, 0x0000000083a00000, 0x0000000083a00000|100%| O|  |TAMS 0x0000000083a00000, 0x0000000083900000| Untracked 
|  26|0x0000000083a00000, 0x0000000083b00000, 0x0000000083b00000|100%| O|  |TAMS 0x0000000083b00000, 0x0000000083a00000| Untracked 
|  27|0x0000000083b00000, 0x0000000083c00000, 0x0000000083c00000|100%| O|  |TAMS 0x0000000083c00000, 0x0000000083b00000| Untracked 
|  28|0x0000000083c00000, 0x0000000083d00000, 0x0000000083d00000|100%| O|  |TAMS 0x0000000083d00000, 0x0000000083c00000| Untracked 
|  29|0x0000000083d00000, 0x0000000083e00000, 0x0000000083e00000|100%| O|  |TAMS 0x0000000083e00000, 0x0000000083d00000| Untracked 
|  30|0x0000000083e00000, 0x0000000083f00000, 0x0000000083f00000|100%| O|  |TAMS 0x0000000083f00000, 0x0000000083e00000| Untracked 
|  31|0x0000000083f00000, 0x0000000084000000, 0x0000000084000000|100%| O|  |TAMS 0x0000000084000000, 0x0000000083f00000| Untracked 
|  32|0x0000000084000000, 0x0000000084100000, 0x0000000084100000|100%| O|  |TAMS 0x0000000084100000, 0x0000000084000000| Untracked 
|  33|0x0000000084100000, 0x0000000084200000, 0x0000000084200000|100%| O|  |TAMS 0x0000000084200000, 0x0000000084100000| Untracked 
|  34|0x0000000084200000, 0x0000000084300000, 0x0000000084300000|100%| O|  |TAMS 0x0000000084300000, 0x0000000084200000| Untracked 
|  35|0x0000000084300000, 0x0000000084400000, 0x0000000084400000|100%| O|  |TAMS 0x0000000084400000, 0x0000000084300000| Untracked 
|  36|0x0000000084400000, 0x0000000084500000, 0x0000000084500000|100%| O|  |TAMS 0x0000000084422200, 0x0000000084400000| Untracked 
|  37|0x0000000084500000, 0x0000000084600000, 0x0000000084600000|100%| O|  |TAMS 0x0000000084500000, 0x0000000084500000| Untracked 
|  38|0x0000000084600000, 0x0000000084700000, 0x0000000084700000|100%| O|  |TAMS 0x0000000084600000, 0x0000000084600000| Untracked 
|  39|0x0000000084700000, 0x0000000084800000, 0x0000000084800000|100%| O|  |TAMS 0x0000000084700000, 0x0000000084700000| Untracked 
|  40|0x0000000084800000, 0x0000000084900000, 0x0000000084900000|100%| O|  |TAMS 0x0000000084800000, 0x0000000084800000| Untracked 
|  41|0x0000000084900000, 0x0000000084a00000, 0x0000000084a00000|100%| O|  |TAMS 0x0000000084900000, 0x0000000084900000| Untracked 
|  42|0x0000000084a00000, 0x0000000084aa3c00, 0x0000000084b00000| 63%| O|  |TAMS 0x0000000084a00000, 0x0000000084a00000| Untracked 
|  43|0x0000000084b00000, 0x0000000084b00000, 0x0000000084c00000|  0%| F|  |TAMS 0x0000000084b00000, 0x0000000084b00000| Untracked 
|  44|0x0000000084c00000, 0x0000000084c00000, 0x0000000084d00000|  0%| F|  |TAMS 0x0000000084c00000, 0x0000000084c00000| Untracked 
|  45|0x0000000084d00000, 0x0000000084d00000, 0x0000000084e00000|  0%| F|  |TAMS 0x0000000084d00000, 0x0000000084d00000| Untracked 
|  46|0x0000000084e00000, 0x0000000084e00000, 0x0000000084f00000|  0%| F|  |TAMS 0x0000000084e00000, 0x0000000084e00000| Untracked 
|  47|0x0000000084f00000, 0x0000000084f00000, 0x0000000085000000|  0%| F|  |TAMS 0x0000000084f00000, 0x0000000084f00000| Untracked 
|  48|0x0000000085000000, 0x0000000085000000, 0x0000000085100000|  0%| F|  |TAMS 0x0000000085000000, 0x0000000085000000| Untracked 
|  49|0x0000000085100000, 0x0000000085100000, 0x0000000085200000|  0%| F|  |TAMS 0x0000000085100000, 0x0000000085100000| Untracked 
|  50|0x0000000085200000, 0x0000000085200000, 0x0000000085300000|  0%| F|  |TAMS 0x0000000085200000, 0x0000000085200000| Untracked 
|  51|0x0000000085300000, 0x0000000085300000, 0x0000000085400000|  0%| F|  |TAMS 0x0000000085300000, 0x0000000085300000| Untracked 
|  52|0x0000000085400000, 0x0000000085400000, 0x0000000085500000|  0%| F|  |TAMS 0x0000000085400000, 0x0000000085400000| Untracked 
|  53|0x0000000085500000, 0x0000000085500000, 0x0000000085600000|  0%| F|  |TAMS 0x0000000085500000, 0x0000000085500000| Untracked 
|  54|0x0000000085600000, 0x0000000085600000, 0x0000000085700000|  0%| F|  |TAMS 0x0000000085600000, 0x0000000085600000| Untracked 
|  55|0x0000000085700000, 0x0000000085700000, 0x0000000085800000|  0%| F|  |TAMS 0x0000000085700000, 0x0000000085700000| Untracked 
|  56|0x0000000085800000, 0x0000000085800000, 0x0000000085900000|  0%| F|  |TAMS 0x0000000085800000, 0x0000000085800000| Untracked 
|  57|0x0000000085900000, 0x0000000085900000, 0x0000000085a00000|  0%| F|  |TAMS 0x0000000085900000, 0x0000000085900000| Untracked 
|  58|0x0000000085a00000, 0x0000000085a27c28, 0x0000000085b00000| 15%| E|  |TAMS 0x0000000085a00000, 0x0000000085a00000| Complete 
|  59|0x0000000085b00000, 0x0000000085c00000, 0x0000000085c00000|100%| E|CS|TAMS 0x0000000085b00000, 0x0000000085b00000| Complete 
|  60|0x0000000085c00000, 0x0000000085d00000, 0x0000000085d00000|100%| E|CS|TAMS 0x0000000085c00000, 0x0000000085c00000| Complete 
|  61|0x0000000085d00000, 0x0000000085e00000, 0x0000000085e00000|100%| E|CS|TAMS 0x0000000085d00000, 0x0000000085d00000| Complete 
|  62|0x0000000085e00000, 0x0000000085f00000, 0x0000000085f00000|100%| E|CS|TAMS 0x0000000085e00000, 0x0000000085e00000| Complete 
|  63|0x0000000085f00000, 0x0000000086000000, 0x0000000086000000|100%| E|CS|TAMS 0x0000000085f00000, 0x0000000085f00000| Complete 
|  64|0x0000000086000000, 0x0000000086100000, 0x0000000086100000|100%| E|CS|TAMS 0x0000000086000000, 0x0000000086000000| Complete 
|  65|0x0000000086100000, 0x0000000086200000, 0x0000000086200000|100%| E|CS|TAMS 0x0000000086100000, 0x0000000086100000| Complete 
|  66|0x0000000086200000, 0x0000000086300000, 0x0000000086300000|100%| E|CS|TAMS 0x0000000086200000, 0x0000000086200000| Complete 
|  67|0x0000000086300000, 0x0000000086400000, 0x0000000086400000|100%| E|CS|TAMS 0x0000000086300000, 0x0000000086300000| Complete 
|  68|0x0000000086400000, 0x0000000086500000, 0x0000000086500000|100%| E|CS|TAMS 0x0000000086400000, 0x0000000086400000| Complete 
|  69|0x0000000086500000, 0x0000000086600000, 0x0000000086600000|100%| E|CS|TAMS 0x0000000086500000, 0x0000000086500000| Complete 
|  70|0x0000000086600000, 0x0000000086700000, 0x0000000086700000|100%| E|CS|TAMS 0x0000000086600000, 0x0000000086600000| Complete 
|  71|0x0000000086700000, 0x0000000086800000, 0x0000000086800000|100%| E|CS|TAMS 0x0000000086700000, 0x0000000086700000| Complete 
|  72|0x0000000086800000, 0x0000000086900000, 0x0000000086900000|100%| E|CS|TAMS 0x0000000086800000, 0x0000000086800000| Complete 
| 118|0x0000000089600000, 0x0000000089700000, 0x0000000089700000|100%| E|CS|TAMS 0x0000000089600000, 0x0000000089600000| Complete 
| 119|0x0000000089700000, 0x0000000089800000, 0x0000000089800000|100%| E|CS|TAMS 0x0000000089700000, 0x0000000089700000| Complete 
| 120|0x0000000089800000, 0x0000000089853240, 0x0000000089900000| 32%| S|CS|TAMS 0x0000000089800000, 0x0000000089800000| Complete 
| 125|0x0000000089d00000, 0x0000000089e00000, 0x0000000089e00000|100%| E|CS|TAMS 0x0000000089d00000, 0x0000000089d00000| Complete 

Card table byte_map: [0x0000017f2f2a0000,0x0000017f2f690000] _byte_map_base: 0x0000017f2ee90000

Marking Bits (Prev, Next): (CMBitMap*) 0x0000017f1c528480, (CMBitMap*) 0x0000017f1c528440
 Prev Bits: [0x0000017f31a00000, 0x0000017f33980000)
 Next Bits: [0x0000017f2fa80000, 0x0000017f31a00000)

Polling page: 0x0000017f1bc90000

Metaspace:

Usage:
  Non-class:     74.44 MB used.
      Class:     11.12 MB used.
       Both:     85.57 MB used.

Virtual space:
  Non-class space:       80.00 MB reserved,      74.75 MB ( 93%) committed,  10 nodes.
      Class space:        1.00 GB reserved,      11.44 MB (  1%) committed,  1 nodes.
             Both:        1.08 GB reserved,      86.19 MB (  8%) committed. 

Chunk freelists:
   Non-Class:  685.00 KB
       Class:  510.00 KB
        Both:  1.17 MB

MaxMetaspaceSize: unlimited
CompressedClassSpaceSize: 1.00 GB
Initial GC threshold: 21.00 MB
Current GC threshold: 132.75 MB
CDS: off
MetaspaceReclaimPolicy: balanced
 - commit_granule_bytes: 65536.
 - commit_granule_words: 8192.
 - virtual_space_node_default_size: 1048576.
 - enlarge_chunks_in_place: 1.
 - new_chunks_are_fully_committed: 0.
 - uncommit_free_chunks: 1.
 - use_allocation_guard: 0.
 - handle_deallocations: 1.


Internal statistics:

num_allocs_failed_limit: 9.
num_arena_births: 884.
num_arena_deaths: 0.
num_vsnodes_births: 11.
num_vsnodes_deaths: 0.
num_space_committed: 1379.
num_space_uncommitted: 0.
num_chunks_returned_to_freelist: 9.
num_chunks_taken_from_freelist: 3807.
num_chunk_merges: 9.
num_chunk_splits: 2629.
num_chunks_enlarged: 1979.
num_purges: 0.
num_inconsistent_stats: 0.

CodeHeap 'non-profiled nmethods': size=120000Kb used=5921Kb max_used=5921Kb free=114078Kb
 bounds [0x0000017f27650000, 0x0000017f27c30000, 0x0000017f2eb80000]
CodeHeap 'profiled nmethods': size=120000Kb used=15693Kb max_used=15693Kb free=104306Kb
 bounds [0x0000017f20120000, 0x0000017f21080000, 0x0000017f27650000]
CodeHeap 'non-nmethods': size=5760Kb used=1379Kb max_used=1513Kb free=4380Kb
 bounds [0x0000017f1fb80000, 0x0000017f1fdf0000, 0x0000017f20120000]
 total_blobs=9297 nmethods=8583 adapters=625
 compilation: enabled
              stopped_count=0, restarted_count=0
 full_count=0

Compilation events (20 events):
Event: 2145.974 Thread 0x0000017f37068f50 nmethod 10066 0x0000017f2105c010 code [0x0000017f2105c1e0, 0x0000017f2105c618]
Event: 2145.974 Thread 0x0000017f37068f50 10068       3       org.springframework.web.servlet.mvc.condition.PatternsRequestCondition::initPatterns (85 bytes)
Event: 2145.975 Thread 0x0000017f37068f50 nmethod 10068 0x0000017f2105c790 code [0x0000017f2105cb00, 0x0000017f2105dea8]
Event: 2145.975 Thread 0x0000017f37068f50 10069       3       org.springframework.web.servlet.mvc.condition.PatternsRequestCondition::hasPattern (42 bytes)
Event: 2145.975 Thread 0x0000017f37068f50 nmethod 10069 0x0000017f2105e610 code [0x0000017f2105e800, 0x0000017f2105ed88]
Event: 2145.976 Thread 0x0000017f37068f50 10067       3       jakarta.servlet.http.HttpServletRequestWrapper::<init> (6 bytes)
Event: 2145.976 Thread 0x0000017f37068f50 nmethod 10067 0x0000017f2105ef90 code [0x0000017f2105f180, 0x0000017f2105f618]
Event: 2145.976 Thread 0x0000017f37068f50 10070   !   3       org.springframework.web.servlet.mvc.condition.RequestMethodsRequestCondition::matchRequestMethod (80 bytes)
Event: 2145.976 Thread 0x0000017f37068f50 nmethod 10070 0x0000017f2105f790 code [0x0000017f2105fa00, 0x0000017f21060548]
Event: 2145.976 Thread 0x0000017f37068f50 10071       3       org.springframework.web.servlet.mvc.condition.PatternsRequestCondition::<init> (126 bytes)
Event: 2145.977 Thread 0x0000017f37068f50 nmethod 10071 0x0000017f21060990 code [0x0000017f21060c60, 0x0000017f21061ce8]
Event: 2145.977 Thread 0x0000017f37068f50 10072       1       org.hibernate.engine.spi.LoadQueryInfluencers::getEffectiveEntityGraph (5 bytes)
Event: 2145.977 Thread 0x0000017f37068f50 nmethod 10072 0x0000017f27943210 code [0x0000017f279433a0, 0x0000017f27943478]
Event: 2145.978 Thread 0x0000017f37068f50 10073       1       org.hibernate.sql.results.graph.entity.internal.EntityResultInitializer::isEntityReturn (2 bytes)
Event: 2145.978 Thread 0x0000017f37068f50 nmethod 10073 0x0000017f27942f10 code [0x0000017f279430a0, 0x0000017f27943178]
Event: 2145.978 Thread 0x0000017f37068f50 10074       3       org.hibernate.sql.results.internal.RowProcessingStateStandardImpl::getQueryOptions (10 bytes)
Event: 2145.978 Thread 0x0000017f37068f50 nmethod 10074 0x0000017f21062310 code [0x0000017f210624c0, 0x0000017f21062688]
Event: 2145.978 Thread 0x0000017f37068f50 10075       3       org.postgresql.core.v3.QueryExecutorImpl::sendSync (74 bytes)
Event: 2145.979 Thread 0x0000017f37068f50 nmethod 10075 0x0000017f21062790 code [0x0000017f210629e0, 0x0000017f210632c8]
Event: 2145.979 Thread 0x0000017f37068f50 10076   !   3       org.postgresql.core.v3.QueryExecutorImpl::processResults (2184 bytes)

GC Heap History (20 events):
Event: 7.673 GC heap before
{Heap before GC invocations=19 (full 0):
 garbage-first heap   total 65536K, used 51203K [0x0000000082000000, 0x0000000100000000)
  region size 1024K, 26 young (26624K), 4 survivors (4096K)
 Metaspace       used 68551K, committed 68992K, reserved 1114112K
  class space    used 8920K, committed 9152K, reserved 1048576K
}
Event: 7.678 GC heap after
{Heap after GC invocations=20 (full 0):
 garbage-first heap   total 65536K, used 30899K [0x0000000082000000, 0x0000000100000000)
  region size 1024K, 2 young (2048K), 2 survivors (2048K)
 Metaspace       used 68551K, committed 68992K, reserved 1114112K
  class space    used 8920K, committed 9152K, reserved 1048576K
}
Event: 7.878 GC heap before
{Heap before GC invocations=20 (full 0):
 garbage-first heap   total 65536K, used 51379K [0x0000000082000000, 0x0000000100000000)
  region size 1024K, 22 young (22528K), 2 survivors (2048K)
 Metaspace       used 69006K, committed 69504K, reserved 1114112K
  class space    used 8969K, committed 9216K, reserved 1048576K
}
Event: 7.882 GC heap after
{Heap after GC invocations=21 (full 0):
 garbage-first heap   total 78848K, used 31932K [0x0000000082000000, 0x0000000100000000)
  region size 1024K, 3 young (3072K), 3 survivors (3072K)
 Metaspace       used 69006K, committed 69504K, reserved 1114112K
  class space    used 8969K, committed 9216K, reserved 1048576K
}
Event: 8.101 GC heap before
{Heap before GC invocations=22 (full 0):
 garbage-first heap   total 78848K, used 61628K [0x0000000082000000, 0x0000000100000000)
  region size 1024K, 32 young (32768K), 3 survivors (3072K)
 Metaspace       used 69143K, committed 69632K, reserved 1114112K
  class space    used 8987K, committed 9216K, reserved 1048576K
}
Event: 8.104 GC heap after
{Heap after GC invocations=23 (full 0):
 garbage-first heap   total 78848K, used 32657K [0x0000000082000000, 0x0000000100000000)
  region size 1024K, 2 young (2048K), 2 survivors (2048K)
 Metaspace       used 69143K, committed 69632K, reserved 1114112K
  class space    used 8987K, committed 9216K, reserved 1048576K
}
Event: 8.300 GC heap before
{Heap before GC invocations=23 (full 0):
 garbage-first heap   total 78848K, used 64401K [0x0000000082000000, 0x0000000100000000)
  region size 1024K, 33 young (33792K), 2 survivors (2048K)
 Metaspace       used 69416K, committed 69888K, reserved 1114112K
  class space    used 9018K, committed 9280K, reserved 1048576K
}
Event: 8.302 GC heap after
{Heap after GC invocations=24 (full 0):
 garbage-first heap   total 78848K, used 33123K [0x0000000082000000, 0x0000000100000000)
  region size 1024K, 3 young (3072K), 3 survivors (3072K)
 Metaspace       used 69416K, committed 69888K, reserved 1114112K
  class space    used 9018K, committed 9280K, reserved 1048576K
}
Event: 8.429 GC heap before
{Heap before GC invocations=24 (full 0):
 garbage-first heap   total 78848K, used 63843K [0x0000000082000000, 0x0000000100000000)
  region size 1024K, 33 young (33792K), 3 survivors (3072K)
 Metaspace       used 69678K, committed 70208K, reserved 1114112K
  class space    used 9034K, committed 9280K, reserved 1048576K
}
Event: 8.433 GC heap after
{Heap after GC invocations=25 (full 0):
 garbage-first heap   total 78848K, used 33611K [0x0000000082000000, 0x0000000100000000)
  region size 1024K, 3 young (3072K), 3 survivors (3072K)
 Metaspace       used 69678K, committed 70208K, reserved 1114112K
  class space    used 9034K, committed 9280K, reserved 1048576K
}
Event: 9.904 GC heap before
{Heap before GC invocations=25 (full 0):
 garbage-first heap   total 78848K, used 64331K [0x0000000082000000, 0x0000000100000000)
  region size 1024K, 34 young (34816K), 3 survivors (3072K)
 Metaspace       used 75046K, committed 75584K, reserved 1122304K
  class space    used 9620K, committed 9856K, reserved 1048576K
}
Event: 9.908 GC heap after
{Heap after GC invocations=26 (full 0):
 garbage-first heap   total 78848K, used 36448K [0x0000000082000000, 0x0000000100000000)
  region size 1024K, 5 young (5120K), 5 survivors (5120K)
 Metaspace       used 75046K, committed 75584K, reserved 1122304K
  class space    used 9620K, committed 9856K, reserved 1048576K
}
Event: 10.694 GC heap before
{Heap before GC invocations=26 (full 0):
 garbage-first heap   total 78848K, used 63072K [0x0000000082000000, 0x0000000100000000)
  region size 1024K, 31 young (31744K), 5 survivors (5120K)
 Metaspace       used 77558K, committed 78080K, reserved 1122304K
  class space    used 9973K, committed 10240K, reserved 1048576K
}
Event: 10.700 GC heap after
{Heap after GC invocations=27 (full 0):
 garbage-first heap   total 78848K, used 38362K [0x0000000082000000, 0x0000000100000000)
  region size 1024K, 3 young (3072K), 3 survivors (3072K)
 Metaspace       used 77558K, committed 78080K, reserved 1122304K
  class space    used 9973K, committed 10240K, reserved 1048576K
}
Event: 1912.747 GC heap before
{Heap before GC invocations=27 (full 0):
 garbage-first heap   total 78848K, used 61914K [0x0000000082000000, 0x0000000100000000)
  region size 1024K, 27 young (27648K), 3 survivors (3072K)
 Metaspace       used 80790K, committed 81408K, reserved 1122304K
  class space    used 10395K, committed 10688K, reserved 1048576K
}
Event: 1912.751 GC heap after
{Heap after GC invocations=28 (full 0):
 garbage-first heap   total 78848K, used 40932K [0x0000000082000000, 0x0000000100000000)
  region size 1024K, 4 young (4096K), 4 survivors (4096K)
 Metaspace       used 80790K, committed 81408K, reserved 1122304K
  class space    used 10395K, committed 10688K, reserved 1048576K
}
Event: 1914.630 GC heap before
{Heap before GC invocations=29 (full 0):
 garbage-first heap   total 78848K, used 62436K [0x0000000082000000, 0x0000000100000000)
  region size 1024K, 26 young (26624K), 4 survivors (4096K)
 Metaspace       used 84913K, committed 85504K, reserved 1130496K
  class space    used 11107K, committed 11392K, reserved 1048576K
}
Event: 1914.634 GC heap after
{Heap after GC invocations=30 (full 0):
 garbage-first heap   total 78848K, used 42348K [0x0000000082000000, 0x0000000100000000)
  region size 1024K, 2 young (2048K), 2 survivors (2048K)
 Metaspace       used 84913K, committed 85504K, reserved 1130496K
  class space    used 11107K, committed 11392K, reserved 1048576K
}
Event: 1914.640 GC heap before
{Heap before GC invocations=30 (full 0):
 garbage-first heap   total 78848K, used 42348K [0x0000000082000000, 0x0000000100000000)
  region size 1024K, 3 young (3072K), 2 survivors (2048K)
 Metaspace       used 84955K, committed 85504K, reserved 1130496K
  class space    used 11115K, committed 11392K, reserved 1048576K
}
Event: 1914.643 GC heap after
{Heap after GC invocations=31 (full 0):
 garbage-first heap   total 78848K, used 41947K [0x0000000082000000, 0x0000000100000000)
  region size 1024K, 1 young (1024K), 1 survivors (1024K)
 Metaspace       used 84955K, committed 85504K, reserved 1130496K
  class space    used 11115K, committed 11392K, reserved 1048576K
}

Deoptimization events (20 events):
Event: 1931.160 Thread 0x0000017f3e232a20 DEOPT PACKING pc=0x0000017f20f22259 sp=0x0000000bd8cfab20
Event: 1931.161 Thread 0x0000017f3e232a20 DEOPT UNPACKING pc=0x0000017f1fbd2b43 sp=0x0000000bd8cfa000 mode 0
Event: 1931.161 Thread 0x0000017f3e232a20 DEOPT PACKING pc=0x0000017f20f22259 sp=0x0000000bd8cfab20
Event: 1931.161 Thread 0x0000017f3e232a20 DEOPT UNPACKING pc=0x0000017f1fbd2b43 sp=0x0000000bd8cfa000 mode 0
Event: 1931.163 Thread 0x0000017f3e232a20 DEOPT PACKING pc=0x0000017f20f22259 sp=0x0000000bd8cfab20
Event: 1931.163 Thread 0x0000017f3e232a20 DEOPT UNPACKING pc=0x0000017f1fbd2b43 sp=0x0000000bd8cfa000 mode 0
Event: 1931.163 Thread 0x0000017f3e232a20 DEOPT PACKING pc=0x0000017f20f22259 sp=0x0000000bd8cfab20
Event: 1931.163 Thread 0x0000017f3e232a20 DEOPT UNPACKING pc=0x0000017f1fbd2b43 sp=0x0000000bd8cfa000 mode 0
Event: 1931.164 Thread 0x0000017f3e232a20 DEOPT PACKING pc=0x0000017f20f22259 sp=0x0000000bd8cfab20
Event: 1931.164 Thread 0x0000017f3e232a20 DEOPT UNPACKING pc=0x0000017f1fbd2b43 sp=0x0000000bd8cfa000 mode 0
Event: 1931.165 Thread 0x0000017f3e232a20 DEOPT PACKING pc=0x0000017f20f22259 sp=0x0000000bd8cfab20
Event: 1931.165 Thread 0x0000017f3e232a20 DEOPT UNPACKING pc=0x0000017f1fbd2b43 sp=0x0000000bd8cfa000 mode 0
Event: 1931.166 Thread 0x0000017f3e232a20 DEOPT PACKING pc=0x0000017f20f22259 sp=0x0000000bd8cfab20
Event: 1931.166 Thread 0x0000017f3e232a20 DEOPT UNPACKING pc=0x0000017f1fbd2b43 sp=0x0000000bd8cfa000 mode 0
Event: 1931.167 Thread 0x0000017f3e232a20 DEOPT PACKING pc=0x0000017f20f22259 sp=0x0000000bd8cfab20
Event: 1931.167 Thread 0x0000017f3e232a20 DEOPT UNPACKING pc=0x0000017f1fbd2b43 sp=0x0000000bd8cfa000 mode 0
Event: 1931.168 Thread 0x0000017f3e232a20 DEOPT PACKING pc=0x0000017f20f22259 sp=0x0000000bd8cfab20
Event: 1931.168 Thread 0x0000017f3e232a20 DEOPT UNPACKING pc=0x0000017f1fbd2b43 sp=0x0000000bd8cfa000 mode 0
Event: 1931.168 Thread 0x0000017f3e232a20 DEOPT PACKING pc=0x0000017f20f22259 sp=0x0000000bd8cfab20
Event: 1931.168 Thread 0x0000017f3e232a20 DEOPT UNPACKING pc=0x0000017f1fbd2b43 sp=0x0000000bd8cfa000 mode 0

Classes unloaded (0 events):
No events

Classes redefined (0 events):
No events

Internal exceptions (20 events):
Event: 10.638 Thread 0x0000017f1c4cc310 Exception <a 'java/lang/IncompatibleClassChangeError'{0x000000008550c900}: Found class java.lang.Object, but interface was expected> (0x000000008550c900) 
thrown [s\src\hotspot\share\interpreter\linkResolver.cpp, line 826]
Event: 10.718 Thread 0x0000017f1c4cc310 Implicit null exception at 0x0000017f27ab26d7 to 0x0000017f27ab2806
Event: 10.734 Thread 0x0000017f1c4cc310 Exception <a 'java/lang/NoSuchMethodError'{0x000000008985b7e0}: 'java.lang.Object java.lang.invoke.DirectMethodHandle$Holder.invokeInterface(java.lang.Object, java.lang.Object, java.lang.Object, java.lang.Object)'> (0x000000008985b7e0) 
thrown [s\src\hotspot\share\interpreter\linkResolver.cpp, line 759]
Event: 10.772 Thread 0x0000017f1c4cc310 Exception <a 'java/lang/NoSuchMethodError'{0x00000000897df5d8}: 'void java.lang.invoke.DirectMethodHandle$Holder.invokeVirtual(java.lang.Object, java.lang.Object, int)'> (0x00000000897df5d8) 
thrown [s\src\hotspot\share\interpreter\linkResolver.cpp, line 759]
Event: 10.775 Thread 0x0000017f1c4cc310 Exception <a 'java/lang/NoSuchMethodError'{0x00000000897f9f00}: 'void java.lang.invoke.DirectMethodHandle$Holder.invokeVirtual(java.lang.Object, java.lang.Object, long)'> (0x00000000897f9f00) 
thrown [s\src\hotspot\share\interpreter\linkResolver.cpp, line 759]
Event: 10.946 Thread 0x0000017f1c4cc310 Exception <a 'java/lang/NoSuchMethodError'{0x00000000860c7d18}: 'java.lang.Object java.lang.invoke.DirectMethodHandle$Holder.newInvokeSpecial(java.lang.Object, java.lang.Object, int, java.lang.Object, java.lang.Object)'> (0x00000000860c7d18) 
thrown [s\src\hotspot\share\interpreter\linkResolver.cpp, line 759]
Event: 10.946 Thread 0x0000017f1c4cc310 Exception <a 'java/lang/NoSuchMethodError'{0x00000000860d3300}: 'java.lang.Object java.lang.invoke.DirectMethodHandle$Holder.invokeSpecial(java.lang.Object, java.lang.Object, int, java.lang.Object, int, java.lang.Object)'> (0x00000000860d3300) 
thrown [s\src\hotspot\share\interpreter\linkResolver.cpp, line 759]
Event: 10.947 Thread 0x0000017f1c4cc310 Exception <a 'java/lang/NoSuchMethodError'{0x00000000860dad98}: 'java.lang.Object java.lang.invoke.DirectMethodHandle$Holder.newInvokeSpecial(java.lang.Object, java.lang.Object, int, java.lang.Object, int)'> (0x00000000860dad98) 
thrown [s\src\hotspot\share\interpreter\linkResolver.cpp, line 759]
Event: 10.947 Thread 0x0000017f1c4cc310 Exception <a 'java/lang/NoSuchMethodError'{0x00000000860dee50}: 'java.lang.Object java.lang.invoke.DirectMethodHandle$Holder.invokeSpecial(java.lang.Object, java.lang.Object, java.lang.Object, int, java.lang.Object, int)'> (0x00000000860dee50) 
thrown [s\src\hotspot\share\interpreter\linkResolver.cpp, line 759]
Event: 10.994 Thread 0x0000017f1c4cc310 Exception <a 'sun/nio/fs/WindowsException'{0x0000000085dd90d8}> (0x0000000085dd90d8) 
thrown [s\src\hotspot\share\prims\jni.cpp, line 516]
Event: 1912.541 Thread 0x0000017f3e233d60 Exception <a 'java/lang/NoSuchMethodError'{0x00000000857a59f8}: 'java.lang.Object java.lang.invoke.DirectMethodHandle$Holder.invokeSpecial(java.lang.Object, java.lang.Object, java.lang.Object, java.lang.Object, java.lang.Object, long)'> (0x00000000857a59f8) 
thrown [s\src\hotspot\share\interpreter\linkResolver.cpp, line 759]
Event: 1912.541 Thread 0x0000017f3e233d60 Exception <a 'java/lang/NoSuchMethodError'{0x00000000857a93f0}: 'java.lang.Object java.lang.invoke.Invokers$Holder.linkToTargetMethod(java.lang.Object, java.lang.Object, java.lang.Object, long, java.lang.Object)'> (0x00000000857a93f0) 
thrown [s\src\hotspot\share\interpreter\linkResolver.cpp, line 759]
Event: 1913.488 Thread 0x0000017f3e232ef0 Exception <a 'java/lang/IncompatibleClassChangeError'{0x00000000862f9ac8}: Found class java.lang.Object, but interface was expected> (0x00000000862f9ac8) 
thrown [s\src\hotspot\share\interpreter\linkResolver.cpp, line 826]
Event: 1913.488 Thread 0x0000017f3e235570 Exception <a 'java/lang/IncompatibleClassChangeError'{0x000000008611db68}: Found class java.lang.Object, but interface was expected> (0x000000008611db68) 
thrown [s\src\hotspot\share\interpreter\linkResolver.cpp, line 826]
Event: 1913.488 Thread 0x0000017f3e235a40 Exception <a 'java/lang/IncompatibleClassChangeError'{0x0000000086236700}: Found class java.lang.Object, but interface was expected> (0x0000000086236700) 
thrown [s\src\hotspot\share\interpreter\linkResolver.cpp, line 826]
Event: 1913.488 Thread 0x0000017f3e232a20 Exception <a 'java/lang/IncompatibleClassChangeError'{0x00000000862c08d0}: Found class java.lang.Object, but interface was expected> (0x00000000862c08d0) 
thrown [s\src\hotspot\share\interpreter\linkResolver.cpp, line 826]
Event: 1913.488 Thread 0x0000017f3e234bd0 Exception <a 'java/lang/IncompatibleClassChangeError'{0x000000008610eba0}: Found class java.lang.Object, but interface was expected> (0x000000008610eba0) 
thrown [s\src\hotspot\share\interpreter\linkResolver.cpp, line 826]
Event: 1914.674 Thread 0x0000017f3e232a20 Exception <a 'java/lang/reflect/InvocationTargetException'{0x0000000089de3cf0}> (0x0000000089de3cf0) 
thrown [s\src\hotspot\share\runtime\reflection.cpp, line 1121]
Event: 1914.710 Thread 0x0000017f3e232ef0 Exception <a 'java/lang/NoSuchMethodError'{0x0000000089643808}: 'void java.lang.invoke.DirectMethodHandle$Holder.invokeStatic(java.lang.Object, java.lang.Object, java.lang.Object, int, java.lang.Object)'> (0x0000000089643808) 
thrown [s\src\hotspot\share\interpreter\linkResolver.cpp, line 759]
Event: 1943.288 Thread 0x0000017f3e232a20 Exception <a 'java/lang/reflect/InvocationTargetException'{0x0000000085ef6ae8}> (0x0000000085ef6ae8) 
thrown [s\src\hotspot\share\runtime\reflection.cpp, line 1121]

VM Operations (20 events):
Event: 1920.711 Executing VM operation: Cleanup
Event: 1920.711 Executing VM operation: Cleanup done
Event: 1931.250 Executing VM operation: HandshakeAllThreads
Event: 1931.250 Executing VM operation: HandshakeAllThreads done
Event: 1931.250 Executing VM operation: Cleanup
Event: 1931.250 Executing VM operation: Cleanup done
Event: 1932.262 Executing VM operation: Cleanup
Event: 1932.263 Executing VM operation: Cleanup done
Event: 1934.269 Executing VM operation: Cleanup
Event: 1934.269 Executing VM operation: Cleanup done
Event: 1935.281 Executing VM operation: Cleanup
Event: 1935.282 Executing VM operation: Cleanup done
Event: 1943.344 Executing VM operation: Cleanup
Event: 1943.345 Executing VM operation: Cleanup done
Event: 2002.767 Executing VM operation: Cleanup
Event: 2002.767 Executing VM operation: Cleanup done
Event: 2139.996 Executing VM operation: Cleanup
Event: 2139.996 Executing VM operation: Cleanup done
Event: 2146.054 Executing VM operation: Cleanup
Event: 2146.054 Executing VM operation: Cleanup done

Events (20 events):
Event: 1914.677 loading class java/util/stream/LongStream
Event: 1914.678 loading class java/util/stream/LongStream done
Event: 1914.678 loading class java/util/stream/DoubleStream
Event: 1914.678 loading class java/util/stream/DoubleStream done
Event: 1914.714 loading class org/w3c/dom/Node
Event: 1914.714 loading class org/w3c/dom/Node done
Event: 1914.714 loading class org/w3c/dom/Document
Event: 1914.714 loading class org/w3c/dom/Document done
Event: 1914.761 loading class jdk/internal/reflect/UnsafeDoubleFieldAccessorImpl
Event: 1914.762 loading class jdk/internal/reflect/UnsafeDoubleFieldAccessorImpl done
Event: 1917.909 Thread 0x0000017f3e230870 Thread exited: 0x0000017f3e230870
Event: 1920.350 Thread 0x0000017f3b5e5e20 Thread exited: 0x0000017f3b5e5e20
Event: 1931.053 loading class java/io/PushbackInputStream
Event: 1931.053 loading class java/io/PushbackInputStream done
Event: 1931.296 Thread 0x0000017f371ee320 Thread added: 0x0000017f371ee320
Event: 1932.984 Thread 0x0000017f371ee320 Thread exited: 0x0000017f371ee320
Event: 1934.242 Thread 0x0000017f371ed3f0 Thread added: 0x0000017f371ed3f0
Event: 1937.311 Thread 0x0000017f371ed3f0 Thread exited: 0x0000017f371ed3f0
Event: 1943.284 Thread 0x0000017f371ed3f0 Thread added: 0x0000017f371ed3f0
Event: 1948.363 Thread 0x0000017f371ed3f0 Thread exited: 0x0000017f371ed3f0


Dynamic libraries:
0x00007ff6300c0000 - 0x00007ff6300ce000 	C:\Users\MyPC\.p2\pool\plugins\org.eclipse.justj.openjdk.hotspot.jre.full.win32.x86_64_17.0.4.v20220903-1038\jre\bin\javaw.exe
0x00007fff359f0000 - 0x00007fff35be8000 	C:\WINDOWS\SYSTEM32\ntdll.dll
0x00007fff34c00000 - 0x00007fff34cbf000 	C:\WINDOWS\System32\KERNEL32.DLL
0x00007fff332c0000 - 0x00007fff33592000 	C:\WINDOWS\System32\KERNELBASE.dll
0x00007fff2fde0000 - 0x00007fff2fe70000 	C:\WINDOWS\SYSTEM32\apphelp.dll
0x00007fff335a0000 - 0x00007fff336a0000 	C:\WINDOWS\System32\ucrtbase.dll
0x00007fff2b390000 - 0x00007fff2b3a9000 	C:\Users\MyPC\.p2\pool\plugins\org.eclipse.justj.openjdk.hotspot.jre.full.win32.x86_64_17.0.4.v20220903-1038\jre\bin\VCRUNTIME140.dll
0x00007fff2b370000 - 0x00007fff2b388000 	C:\Users\MyPC\.p2\pool\plugins\org.eclipse.justj.openjdk.hotspot.jre.full.win32.x86_64_17.0.4.v20220903-1038\jre\bin\jli.dll
0x00007fff355d0000 - 0x00007fff35771000 	C:\WINDOWS\System32\USER32.dll
0x00007fff29350000 - 0x00007fff295ea000 	C:\WINDOWS\WinSxS\amd64_microsoft.windows.common-controls_6595b64144ccf1df_6.0.19041.1110_none_60b5254171f9507e\COMCTL32.dll
0x00007fff33290000 - 0x00007fff332b2000 	C:\WINDOWS\System32\win32u.dll
0x00007fff33bf0000 - 0x00007fff33c1b000 	C:\WINDOWS\System32\GDI32.dll
0x00007fff34ac0000 - 0x00007fff34b5e000 	C:\WINDOWS\System32\msvcrt.dll
0x00007fff330f0000 - 0x00007fff331ff000 	C:\WINDOWS\System32\gdi32full.dll
0x00007fff338e0000 - 0x00007fff3397d000 	C:\WINDOWS\System32\msvcp_win.dll
0x00007fff34950000 - 0x00007fff34980000 	C:\WINDOWS\System32\IMM32.DLL
0x00007fff30310000 - 0x00007fff3031c000 	C:\Users\MyPC\.p2\pool\plugins\org.eclipse.justj.openjdk.hotspot.jre.full.win32.x86_64_17.0.4.v20220903-1038\jre\bin\vcruntime140_1.dll
0x00007fff2b2d0000 - 0x00007fff2b361000 	C:\Users\MyPC\.p2\pool\plugins\org.eclipse.justj.openjdk.hotspot.jre.full.win32.x86_64_17.0.4.v20220903-1038\jre\bin\msvcp140.dll
0x00007ffeb3af0000 - 0x00007ffeb4736000 	C:\Users\MyPC\.p2\pool\plugins\org.eclipse.justj.openjdk.hotspot.jre.full.win32.x86_64_17.0.4.v20220903-1038\jre\bin\server\jvm.dll
0x00007fff35900000 - 0x00007fff359ae000 	C:\WINDOWS\System32\ADVAPI32.dll
0x00007fff34b60000 - 0x00007fff34bfc000 	C:\WINDOWS\System32\sechost.dll
0x00007fff34980000 - 0x00007fff34aa4000 	C:\WINDOWS\System32\RPCRT4.dll
0x00007fff34ab0000 - 0x00007fff34ab8000 	C:\WINDOWS\System32\PSAPI.DLL
0x00007fff28530000 - 0x00007fff28557000 	C:\WINDOWS\SYSTEM32\WINMM.dll
0x00007fff28110000 - 0x00007fff28119000 	C:\WINDOWS\SYSTEM32\WSOCK32.dll
0x00007fff2f920000 - 0x00007fff2f92a000 	C:\WINDOWS\SYSTEM32\VERSION.dll
0x00007fff34ec0000 - 0x00007fff34f2b000 	C:\WINDOWS\System32\WS2_32.dll
0x00007fff31990000 - 0x00007fff319a2000 	C:\WINDOWS\SYSTEM32\kernel.appcore.dll
0x00007fff0b520000 - 0x00007fff0b52a000 	C:\Users\MyPC\.p2\pool\plugins\org.eclipse.justj.openjdk.hotspot.jre.full.win32.x86_64_17.0.4.v20220903-1038\jre\bin\jimage.dll
0x00007fff31640000 - 0x00007fff31824000 	C:\WINDOWS\SYSTEM32\DBGHELP.DLL
0x00007fff20470000 - 0x00007fff204a5000 	C:\WINDOWS\SYSTEM32\dbgcore.DLL
0x00007fff33200000 - 0x00007fff33282000 	C:\WINDOWS\System32\bcryptPrimitives.dll
0x00007ffef4bc0000 - 0x00007ffef4be5000 	C:\Users\MyPC\.p2\pool\plugins\org.eclipse.justj.openjdk.hotspot.jre.full.win32.x86_64_17.0.4.v20220903-1038\jre\bin\java.dll
0x00007ffecc4c0000 - 0x00007ffecc4d8000 	C:\Users\MyPC\.p2\pool\plugins\org.eclipse.justj.openjdk.hotspot.jre.full.win32.x86_64_17.0.4.v20220903-1038\jre\bin\zip.dll
0x00007fff34200000 - 0x00007fff34945000 	C:\WINDOWS\System32\SHELL32.dll
0x00007fff30ea0000 - 0x00007fff31632000 	C:\WINDOWS\SYSTEM32\windows.storage.dll
0x00007fff33c20000 - 0x00007fff33f75000 	C:\WINDOWS\System32\combase.dll
0x00007fff32b50000 - 0x00007fff32b80000 	C:\WINDOWS\SYSTEM32\Wldp.dll
0x00007fff34f40000 - 0x00007fff34fed000 	C:\WINDOWS\System32\SHCORE.dll
0x00007fff34d80000 - 0x00007fff34dd5000 	C:\WINDOWS\System32\shlwapi.dll
0x00007fff33030000 - 0x00007fff3304f000 	C:\WINDOWS\SYSTEM32\profapi.dll
0x00007ffeca490000 - 0x00007ffeca4a9000 	C:\Users\MyPC\.p2\pool\plugins\org.eclipse.justj.openjdk.hotspot.jre.full.win32.x86_64_17.0.4.v20220903-1038\jre\bin\net.dll
0x00007fff2b3f0000 - 0x00007fff2b4fa000 	C:\WINDOWS\SYSTEM32\WINHTTP.dll
0x00007fff328b0000 - 0x00007fff3291a000 	C:\WINDOWS\system32\mswsock.dll
0x00007ffeb8650000 - 0x00007ffeb8665000 	C:\Users\MyPC\.p2\pool\plugins\org.eclipse.justj.openjdk.hotspot.jre.full.win32.x86_64_17.0.4.v20220903-1038\jre\bin\nio.dll
0x00007ffece6d0000 - 0x00007ffece6e0000 	C:\Users\MyPC\.p2\pool\plugins\org.eclipse.justj.openjdk.hotspot.jre.full.win32.x86_64_17.0.4.v20220903-1038\jre\bin\verify.dll
0x00007fff32ab0000 - 0x00007fff32ac8000 	C:\WINDOWS\SYSTEM32\CRYPTSP.dll
0x00007fff32160000 - 0x00007fff32194000 	C:\WINDOWS\system32\rsaenh.dll
0x00007fff33750000 - 0x00007fff33777000 	C:\WINDOWS\System32\bcrypt.dll
0x00007fff32ff0000 - 0x00007fff3301e000 	C:\WINDOWS\SYSTEM32\USERENV.dll
0x00007fff32aa0000 - 0x00007fff32aac000 	C:\WINDOWS\SYSTEM32\CRYPTBASE.dll
0x00007fff32550000 - 0x00007fff3258b000 	C:\WINDOWS\SYSTEM32\IPHLPAPI.DLL
0x00007fff34f30000 - 0x00007fff34f38000 	C:\WINDOWS\System32\NSI.dll
0x00007fff2b8f0000 - 0x00007fff2b907000 	C:\WINDOWS\SYSTEM32\dhcpcsvc6.DLL
0x00007fff2c690000 - 0x00007fff2c6ad000 	C:\WINDOWS\SYSTEM32\dhcpcsvc.DLL
0x00007fff32590000 - 0x00007fff3265b000 	C:\WINDOWS\SYSTEM32\DNSAPI.dll
0x00007fff1dab0000 - 0x00007fff1dabe000 	C:\Users\MyPC\.p2\pool\plugins\org.eclipse.justj.openjdk.hotspot.jre.full.win32.x86_64_17.0.4.v20220903-1038\jre\bin\sunmscapi.dll
0x00007fff33780000 - 0x00007fff338d6000 	C:\WINDOWS\System32\CRYPT32.dll
0x00007fff32bc0000 - 0x00007fff32be7000 	C:\WINDOWS\SYSTEM32\ncrypt.dll
0x00007fff32b80000 - 0x00007fff32bbb000 	C:\WINDOWS\SYSTEM32\NTASN1.dll
0x00007fff2fd40000 - 0x00007fff2fd49000 	C:\Users\MyPC\.p2\pool\plugins\org.eclipse.justj.openjdk.hotspot.jre.full.win32.x86_64_17.0.4.v20220903-1038\jre\bin\management.dll
0x00007fff24700000 - 0x00007fff2470b000 	C:\Users\MyPC\.p2\pool\plugins\org.eclipse.justj.openjdk.hotspot.jre.full.win32.x86_64_17.0.4.v20220903-1038\jre\bin\management_ext.dll
0x00007fff2a3c0000 - 0x00007fff2a3ca000 	C:\Windows\System32\rasadhlp.dll
0x00007fff29930000 - 0x00007fff299b0000 	C:\WINDOWS\System32\fwpuclnt.dll
0x00007fff0b560000 - 0x00007fff0b567000 	C:\WINDOWS\system32\wshunix.dll

dbghelp: loaded successfully - version: 4.0.5 - missing functions: none
symbol engine: initialized successfully - sym options: 0x614 - pdb path: .;C:\Users\MyPC\.p2\pool\plugins\org.eclipse.justj.openjdk.hotspot.jre.full.win32.x86_64_17.0.4.v20220903-1038\jre\bin;C:\WINDOWS\SYSTEM32;C:\WINDOWS\WinSxS\amd64_microsoft.windows.common-controls_6595b64144ccf1df_6.0.19041.1110_none_60b5254171f9507e;C:\Users\MyPC\.p2\pool\plugins\org.eclipse.justj.openjdk.hotspot.jre.full.win32.x86_64_17.0.4.v20220903-1038\jre\bin\server

VM Arguments:
jvm_args: -Dfile.encoding=UTF-8 -XX:+ShowCodeDetailsInExceptionMessages 
java_command: com.SEP490_G9.Sep490G9Application
java_class_path (initial): C:\Users\MyPC\Documents\GitHub\SEP490_G9-Capstone_project_sp23\target\classes;C:\Users\MyPC\.p2\pool\plugins\org.junit_4.13.2.v20211018-1956.jar;C:\Users\MyPC\.p2\pool\plugins\org.hamcrest.core_1.3.0.v20180420-1519.jar;C:\Users\MyPC\.m2\repository\org\springframework\boot\spring-boot-starter-data-jpa\3.0.1\spring-boot-starter-data-jpa-3.0.1.jar;C:\Users\MyPC\.m2\repository\org\springframework\boot\spring-boot-starter-aop\3.0.1\spring-boot-starter-aop-3.0.1.jar;C:\Users\MyPC\.m2\repository\org\aspectj\aspectjweaver\1.9.19\aspectjweaver-1.9.19.jar;C:\Users\MyPC\.m2\repository\org\springframework\boot\spring-boot-starter-jdbc\3.0.1\spring-boot-starter-jdbc-3.0.1.jar;C:\Users\MyPC\.m2\repository\com\zaxxer\HikariCP\5.0.1\HikariCP-5.0.1.jar;C:\Users\MyPC\.m2\repository\org\springframework\spring-jdbc\6.0.3\spring-jdbc-6.0.3.jar;C:\Users\MyPC\.m2\repository\org\hibernate\orm\hibernate-core\6.1.6.Final\hibernate-core-6.1.6.Final.jar;C:\Users\MyPC\.m2\repository\jakarta\persistence\jakarta.persistence-api\3.1.0\jakarta.persistence-api-3.1.0.jar;C:\Users\MyPC\.m2\repository\jakarta\transaction\jakarta.transaction-api\2.0.1\jakarta.transaction-api-2.0.1.jar;C:\Users\MyPC\.m2\repository\org\jboss\logging\jboss-logging\3.5.0.Final\jboss-logging-3.5.0.Final.jar;C:\Users\MyPC\.m2\repository\org\hibernate\common\hibernate-commons-annotations\6.0.2.Final\hibernate-commons-annotations-6.0.2.Final.jar;C:\Users\MyPC\.m2\repository\org\jboss\jandex\2.4.2.Final\jandex-2.4.2.Final.jar;C:\Users\MyPC\.m2\repository\com\fasterxml\classmate\1.5.1\classmate-1.5.1.jar;C:\Users\MyPC\.m2\repository\org\glassfish\jaxb\jaxb-runtime\4.0.1\jaxb-runtime-4.0.1.jar;C:\Users\MyPC\.m2\repository\org\glassfish\jaxb\jaxb-core\4.0.1\jaxb-core-4.0.1.jar;C:\Users\MyPC\.m2\repository\org\glassfish\jaxb\txw2\4.0.1\txw2-4.0.1.jar;C:\Users\MyPC\.m2\repository\com\sun\istack\istack-commons-runtime\4.1.1\istack-commons-runtime-4.1.1.jar;C:\Users\MyPC\.m2\repository\jakarta\inject\jakart
Launcher Type: SUN_STANDARD

[Global flags]
     intx CICompilerCount                          = 4                                         {product} {ergonomic}
     uint ConcGCThreads                            = 2                                         {product} {ergonomic}
     uint G1ConcRefinementThreads                  = 8                                         {product} {ergonomic}
   size_t G1HeapRegionSize                         = 1048576                                   {product} {ergonomic}
    uintx GCDrainStackTargetSize                   = 64                                        {product} {ergonomic}
   size_t InitialHeapSize                          = 132120576                                 {product} {ergonomic}
   size_t MarkStackSize                            = 4194304                                   {product} {ergonomic}
   size_t MaxHeapSize                              = 2113929216                                {product} {ergonomic}
   size_t MaxNewSize                               = 1267728384                                {product} {ergonomic}
   size_t MinHeapDeltaBytes                        = 1048576                                   {product} {ergonomic}
   size_t MinHeapSize                              = 8388608                                   {product} {ergonomic}
    uintx NonNMethodCodeHeapSize                   = 5839372                                {pd product} {ergonomic}
    uintx NonProfiledCodeHeapSize                  = 122909434                              {pd product} {ergonomic}
    uintx ProfiledCodeHeapSize                     = 122909434                              {pd product} {ergonomic}
    uintx ReservedCodeCacheSize                    = 251658240                              {pd product} {ergonomic}
     bool SegmentedCodeCache                       = true                                      {product} {ergonomic}
     bool ShowCodeDetailsInExceptionMessages       = true                                   {manageable} {command line}
   size_t SoftMaxHeapSize                          = 2113929216                             {manageable} {ergonomic}
     bool UseCompressedClassPointers               = true                           {product lp64_product} {ergonomic}
     bool UseCompressedOops                        = true                           {product lp64_product} {ergonomic}
     bool UseG1GC                                  = true                                      {product} {ergonomic}
     bool UseLargePagesIndividualAllocation        = false                                  {pd product} {ergonomic}

Logging:
Log output configuration:
 #0: stdout all=warning uptime,level,tags
 #1: stderr all=off uptime,level,tags

Environment Variables:
JAVA_HOME=C:\Program Files\Java\jdk1.8.0_202
PATH=C:/Users/MyPC/.p2/pool/plugins/org.eclipse.justj.openjdk.hotspot.jre.full.win32.x86_64_17.0.4.v20220903-1038/jre/bin/server;C:/Users/MyPC/.p2/pool/plugins/org.eclipse.justj.openjdk.hotspot.jre.full.win32.x86_64_17.0.4.v20220903-1038/jre/bin;C:\Program Files\Java\jdk1.8.0_202\bin;C:\Users\MyPC\apache-maven-3.8.6\bin;C:\ProgramData\chocolatey\bin;C:\Program Files\Git\bin\;C:\Program Files\Git\cmd\;C:\Program Files\nodejs\;C:\Program Files\Microsoft SQL Server\Client SDK\ODBC\170\Tools\Binn\;C:\Program Files\Microsoft SQL Server\150\DTS\Binn\;C:\Program Files\Git\bin\;C:\Program Files\Git\cmd\;C:\Program Files (x86)\Git\cmd;C:\Program Files\MySQL\MySQL Shell 8.0\bin\;C:\Users\MyPC\AppData\Local\Microsoft\WindowsApps;C:\Program Files\Azure Data Studio\bin;C:\Program Files\Azure Data Studio\bin;C:\Users\MyPC\AppData\Local\JetBrains\Toolbox\scripts;C:\Users\MyPC\AppData\Local\GitHubDesktop\bin;C:\Users\MyPC\AppData\Roaming\npm;C:\Users\MyPC\AppData\Roaming\npm\node_modules\@angular\cli\bin;C:\Users\MyPC\AppData\Local\Programs\Microsoft VS Code\bin;C:\WINDOWS\system32;
USERNAME=MyPC
OS=Windows_NT
PROCESSOR_IDENTIFIER=Intel64 Family 6 Model 142 Stepping 10, GenuineIntel
TMP=C:\Users\MyPC\AppData\Local\Temp
TEMP=C:\Users\MyPC\AppData\Local\Temp



---------------  S Y S T E M  ---------------

OS:
 Windows 10 , 64 bit Build 19041 (10.0.19041.2546)
OS uptime: 0 days 0:46 hours

CPU: total 8 (initial active 8) (4 cores per cpu, 2 threads per core) family 6 model 142 stepping 10 microcode 0xb4, cx8, cmov, fxsr, ht, mmx, 3dnowpref, sse, sse2, sse3, ssse3, sse4.1, sse4.2, popcnt, lzcnt, tsc, tscinvbit, avx, avx2, aes, erms, clmul, bmi1, bmi2, adx, fma, vzeroupper, clflush, clflushopt

Memory: 4k page, system-wide physical 8057M (536M free)
TotalPageFile size 12005M (AvailPageFile size 9M)
current process WorkingSet (physical memory assigned to process): 242M, peak: 310M
current process commit charge ("private bytes"): 301M, peak: 342M

vm_info: OpenJDK 64-Bit Server VM (17.0.4.1+1) for windows-amd64 JRE (17.0.4.1+1), built on Aug 17 2022 07:42:43 by "temurin" with MS VC++ 16.7 (VS2019)

END.
