#
# There is insufficient memory for the Java Runtime Environment to continue.
# Native memory allocation (malloc) failed to allocate 1531376 bytes for Chunk::new
# Possible reasons:
#   The system is out of physical RAM or swap space
#   The process is running with CompressedOops enabled, and the Java Heap may be blocking the growth of the native heap
# Possible solutions:
#   Reduce memory load on the system
#   Increase physical memory or swap space
#   Check if swap backing store is full
#   Decrease Java heap size (-Xmx/-Xms)
#   Decrease number of Java threads
#   Decrease Java thread stack sizes (-Xss)
#   Set larger code cache with -XX:ReservedCodeCacheSize=
#   JVM is running with Unscaled Compressed Oops mode in which the Java heap is
#     placed in the first 4GB address space. The Java Heap base address is the
#     maximum limit for the native heap growth. Please use -XX:HeapBaseMinAddress
#     to set the Java Heap base and to place the Java Heap above 4GB virtual address.
# This output file may be truncated or incomplete.
#
#  Out of Memory Error (arena.cpp:189), pid=8816, tid=14064
#
# JRE version: OpenJDK Runtime Environment Temurin-17.0.4.1+1 (17.0.4.1+1) (build 17.0.4.1+1)
# Java VM: OpenJDK 64-Bit Server VM Temurin-17.0.4.1+1 (17.0.4.1+1, mixed mode, tiered, compressed oops, compressed class ptrs, g1 gc, windows-amd64)
# No core dump will be written. Minidumps are not enabled by default on client versions of Windows
#

---------------  S U M M A R Y ------------

Command Line: -Dfile.encoding=UTF-8 -XX:+ShowCodeDetailsInExceptionMessages com.SEP490_G9.Sep490G9Application

Host: Intel(R) Core(TM) i7-8550U CPU @ 1.80GHz, 8 cores, 7G,  Windows 10 , 64 bit Build 19041 (10.0.19041.2546)
Time: Sun Apr  9 17:07:59 2023 SE Asia Standard Time elapsed time: 6.418497 seconds (0d 0h 0m 6s)

---------------  T H R E A D  ---------------

Current thread (0x000002073ec43c00):  JavaThread "C2 CompilerThread0" daemon [_thread_in_native, id=14064, stack(0x0000002d5af00000,0x0000002d5b000000)]


Current CompileTask:
C2:   6418 2427   !   4       jdk.internal.loader.BuiltinClassLoader::loadClassOrNull (143 bytes)

Stack: [0x0000002d5af00000,0x0000002d5b000000]
Native frames: (J=compiled Java code, j=interpreted, Vv=VM code, C=native code)
V  [jvm.dll+0x67731a]
V  [jvm.dll+0x832284]
V  [jvm.dll+0x833a2e]
V  [jvm.dll+0x834093]
V  [jvm.dll+0x245775]
V  [jvm.dll+0xabd7b]
V  [jvm.dll+0xac30c]
V  [jvm.dll+0x363a42]
V  [jvm.dll+0x1bbd52]
V  [jvm.dll+0x2187d9]
V  [jvm.dll+0x217aa1]
V  [jvm.dll+0x1a3f8d]
V  [jvm.dll+0x227498]
V  [jvm.dll+0x2255e5]
V  [jvm.dll+0x7e7e9b]
V  [jvm.dll+0x7e240a]
V  [jvm.dll+0x6761a5]
C  [ucrtbase.dll+0x21bb2]
C  [KERNEL32.DLL+0x17614]
C  [ntdll.dll+0x526a1]


---------------  P R O C E S S  ---------------

Threads class SMR info:
_java_thread_list=0x000002073fead1b0, length=13, elements={
0x0000020724170500, 0x000002073ec137e0, 0x000002073e072160, 0x000002073e0a3360,
0x000002073e0a7c50, 0x000002073e0a8510, 0x000002073ec43010, 0x000002073ec43c00,
0x000002073ec4f3c0, 0x000002073ec520d0, 0x000002073edba590, 0x000002073edcd480,
0x000002073f952310
}

Java Threads: ( => current thread )
  0x0000020724170500 JavaThread "main" [_thread_in_native, id=4520, stack(0x0000002d5a200000,0x0000002d5a300000)]
  0x000002073ec137e0 JavaThread "Reference Handler" daemon [_thread_blocked, id=12080, stack(0x0000002d5a900000,0x0000002d5aa00000)]
  0x000002073e072160 JavaThread "Finalizer" daemon [_thread_blocked, id=5040, stack(0x0000002d5aa00000,0x0000002d5ab00000)]
  0x000002073e0a3360 JavaThread "Signal Dispatcher" daemon [_thread_blocked, id=7080, stack(0x0000002d5ab00000,0x0000002d5ac00000)]
  0x000002073e0a7c50 JavaThread "Attach Listener" daemon [_thread_blocked, id=1560, stack(0x0000002d5ac00000,0x0000002d5ad00000)]
  0x000002073e0a8510 JavaThread "Service Thread" daemon [_thread_blocked, id=8524, stack(0x0000002d5ad00000,0x0000002d5ae00000)]
  0x000002073ec43010 JavaThread "Monitor Deflation Thread" daemon [_thread_blocked, id=1352, stack(0x0000002d5ae00000,0x0000002d5af00000)]
=>0x000002073ec43c00 JavaThread "C2 CompilerThread0" daemon [_thread_in_native, id=14064, stack(0x0000002d5af00000,0x0000002d5b000000)]
  0x000002073ec4f3c0 JavaThread "C1 CompilerThread0" daemon [_thread_blocked, id=10760, stack(0x0000002d5b000000,0x0000002d5b100000)]
  0x000002073ec520d0 JavaThread "Sweeper thread" daemon [_thread_blocked, id=11984, stack(0x0000002d5b100000,0x0000002d5b200000)]
  0x000002073edba590 JavaThread "Notification Thread" daemon [_thread_blocked, id=12940, stack(0x0000002d5b200000,0x0000002d5b300000)]
  0x000002073edcd480 JavaThread "Common-Cleaner" daemon [_thread_blocked, id=7768, stack(0x0000002d5b400000,0x0000002d5b500000)]
  0x000002073f952310 JavaThread "C2 CompilerThread1" daemon [_thread_in_native, id=8688, stack(0x0000002d5b900000,0x0000002d5ba00000)]

Other Threads:
  0x000002073e08c020 VMThread "VM Thread" [stack: 0x0000002d5a800000,0x0000002d5a900000] [id=292]
  0x000002073ed6f760 WatcherThread [stack: 0x0000002d5b300000,0x0000002d5b400000] [id=7728]
  0x00000207241ccf00 GCTaskThread "GC Thread#0" [stack: 0x0000002d5a300000,0x0000002d5a400000] [id=13504]
  0x000002073fafae10 GCTaskThread "GC Thread#1" [stack: 0x0000002d5b500000,0x0000002d5b600000] [id=6772]
  0x000002073f5d2fc0 GCTaskThread "GC Thread#2" [stack: 0x0000002d5b600000,0x0000002d5b700000] [id=15724]
  0x000002073f46a8b0 GCTaskThread "GC Thread#3" [stack: 0x0000002d5b700000,0x0000002d5b800000] [id=7144]
  0x000002073f560ef0 GCTaskThread "GC Thread#4" [stack: 0x0000002d5b800000,0x0000002d5b900000] [id=12252]
  0x000002073fd31470 GCTaskThread "GC Thread#5" [stack: 0x0000002d5bb00000,0x0000002d5bc00000] [id=3832]
  0x0000020740157380 GCTaskThread "GC Thread#6" [stack: 0x0000002d5bc00000,0x0000002d5bd00000] [id=4716]
  0x0000020740157630 GCTaskThread "GC Thread#7" [stack: 0x0000002d5bd00000,0x0000002d5be00000] [id=4368]
  0x00000207241de1e0 ConcurrentGCThread "G1 Main Marker" [stack: 0x0000002d5a400000,0x0000002d5a500000] [id=2436]
  0x00000207241debf0 ConcurrentGCThread "G1 Conc#0" [stack: 0x0000002d5a500000,0x0000002d5a600000] [id=576]
  0x000002073fcc4a60 ConcurrentGCThread "G1 Conc#1" [stack: 0x0000002d5be00000,0x0000002d5bf00000] [id=6020]
  0x000002073dee24c0 ConcurrentGCThread "G1 Refine#0" [stack: 0x0000002d5a600000,0x0000002d5a700000] [id=9920]
  0x00000207242370d0 ConcurrentGCThread "G1 Service" [stack: 0x0000002d5a700000,0x0000002d5a800000] [id=5064]

Threads with active compile tasks:
C2 CompilerThread0     6458 2427   !   4       jdk.internal.loader.BuiltinClassLoader::loadClassOrNull (143 bytes)
C1 CompilerThread0     6458 2612       3       org.springframework.util.StringUtils::collectionToDelimitedString (10 bytes)
C2 CompilerThread1     6458 2587       4       org.springframework.boot.context.properties.source.ConfigurationPropertyName$ElementsParser::parse (234 bytes)

VM state: not at safepoint (normal execution)

VM Mutex/Monitor currently owned by a thread: None

Heap address: 0x0000000082000000, size: 2016 MB, Compressed Oops mode: 32-bit

CDS archive(s) not mapped
Compressed class space mapped at: 0x0000000100000000-0x0000000140000000, reserved size: 1073741824
Narrow klass base: 0x0000000000000000, Narrow klass shift: 3, Narrow klass range: 0x140000000

GC Precious Log:
 CPUs: 8 total, 8 available
 Memory: 8057M
 Large Page Support: Disabled
 NUMA Support: Disabled
 Compressed Oops: Enabled (32-bit)
 Heap Region Size: 1M
 Heap Min Capacity: 8M
 Heap Initial Capacity: 126M
 Heap Max Capacity: 2016M
 Pre-touch: Disabled
 Parallel Workers: 8
 Concurrent Workers: 2
 Concurrent Refinement Workers: 8
 Periodic GC: Disabled

Heap:
 garbage-first heap   total 40960K, used 13748K [0x0000000082000000, 0x0000000100000000)
  region size 1024K, 3 young (3072K), 2 survivors (2048K)
 Metaspace       used 28256K, committed 28544K, reserved 1081344K
  class space    used 3254K, committed 3392K, reserved 1048576K

Heap Regions: E=young(eden), S=young(survivor), O=old, HS=humongous(starts), HC=humongous(continues), CS=collection set, F=free, OA=open archive, CA=closed archive, TAMS=top-at-mark-start (previous, next)
|   0|0x0000000082000000, 0x0000000082100000, 0x0000000082100000|100%|HS|  |TAMS 0x0000000082100000, 0x0000000082000000| Complete 
|   1|0x0000000082100000, 0x0000000082200000, 0x0000000082200000|100%| O|  |TAMS 0x0000000082200000, 0x0000000082100000| Untracked 
|   2|0x0000000082200000, 0x0000000082300000, 0x0000000082300000|100%| O|  |TAMS 0x0000000082300000, 0x0000000082200000| Untracked 
|   3|0x0000000082300000, 0x0000000082400000, 0x0000000082400000|100%| O|  |TAMS 0x0000000082400000, 0x0000000082300000| Untracked 
|   4|0x0000000082400000, 0x0000000082500000, 0x0000000082500000|100%| O|  |TAMS 0x0000000082500000, 0x0000000082400000| Untracked 
|   5|0x0000000082500000, 0x0000000082600000, 0x0000000082600000|100%| O|  |TAMS 0x0000000082600000, 0x0000000082500000| Untracked 
|   6|0x0000000082600000, 0x0000000082700000, 0x0000000082700000|100%| O|  |TAMS 0x0000000082700000, 0x0000000082600000| Untracked 
|   7|0x0000000082700000, 0x0000000082700000, 0x0000000082800000|  0%| F|  |TAMS 0x0000000082700000, 0x0000000082700000| Untracked 
|   8|0x0000000082800000, 0x0000000082900000, 0x0000000082900000|100%| O|  |TAMS 0x0000000082800000, 0x0000000082800000| Untracked 
|   9|0x0000000082900000, 0x0000000082a00000, 0x0000000082a00000|100%| O|  |TAMS 0x0000000082900000, 0x0000000082900000| Untracked 
|  10|0x0000000082a00000, 0x0000000082b00000, 0x0000000082b00000|100%| O|  |TAMS 0x0000000082a00000, 0x0000000082a00000| Untracked 
|  11|0x0000000082b00000, 0x0000000082c00000, 0x0000000082c00000|100%| O|  |TAMS 0x0000000082b00000, 0x0000000082b00000| Untracked 
|  12|0x0000000082c00000, 0x0000000082c6fc00, 0x0000000082d00000| 43%| O|  |TAMS 0x0000000082c00000, 0x0000000082c00000| Untracked 
|  13|0x0000000082d00000, 0x0000000082d00000, 0x0000000082e00000|  0%| F|  |TAMS 0x0000000082d00000, 0x0000000082d00000| Untracked 
|  14|0x0000000082e00000, 0x0000000082e00000, 0x0000000082f00000|  0%| F|  |TAMS 0x0000000082e00000, 0x0000000082e00000| Untracked 
|  15|0x0000000082f00000, 0x0000000082f00000, 0x0000000083000000|  0%| F|  |TAMS 0x0000000082f00000, 0x0000000082f00000| Untracked 
|  16|0x0000000083000000, 0x0000000083000000, 0x0000000083100000|  0%| F|  |TAMS 0x0000000083000000, 0x0000000083000000| Untracked 
|  17|0x0000000083100000, 0x0000000083100000, 0x0000000083200000|  0%| F|  |TAMS 0x0000000083100000, 0x0000000083100000| Untracked 
|  18|0x0000000083200000, 0x0000000083200000, 0x0000000083300000|  0%| F|  |TAMS 0x0000000083200000, 0x0000000083200000| Untracked 
|  19|0x0000000083300000, 0x0000000083300000, 0x0000000083400000|  0%| F|  |TAMS 0x0000000083300000, 0x0000000083300000| Untracked 
|  20|0x0000000083400000, 0x0000000083400000, 0x0000000083500000|  0%| F|  |TAMS 0x0000000083400000, 0x0000000083400000| Untracked 
|  21|0x0000000083500000, 0x00000000835fd480, 0x0000000083600000| 98%| S|CS|TAMS 0x0000000083500000, 0x0000000083500000| Complete 
|  22|0x0000000083600000, 0x0000000083700000, 0x0000000083700000|100%| S|CS|TAMS 0x0000000083600000, 0x0000000083600000| Complete 
|  23|0x0000000083700000, 0x0000000083700000, 0x0000000083800000|  0%| F|  |TAMS 0x0000000083700000, 0x0000000083700000| Untracked 
|  24|0x0000000083800000, 0x0000000083800000, 0x0000000083900000|  0%| F|  |TAMS 0x0000000083800000, 0x0000000083800000| Untracked 
|  25|0x0000000083900000, 0x0000000083900000, 0x0000000083a00000|  0%| F|  |TAMS 0x0000000083900000, 0x0000000083900000| Untracked 
|  26|0x0000000083a00000, 0x0000000083a00000, 0x0000000083b00000|  0%| F|  |TAMS 0x0000000083a00000, 0x0000000083a00000| Untracked 
|  27|0x0000000083b00000, 0x0000000083b00000, 0x0000000083c00000|  0%| F|  |TAMS 0x0000000083b00000, 0x0000000083b00000| Untracked 
|  28|0x0000000083c00000, 0x0000000083c00000, 0x0000000083d00000|  0%| F|  |TAMS 0x0000000083c00000, 0x0000000083c00000| Untracked 
|  29|0x0000000083d00000, 0x0000000083d00000, 0x0000000083e00000|  0%| F|  |TAMS 0x0000000083d00000, 0x0000000083d00000| Untracked 
|  30|0x0000000083e00000, 0x0000000083e00000, 0x0000000083f00000|  0%| F|  |TAMS 0x0000000083e00000, 0x0000000083e00000| Untracked 
|  31|0x0000000083f00000, 0x0000000083f00000, 0x0000000084000000|  0%| F|  |TAMS 0x0000000083f00000, 0x0000000083f00000| Untracked 
|  32|0x0000000084000000, 0x0000000084000000, 0x0000000084100000|  0%| F|  |TAMS 0x0000000084000000, 0x0000000084000000| Untracked 
|  33|0x0000000084100000, 0x0000000084100000, 0x0000000084200000|  0%| F|  |TAMS 0x0000000084100000, 0x0000000084100000| Untracked 
|  34|0x0000000084200000, 0x0000000084200000, 0x0000000084300000|  0%| F|  |TAMS 0x0000000084200000, 0x0000000084200000| Untracked 
|  35|0x0000000084300000, 0x0000000084300000, 0x0000000084400000|  0%| F|  |TAMS 0x0000000084300000, 0x0000000084300000| Untracked 
| 119|0x0000000089700000, 0x0000000089700000, 0x0000000089800000|  0%| F|  |TAMS 0x0000000089700000, 0x0000000089700000| Untracked 
| 120|0x0000000089800000, 0x0000000089800000, 0x0000000089900000|  0%| F|  |TAMS 0x0000000089800000, 0x0000000089800000| Untracked 
| 121|0x0000000089900000, 0x0000000089900000, 0x0000000089a00000|  0%| F|  |TAMS 0x0000000089900000, 0x0000000089900000| Untracked 
| 125|0x0000000089d00000, 0x0000000089d98140, 0x0000000089e00000| 59%| E|  |TAMS 0x0000000089d00000, 0x0000000089d00000| Complete 

Card table byte_map: [0x0000020736f50000,0x0000020737340000] _byte_map_base: 0x0000020736b40000

Marking Bits (Prev, Next): (CMBitMap*) 0x00000207241cd550, (CMBitMap*) 0x00000207241cd510
 Prev Bits: [0x00000207396b0000, 0x000002073b630000)
 Next Bits: [0x0000020737730000, 0x00000207396b0000)

Polling page: 0x0000020722170000

Metaspace:

Usage:
  Non-class:     24.42 MB used.
      Class:      3.18 MB used.
       Both:     27.60 MB used.

Virtual space:
  Non-class space:       32.00 MB reserved,      24.56 MB ( 77%) committed,  4 nodes.
      Class space:        1.00 GB reserved,       3.31 MB ( <1%) committed,  1 nodes.
             Both:        1.03 GB reserved,      27.88 MB (  3%) committed. 

Chunk freelists:
   Non-Class:  3.08 MB
       Class:  551.00 KB
        Both:  3.62 MB

MaxMetaspaceSize: unlimited
CompressedClassSpaceSize: 1.00 GB
Initial GC threshold: 21.00 MB
Current GC threshold: 35.25 MB
CDS: off
MetaspaceReclaimPolicy: balanced
 - commit_granule_bytes: 65536.
 - commit_granule_words: 8192.
 - virtual_space_node_default_size: 1048576.
 - enlarge_chunks_in_place: 1.
 - new_chunks_are_fully_committed: 0.
 - uncommit_free_chunks: 1.
 - use_allocation_guard: 0.
 - handle_deallocations: 1.


Internal statistics:

num_allocs_failed_limit: 5.
num_arena_births: 206.
num_arena_deaths: 0.
num_vsnodes_births: 5.
num_vsnodes_deaths: 0.
num_space_committed: 446.
num_space_uncommitted: 0.
num_chunks_returned_to_freelist: 5.
num_chunks_taken_from_freelist: 877.
num_chunk_merges: 5.
num_chunk_splits: 596.
num_chunks_enlarged: 482.
num_purges: 0.
num_inconsistent_stats: 0.

CodeHeap 'non-profiled nmethods': size=120000Kb used=1195Kb max_used=1195Kb free=118804Kb
 bounds [0x000002072f300000, 0x000002072f570000, 0x0000020736830000]
CodeHeap 'profiled nmethods': size=120000Kb used=5335Kb max_used=5335Kb free=114664Kb
 bounds [0x0000020727dd0000, 0x0000020728310000, 0x000002072f300000]
CodeHeap 'non-nmethods': size=5760Kb used=1195Kb max_used=1278Kb free=4564Kb
 bounds [0x0000020727830000, 0x0000020727aa0000, 0x0000020727dd0000]
 total_blobs=3094 nmethods=2601 adapters=405
 compilation: enabled
              stopped_count=0, restarted_count=0
 full_count=0

Compilation events (20 events):
Event: 6.394 Thread 0x000002073ec4f3c0 2575       3       java.io.ByteArrayOutputStream::<init> (7 bytes)
Event: 6.394 Thread 0x000002073ec4f3c0 nmethod 2575 0x00000207282f2410 code [0x00000207282f25a0, 0x00000207282f26e8]
Event: 6.396 Thread 0x000002073f952310 nmethod 2545 0x000002072f426d10 code [0x000002072f426f40, 0x000002072f4276c0]
Event: 6.396 Thread 0x000002073f952310 2557       4       jdk.internal.reflect.ClassFileAssembler::emitByte (11 bytes)
Event: 6.399 Thread 0x000002073f952310 nmethod 2557 0x000002072f427a90 code [0x000002072f427c20, 0x000002072f427d68]
Event: 6.400 Thread 0x000002073f952310 2558       4       jdk.internal.reflect.ByteVectorImpl::add (38 bytes)
Event: 6.401 Thread 0x000002073f952310 nmethod 2558 0x000002072f427f10 code [0x000002072f4280a0, 0x000002072f4281a8]
Event: 6.401 Thread 0x000002073f952310 2571       4       java.lang.invoke.Invokers$Holder::linkToTargetMethod (8 bytes)
Event: 6.402 Thread 0x000002073f952310 nmethod 2571 0x000002072f428290 code [0x000002072f428420, 0x000002072f4284d8]
Event: 6.402 Thread 0x000002073f952310 2576       4       org.springframework.util.ConcurrentReferenceHashMap$Segment::getReference (55 bytes)
Event: 6.404 Thread 0x000002073ec4f3c0 2578       3       java.util.RegularEnumSet$EnumSetIterator::hasNext (15 bytes)
Event: 6.404 Thread 0x000002073ec4f3c0 nmethod 2578 0x00000207282f2790 code [0x00000207282f2920, 0x00000207282f2a98]
Event: 6.405 Thread 0x000002073ec4f3c0 2580       3       java.io.FilterInputStream::read (11 bytes)
Event: 6.406 Thread 0x000002073ec4f3c0 nmethod 2580 0x00000207282f2b10 code [0x00000207282f2cc0, 0x00000207282f2e88]
Event: 6.409 Thread 0x000002073ec4f3c0 2582       3       org.springframework.core.annotation.TypeMappedAnnotation::adaptForAttribute (253 bytes)
Event: 6.412 Thread 0x000002073ec4f3c0 nmethod 2582 0x00000207282f2f90 code [0x00000207282f33c0, 0x00000207282f5238]
Event: 6.412 Thread 0x000002073ec4f3c0 2585       3       org.springframework.core.annotation.MergedAnnotation$Adapt::isIn (36 bytes)
Event: 6.413 Thread 0x000002073ec4f3c0 nmethod 2585 0x00000207282f5a90 code [0x00000207282f5c40, 0x00000207282f5e78]
Event: 6.413 Thread 0x000002073ec4f3c0 2583       3       org.springframework.core.annotation.TypeMappedAnnotation::getAdaptType (48 bytes)
Event: 6.414 Thread 0x000002073ec4f3c0 nmethod 2583 0x00000207282f5f90 code [0x00000207282f61a0, 0x00000207282f6788]

GC Heap History (10 events):
Event: 1.854 GC heap before
{Heap before GC invocations=0 (full 0):
 garbage-first heap   total 129024K, used 23552K [0x0000000082000000, 0x0000000100000000)
  region size 1024K, 23 young (23552K), 0 survivors (0K)
 Metaspace       used 13698K, committed 13888K, reserved 1064960K
  class space    used 1381K, committed 1472K, reserved 1048576K
}
Event: 1.871 GC heap after
{Heap after GC invocations=1 (full 0):
 garbage-first heap   total 129024K, used 7863K [0x0000000082000000, 0x0000000100000000)
  region size 1024K, 3 young (3072K), 3 survivors (3072K)
 Metaspace       used 13698K, committed 13888K, reserved 1064960K
  class space    used 1381K, committed 1472K, reserved 1048576K
}
Event: 3.665 GC heap before
{Heap before GC invocations=1 (full 0):
 garbage-first heap   total 129024K, used 34487K [0x0000000082000000, 0x0000000100000000)
  region size 1024K, 29 young (29696K), 3 survivors (3072K)
 Metaspace       used 20150K, committed 20352K, reserved 1073152K
  class space    used 2339K, committed 2432K, reserved 1048576K
}
Event: 3.673 GC heap after
{Heap after GC invocations=2 (full 0):
 garbage-first heap   total 129024K, used 10030K [0x0000000082000000, 0x0000000100000000)
  region size 1024K, 3 young (3072K), 3 survivors (3072K)
 Metaspace       used 20150K, committed 20352K, reserved 1073152K
  class space    used 2339K, committed 2432K, reserved 1048576K
}
Event: 3.755 GC heap before
{Heap before GC invocations=2 (full 0):
 garbage-first heap   total 129024K, used 13102K [0x0000000082000000, 0x0000000100000000)
  region size 1024K, 7 young (7168K), 3 survivors (3072K)
 Metaspace       used 21332K, committed 21504K, reserved 1073152K
  class space    used 2469K, committed 2560K, reserved 1048576K
}
Event: 3.759 GC heap after
{Heap after GC invocations=3 (full 0):
 garbage-first heap   total 129024K, used 10223K [0x0000000082000000, 0x0000000100000000)
  region size 1024K, 3 young (3072K), 3 survivors (3072K)
 Metaspace       used 21332K, committed 21504K, reserved 1073152K
  class space    used 2469K, committed 2560K, reserved 1048576K
}
Event: 5.284 GC heap before
{Heap before GC invocations=4 (full 0):
 garbage-first heap   total 40960K, used 29679K [0x0000000082000000, 0x0000000100000000)
  region size 1024K, 23 young (23552K), 3 survivors (3072K)
 Metaspace       used 26322K, committed 26624K, reserved 1073152K
  class space    used 3044K, committed 3200K, reserved 1048576K
}
Event: 5.291 GC heap after
{Heap after GC invocations=5 (full 0):
 garbage-first heap   total 40960K, used 11814K [0x0000000082000000, 0x0000000100000000)
  region size 1024K, 2 young (2048K), 2 survivors (2048K)
 Metaspace       used 26322K, committed 26624K, reserved 1073152K
  class space    used 3044K, committed 3200K, reserved 1048576K
}
Event: 5.728 GC heap before
{Heap before GC invocations=5 (full 0):
 garbage-first heap   total 40960K, used 12838K [0x0000000082000000, 0x0000000100000000)
  region size 1024K, 3 young (3072K), 2 survivors (2048K)
 Metaspace       used 26383K, committed 26688K, reserved 1073152K
  class space    used 3049K, committed 3200K, reserved 1048576K
}
Event: 5.734 GC heap after
{Heap after GC invocations=6 (full 0):
 garbage-first heap   total 40960K, used 12095K [0x0000000082000000, 0x0000000100000000)
  region size 1024K, 1 young (1024K), 1 survivors (1024K)
 Metaspace       used 26383K, committed 26688K, reserved 1073152K
  class space    used 3049K, committed 3200K, reserved 1048576K
}

Deoptimization events (20 events):
Event: 6.160 Thread 0x0000020724170500 DEOPT PACKING pc=0x00000207282a1659 sp=0x0000002d5a2fe580
Event: 6.160 Thread 0x0000020724170500 DEOPT UNPACKING pc=0x0000020727882b43 sp=0x0000002d5a2fda70 mode 0
Event: 6.161 Thread 0x0000020724170500 DEOPT PACKING pc=0x00000207282a1659 sp=0x0000002d5a2fe580
Event: 6.161 Thread 0x0000020724170500 DEOPT UNPACKING pc=0x0000020727882b43 sp=0x0000002d5a2fda70 mode 0
Event: 6.161 Thread 0x0000020724170500 DEOPT PACKING pc=0x00000207282a1659 sp=0x0000002d5a2fe580
Event: 6.161 Thread 0x0000020724170500 DEOPT UNPACKING pc=0x0000020727882b43 sp=0x0000002d5a2fda70 mode 0
Event: 6.162 Thread 0x0000020724170500 DEOPT PACKING pc=0x00000207282a1659 sp=0x0000002d5a2fe580
Event: 6.162 Thread 0x0000020724170500 DEOPT UNPACKING pc=0x0000020727882b43 sp=0x0000002d5a2fda70 mode 0
Event: 6.163 Thread 0x0000020724170500 DEOPT PACKING pc=0x00000207282a1659 sp=0x0000002d5a2fe580
Event: 6.163 Thread 0x0000020724170500 DEOPT UNPACKING pc=0x0000020727882b43 sp=0x0000002d5a2fda70 mode 0
Event: 6.163 Thread 0x0000020724170500 DEOPT PACKING pc=0x00000207282a1659 sp=0x0000002d5a2fe580
Event: 6.163 Thread 0x0000020724170500 DEOPT UNPACKING pc=0x0000020727882b43 sp=0x0000002d5a2fda70 mode 0
Event: 6.164 Thread 0x0000020724170500 DEOPT PACKING pc=0x00000207282a1659 sp=0x0000002d5a2fe580
Event: 6.164 Thread 0x0000020724170500 DEOPT UNPACKING pc=0x0000020727882b43 sp=0x0000002d5a2fda70 mode 0
Event: 6.164 Thread 0x0000020724170500 DEOPT PACKING pc=0x00000207282a1659 sp=0x0000002d5a2fe580
Event: 6.164 Thread 0x0000020724170500 DEOPT UNPACKING pc=0x0000020727882b43 sp=0x0000002d5a2fda70 mode 0
Event: 6.165 Thread 0x0000020724170500 DEOPT PACKING pc=0x00000207282a1659 sp=0x0000002d5a2fe580
Event: 6.165 Thread 0x0000020724170500 DEOPT UNPACKING pc=0x0000020727882b43 sp=0x0000002d5a2fda70 mode 0
Event: 6.165 Thread 0x0000020724170500 DEOPT PACKING pc=0x00000207282a1659 sp=0x0000002d5a2fe580
Event: 6.165 Thread 0x0000020724170500 DEOPT UNPACKING pc=0x0000020727882b43 sp=0x0000002d5a2fda70 mode 0

Classes unloaded (0 events):
No events

Classes redefined (0 events):
No events

Internal exceptions (20 events):
Event: 2.104 Thread 0x0000020724170500 Exception <a 'java/lang/NoSuchMethodError'{0x000000008995b750}: 'java.lang.Object java.lang.invoke.DirectMethodHandle$Holder.invokeStatic(java.lang.Object, java.lang.Object, long, java.lang.Object)'> (0x000000008995b750) 
thrown [s\src\hotspot\share\interpreter\linkResolver.cpp, line 759]
Event: 2.105 Thread 0x0000020724170500 Exception <a 'java/lang/NoSuchMethodError'{0x000000008995f1e8}: 'java.lang.Object java.lang.invoke.DirectMethodHandle$Holder.invokeStaticInit(java.lang.Object, java.lang.Object, long, java.lang.Object)'> (0x000000008995f1e8) 
thrown [s\src\hotspot\share\interpreter\linkResolver.cpp, line 759]
Event: 2.105 Thread 0x0000020724170500 Exception <a 'java/lang/NoSuchMethodError'{0x0000000089965968}: 'java.lang.Object java.lang.invoke.DirectMethodHandle$Holder.newInvokeSpecial(java.lang.Object, java.lang.Object, long)'> (0x0000000089965968) 
thrown [s\src\hotspot\share\interpreter\linkResolver.cpp, line 759]
Event: 2.106 Thread 0x0000020724170500 Exception <a 'java/lang/NoSuchMethodError'{0x00000000899694d8}: 'java.lang.Object java.lang.invoke.Invokers$Holder.linkToTargetMethod(java.lang.Object, long, java.lang.Object)'> (0x00000000899694d8) 
thrown [s\src\hotspot\share\interpreter\linkResolver.cpp, line 759]
Event: 2.121 Thread 0x0000020724170500 Exception <a 'java/lang/NoSuchMethodError'{0x00000000899a9eb8}: 'void java.lang.invoke.DirectMethodHandle$Holder.invokeVirtual(java.lang.Object, java.lang.Object, java.lang.Object, java.lang.Object)'> (0x00000000899a9eb8) 
thrown [s\src\hotspot\share\interpreter\linkResolver.cpp, line 759]
Event: 2.214 Thread 0x0000020724170500 Exception <a 'java/lang/NoSuchMethodError'{0x00000000898fc670}: 'void java.lang.invoke.DirectMethodHandle$Holder.invokeSpecial(java.lang.Object, java.lang.Object, java.lang.Object)'> (0x00000000898fc670) 
thrown [s\src\hotspot\share\interpreter\linkResolver.cpp, line 759]
Event: 2.215 Thread 0x0000020724170500 Exception <a 'java/lang/NoSuchMethodError'{0x0000000089703500}: 'void java.lang.invoke.DirectMethodHandle$Holder.invokeSpecial(java.lang.Object, java.lang.Object, java.lang.Object, java.lang.Object, java.lang.Object)'> (0x0000000089703500) 
thrown [s\src\hotspot\share\interpreter\linkResolver.cpp, line 759]
Event: 2.267 Thread 0x0000020724170500 Exception <a 'java/lang/NoSuchMethodError'{0x0000000089769680}: 'java.lang.Object java.lang.invoke.DirectMethodHandle$Holder.invokeStatic(java.lang.Object, java.lang.Object, int)'> (0x0000000089769680) 
thrown [s\src\hotspot\share\interpreter\linkResolver.cpp, line 759]
Event: 2.270 Thread 0x0000020724170500 Exception <a 'java/lang/NoSuchMethodError'{0x0000000089777e60}: 'void java.lang.invoke.DelegatingMethodHandle$Holder.delegate(java.lang.Object, java.lang.Object, int, java.lang.Object)'> (0x0000000089777e60) 
thrown [s\src\hotspot\share\interpreter\linkResolver.cpp, line 759]
Event: 2.436 Thread 0x0000020724170500 Exception <a 'java/lang/IncompatibleClassChangeError'{0x0000000089478938}: Found class java.lang.Object, but interface was expected> (0x0000000089478938) 
thrown [s\src\hotspot\share\interpreter\linkResolver.cpp, line 826]
Event: 3.799 Thread 0x0000020724170500 Exception <a 'java/lang/NoSuchMethodError'{0x00000000843b5ba0}: 'int java.lang.invoke.DirectMethodHandle$Holder.invokeSpecial(java.lang.Object, java.lang.Object, java.lang.Object, java.lang.Object, java.lang.Object)'> (0x00000000843b5ba0) 
thrown [s\src\hotspot\share\interpreter\linkResolver.cpp, line 759]
Event: 3.804 Thread 0x0000020724170500 Exception <a 'java/lang/NoSuchMethodError'{0x00000000843becc0}: 'void java.lang.invoke.DirectMethodHandle$Holder.invokeVirtual(java.lang.Object, java.lang.Object)'> (0x00000000843becc0) 
thrown [s\src\hotspot\share\interpreter\linkResolver.cpp, line 759]
Event: 4.356 Thread 0x000002073fb62460 Exception <a 'java/lang/NoSuchMethodError'{0x000000008339c288}: 'long java.lang.invoke.DirectMethodHandle$Holder.invokeSpecial(java.lang.Object, java.lang.Object)'> (0x000000008339c288) 
thrown [s\src\hotspot\share\interpreter\linkResolver.cpp, line 759]
Event: 4.359 Thread 0x000002073fb62460 Exception <a 'java/lang/NoSuchMethodError'{0x00000000833a74b0}: 'long java.lang.invoke.DirectMethodHandle$Holder.invokeStatic(java.lang.Object, java.lang.Object)'> (0x00000000833a74b0) 
thrown [s\src\hotspot\share\interpreter\linkResolver.cpp, line 759]
Event: 4.359 Thread 0x000002073fb62460 Exception <a 'java/lang/NoSuchMethodError'{0x00000000833aaab0}: 'long java.lang.invoke.DirectMethodHandle$Holder.invokeStaticInit(java.lang.Object, java.lang.Object)'> (0x00000000833aaab0) 
thrown [s\src\hotspot\share\interpreter\linkResolver.cpp, line 759]
Event: 4.362 Thread 0x000002073fb62460 Exception <a 'java/lang/NoSuchMethodError'{0x00000000833b8658}: 'long java.lang.invoke.DirectMethodHandle$Holder.invokeInterface(java.lang.Object, java.lang.Object)'> (0x00000000833b8658) 
thrown [s\src\hotspot\share\interpreter\linkResolver.cpp, line 759]
Event: 4.363 Thread 0x000002073fb62460 Exception <a 'java/lang/IncompatibleClassChangeError'{0x00000000833bbbe8}: Found class java.lang.Object, but interface was expected> (0x00000000833bbbe8) 
thrown [s\src\hotspot\share\interpreter\linkResolver.cpp, line 826]
Event: 4.383 Thread 0x000002073fb62460 Exception <a 'java/lang/NoSuchMethodError'{0x000000008322b6b8}: 'java.lang.Object java.lang.invoke.DirectMethodHandle$Holder.invokeVirtual(java.lang.Object, java.lang.Object, java.lang.Object, java.lang.Object)'> (0x000000008322b6b8) 
thrown [s\src\hotspot\share\interpreter\linkResolver.cpp, line 759]
Event: 6.154 Thread 0x0000020724170500 Exception <a 'java/lang/IncompatibleClassChangeError'{0x0000000083df81f8}: Found class java.lang.Object, but interface was expected> (0x0000000083df81f8) 
thrown [s\src\hotspot\share\interpreter\linkResolver.cpp, line 826]
Event: 6.205 Thread 0x0000020724170500 Exception <a 'java/lang/NoSuchMethodError'{0x0000000083b27380}: 'void java.lang.invoke.DirectMethodHandle$Holder.invokeInterface(java.lang.Object, java.lang.Object, java.lang.Object, java.lang.Object)'> (0x0000000083b27380) 
thrown [s\src\hotspot\share\interpreter\linkResolver.cpp, line 759]

VM Operations (20 events):
Event: 3.744 Executing VM operation: HandshakeAllThreads
Event: 3.744 Executing VM operation: HandshakeAllThreads done
Event: 3.755 Executing VM operation: CollectForMetadataAllocation
Event: 3.759 Executing VM operation: CollectForMetadataAllocation done
Event: 3.759 Executing VM operation: CollectForMetadataAllocation
Event: 3.760 Executing VM operation: CollectForMetadataAllocation done
Event: 3.769 Executing VM operation: G1Concurrent
Event: 3.772 Executing VM operation: G1Concurrent done
Event: 3.774 Executing VM operation: HandshakeAllThreads
Event: 3.775 Executing VM operation: HandshakeAllThreads done
Event: 3.775 Executing VM operation: G1Concurrent
Event: 3.777 Executing VM operation: G1Concurrent done
Event: 3.993 Executing VM operation: HandshakeAllThreads
Event: 3.993 Executing VM operation: HandshakeAllThreads done
Event: 5.007 Executing VM operation: Cleanup
Event: 5.007 Executing VM operation: Cleanup done
Event: 5.284 Executing VM operation: G1CollectForAllocation
Event: 5.291 Executing VM operation: G1CollectForAllocation done
Event: 5.728 Executing VM operation: G1CollectForAllocation
Event: 5.734 Executing VM operation: G1CollectForAllocation done

Events (20 events):
Event: 4.328 loading class java/util/ArrayList$SubList done
Event: 4.333 loading class java/util/regex/Pattern$Pos
Event: 4.333 loading class java/util/regex/Pattern$Pos done
Event: 4.355 loading class java/util/function/ToLongFunction
Event: 4.355 loading class java/util/function/ToLongFunction done
Event: 4.357 loading class java/util/function/ToIntFunction
Event: 4.357 loading class java/util/function/ToIntFunction done
Event: 4.386 loading class java/util/IdentityHashMap$KeyIterator
Event: 4.386 loading class java/util/IdentityHashMap$KeyIterator done
Event: 4.386 Thread 0x000002073fb62460 Thread exited: 0x000002073fb62460
Event: 4.707 Thread 0x000002073fd41f80 Thread exited: 0x000002073fd41f80
Event: 5.924 Thread 0x000002073f952310 Thread added: 0x000002073f952310
Event: 6.063 Thread 0x0000020741e8c310 Thread added: 0x0000020741e8c310
Event: 6.086 loading class javax/naming/ldap/LdapContext
Event: 6.088 loading class javax/naming/directory/DirContext
Event: 6.088 loading class javax/naming/directory/DirContext done
Event: 6.089 loading class javax/naming/ldap/LdapContext done
Event: 6.107 Thread 0x0000020741e8c310 Thread exited: 0x0000020741e8c310
Event: 6.154 loading class java/util/HashMap$KeySpliterator
Event: 6.154 loading class java/util/HashMap$KeySpliterator done


Dynamic libraries:
0x00007ff6b6a30000 - 0x00007ff6b6a3e000 	C:\Users\MyPC\.p2\pool\plugins\org.eclipse.justj.openjdk.hotspot.jre.full.win32.x86_64_17.0.4.v20220903-1038\jre\bin\javaw.exe
0x00007ffa2e550000 - 0x00007ffa2e748000 	C:\WINDOWS\SYSTEM32\ntdll.dll
0x00007ffa2c6a0000 - 0x00007ffa2c75f000 	C:\WINDOWS\System32\KERNEL32.DLL
0x00007ffa2c180000 - 0x00007ffa2c452000 	C:\WINDOWS\System32\KERNELBASE.dll
0x00007ffa2bef0000 - 0x00007ffa2bff0000 	C:\WINDOWS\System32\ucrtbase.dll
0x00007ffa28e70000 - 0x00007ffa28e89000 	C:\Users\MyPC\.p2\pool\plugins\org.eclipse.justj.openjdk.hotspot.jre.full.win32.x86_64_17.0.4.v20220903-1038\jre\bin\VCRUNTIME140.dll
0x00007ffa17fc0000 - 0x00007ffa17fd8000 	C:\Users\MyPC\.p2\pool\plugins\org.eclipse.justj.openjdk.hotspot.jre.full.win32.x86_64_17.0.4.v20220903-1038\jre\bin\jli.dll
0x00007ffa2d440000 - 0x00007ffa2d5e1000 	C:\WINDOWS\System32\USER32.dll
0x00007ffa2c5f0000 - 0x00007ffa2c612000 	C:\WINDOWS\System32\win32u.dll
0x00007ffa2e270000 - 0x00007ffa2e29b000 	C:\WINDOWS\System32\GDI32.dll
0x00007ffa219d0000 - 0x00007ffa21c6a000 	C:\WINDOWS\WinSxS\amd64_microsoft.windows.common-controls_6595b64144ccf1df_6.0.19041.1110_none_60b5254171f9507e\COMCTL32.dll
0x00007ffa2bde0000 - 0x00007ffa2beef000 	C:\WINDOWS\System32\gdi32full.dll
0x00007ffa2bd40000 - 0x00007ffa2bddd000 	C:\WINDOWS\System32\msvcp_win.dll
0x00007ffa2d340000 - 0x00007ffa2d3de000 	C:\WINDOWS\System32\msvcrt.dll
0x00007ffa2e070000 - 0x00007ffa2e0a0000 	C:\WINDOWS\System32\IMM32.DLL
0x00007ffa17fb0000 - 0x00007ffa17fbc000 	C:\Users\MyPC\.p2\pool\plugins\org.eclipse.justj.openjdk.hotspot.jre.full.win32.x86_64_17.0.4.v20220903-1038\jre\bin\vcruntime140_1.dll
0x00007ffa06170000 - 0x00007ffa06201000 	C:\Users\MyPC\.p2\pool\plugins\org.eclipse.justj.openjdk.hotspot.jre.full.win32.x86_64_17.0.4.v20220903-1038\jre\bin\msvcp140.dll
0x00007ff9d7e30000 - 0x00007ff9d8a76000 	C:\Users\MyPC\.p2\pool\plugins\org.eclipse.justj.openjdk.hotspot.jre.full.win32.x86_64_17.0.4.v20220903-1038\jre\bin\server\jvm.dll
0x00007ffa2e2a0000 - 0x00007ffa2e34e000 	C:\WINDOWS\System32\ADVAPI32.dll
0x00007ffa2e350000 - 0x00007ffa2e3ec000 	C:\WINDOWS\System32\sechost.dll
0x00007ffa2e140000 - 0x00007ffa2e264000 	C:\WINDOWS\System32\RPCRT4.dll
0x00007ffa2de80000 - 0x00007ffa2de88000 	C:\WINDOWS\System32\PSAPI.DLL
0x00007ffa1a5b0000 - 0x00007ffa1a5b9000 	C:\WINDOWS\SYSTEM32\WSOCK32.dll
0x00007ffa2d2d0000 - 0x00007ffa2d33b000 	C:\WINDOWS\System32\WS2_32.dll
0x00007ffa21330000 - 0x00007ffa21357000 	C:\WINDOWS\SYSTEM32\WINMM.dll
0x00007ffa25e60000 - 0x00007ffa25e6a000 	C:\WINDOWS\SYSTEM32\VERSION.dll
0x00007ffa2a5e0000 - 0x00007ffa2a5f2000 	C:\WINDOWS\SYSTEM32\kernel.appcore.dll
0x00007ffa07cd0000 - 0x00007ffa07cda000 	C:\Users\MyPC\.p2\pool\plugins\org.eclipse.justj.openjdk.hotspot.jre.full.win32.x86_64_17.0.4.v20220903-1038\jre\bin\jimage.dll
0x00007ffa29af0000 - 0x00007ffa29cd4000 	C:\WINDOWS\SYSTEM32\DBGHELP.DLL
0x00007ffa16fb0000 - 0x00007ffa16fe5000 	C:\WINDOWS\SYSTEM32\dbgcore.DLL
0x00007ffa2c560000 - 0x00007ffa2c5e2000 	C:\WINDOWS\System32\bcryptPrimitives.dll
0x00007ff9f8300000 - 0x00007ff9f8325000 	C:\Users\MyPC\.p2\pool\plugins\org.eclipse.justj.openjdk.hotspot.jre.full.win32.x86_64_17.0.4.v20220903-1038\jre\bin\java.dll
0x00007ff9fb650000 - 0x00007ff9fb668000 	C:\Users\MyPC\.p2\pool\plugins\org.eclipse.justj.openjdk.hotspot.jre.full.win32.x86_64_17.0.4.v20220903-1038\jre\bin\zip.dll
0x00007ffa2d730000 - 0x00007ffa2de75000 	C:\WINDOWS\System32\SHELL32.dll
0x00007ffa29de0000 - 0x00007ffa2a572000 	C:\WINDOWS\SYSTEM32\windows.storage.dll
0x00007ffa2c9f0000 - 0x00007ffa2cd45000 	C:\WINDOWS\System32\combase.dll
0x00007ffa2b7a0000 - 0x00007ffa2b7d0000 	C:\WINDOWS\SYSTEM32\Wldp.dll
0x00007ffa2dfc0000 - 0x00007ffa2e06d000 	C:\WINDOWS\System32\SHCORE.dll
0x00007ffa2de90000 - 0x00007ffa2dee5000 	C:\WINDOWS\System32\shlwapi.dll
0x00007ffa2bc80000 - 0x00007ffa2bc9f000 	C:\WINDOWS\SYSTEM32\profapi.dll
0x00007ff9f82e0000 - 0x00007ff9f82f9000 	C:\Users\MyPC\.p2\pool\plugins\org.eclipse.justj.openjdk.hotspot.jre.full.win32.x86_64_17.0.4.v20220903-1038\jre\bin\net.dll
0x00007ffa23b50000 - 0x00007ffa23c5a000 	C:\WINDOWS\SYSTEM32\WINHTTP.dll
0x00007ffa2b500000 - 0x00007ffa2b56a000 	C:\WINDOWS\system32\mswsock.dll
0x00007ff9f82c0000 - 0x00007ff9f82d5000 	C:\Users\MyPC\.p2\pool\plugins\org.eclipse.justj.openjdk.hotspot.jre.full.win32.x86_64_17.0.4.v20220903-1038\jre\bin\nio.dll
0x00007ff9fb180000 - 0x00007ff9fb190000 	C:\Users\MyPC\.p2\pool\plugins\org.eclipse.justj.openjdk.hotspot.jre.full.win32.x86_64_17.0.4.v20220903-1038\jre\bin\verify.dll

dbghelp: loaded successfully - version: 4.0.5 - missing functions: none
symbol engine: initialized successfully - sym options: 0x614 - pdb path: .;C:\Users\MyPC\.p2\pool\plugins\org.eclipse.justj.openjdk.hotspot.jre.full.win32.x86_64_17.0.4.v20220903-1038\jre\bin;C:\WINDOWS\SYSTEM32;C:\WINDOWS\WinSxS\amd64_microsoft.windows.common-controls_6595b64144ccf1df_6.0.19041.1110_none_60b5254171f9507e;C:\Users\MyPC\.p2\pool\plugins\org.eclipse.justj.openjdk.hotspot.jre.full.win32.x86_64_17.0.4.v20220903-1038\jre\bin\server

VM Arguments:
jvm_args: -Dfile.encoding=UTF-8 -XX:+ShowCodeDetailsInExceptionMessages 
java_command: com.SEP490_G9.Sep490G9Application
java_class_path (initial): C:\Users\MyPC\Documents\GitHub\SEP490_G9-Capstone_project_sp23\target\classes;C:\Users\MyPC\.p2\pool\plugins\org.junit_4.13.2.v20211018-1956.jar;C:\Users\MyPC\.p2\pool\plugins\org.hamcrest.core_1.3.0.v20180420-1519.jar;C:\Users\MyPC\.m2\repository\org\springframework\boot\spring-boot-starter-data-jpa\3.0.1\spring-boot-starter-data-jpa-3.0.1.jar;C:\Users\MyPC\.m2\repository\org\springframework\boot\spring-boot-starter-aop\3.0.1\spring-boot-starter-aop-3.0.1.jar;C:\Users\MyPC\.m2\repository\org\aspectj\aspectjweaver\1.9.19\aspectjweaver-1.9.19.jar;C:\Users\MyPC\.m2\repository\org\springframework\boot\spring-boot-starter-jdbc\3.0.1\spring-boot-starter-jdbc-3.0.1.jar;C:\Users\MyPC\.m2\repository\com\zaxxer\HikariCP\5.0.1\HikariCP-5.0.1.jar;C:\Users\MyPC\.m2\repository\org\springframework\spring-jdbc\6.0.3\spring-jdbc-6.0.3.jar;C:\Users\MyPC\.m2\repository\org\hibernate\orm\hibernate-core\6.1.6.Final\hibernate-core-6.1.6.Final.jar;C:\Users\MyPC\.m2\repository\jakarta\persistence\jakarta.persistence-api\3.1.0\jakarta.persistence-api-3.1.0.jar;C:\Users\MyPC\.m2\repository\jakarta\transaction\jakarta.transaction-api\2.0.1\jakarta.transaction-api-2.0.1.jar;C:\Users\MyPC\.m2\repository\org\jboss\logging\jboss-logging\3.5.0.Final\jboss-logging-3.5.0.Final.jar;C:\Users\MyPC\.m2\repository\org\hibernate\common\hibernate-commons-annotations\6.0.2.Final\hibernate-commons-annotations-6.0.2.Final.jar;C:\Users\MyPC\.m2\repository\org\jboss\jandex\2.4.2.Final\jandex-2.4.2.Final.jar;C:\Users\MyPC\.m2\repository\com\fasterxml\classmate\1.5.1\classmate-1.5.1.jar;C:\Users\MyPC\.m2\repository\org\glassfish\jaxb\jaxb-runtime\4.0.1\jaxb-runtime-4.0.1.jar;C:\Users\MyPC\.m2\repository\org\glassfish\jaxb\jaxb-core\4.0.1\jaxb-core-4.0.1.jar;C:\Users\MyPC\.m2\repository\org\glassfish\jaxb\txw2\4.0.1\txw2-4.0.1.jar;C:\Users\MyPC\.m2\repository\com\sun\istack\istack-commons-runtime\4.1.1\istack-commons-runtime-4.1.1.jar;C:\Users\MyPC\.m2\repository\jakarta\inject\jakart
Launcher Type: SUN_STANDARD

[Global flags]
     intx CICompilerCount                          = 4                                         {product} {ergonomic}
     uint ConcGCThreads                            = 2                                         {product} {ergonomic}
     uint G1ConcRefinementThreads                  = 8                                         {product} {ergonomic}
   size_t G1HeapRegionSize                         = 1048576                                   {product} {ergonomic}
    uintx GCDrainStackTargetSize                   = 64                                        {product} {ergonomic}
   size_t InitialHeapSize                          = 132120576                                 {product} {ergonomic}
   size_t MarkStackSize                            = 4194304                                   {product} {ergonomic}
   size_t MaxHeapSize                              = 2113929216                                {product} {ergonomic}
   size_t MaxNewSize                               = 1267728384                                {product} {ergonomic}
   size_t MinHeapDeltaBytes                        = 1048576                                   {product} {ergonomic}
   size_t MinHeapSize                              = 8388608                                   {product} {ergonomic}
    uintx NonNMethodCodeHeapSize                   = 5839372                                {pd product} {ergonomic}
    uintx NonProfiledCodeHeapSize                  = 122909434                              {pd product} {ergonomic}
    uintx ProfiledCodeHeapSize                     = 122909434                              {pd product} {ergonomic}
    uintx ReservedCodeCacheSize                    = 251658240                              {pd product} {ergonomic}
     bool SegmentedCodeCache                       = true                                      {product} {ergonomic}
     bool ShowCodeDetailsInExceptionMessages       = true                                   {manageable} {command line}
   size_t SoftMaxHeapSize                          = 2113929216                             {manageable} {ergonomic}
     bool UseCompressedClassPointers               = true                           {product lp64_product} {ergonomic}
     bool UseCompressedOops                        = true                           {product lp64_product} {ergonomic}
     bool UseG1GC                                  = true                                      {product} {ergonomic}
     bool UseLargePagesIndividualAllocation        = false                                  {pd product} {ergonomic}

Logging:
Log output configuration:
 #0: stdout all=warning uptime,level,tags
 #1: stderr all=off uptime,level,tags

Environment Variables:
JAVA_HOME=C:\Program Files\Java\jdk1.8.0_202
PATH=C:/Users/MyPC/.p2/pool/plugins/org.eclipse.justj.openjdk.hotspot.jre.full.win32.x86_64_17.0.4.v20220903-1038/jre/bin/server;C:/Users/MyPC/.p2/pool/plugins/org.eclipse.justj.openjdk.hotspot.jre.full.win32.x86_64_17.0.4.v20220903-1038/jre/bin;C:\Program Files\Java\jdk1.8.0_202\bin;C:\Users\MyPC\apache-maven-3.8.6\bin;C:\ProgramData\chocolatey\bin;C:\Program Files\Git\bin\;C:\Program Files\Git\cmd\;C:\Program Files\nodejs\;C:\Program Files\Microsoft SQL Server\Client SDK\ODBC\170\Tools\Binn\;C:\Program Files\Microsoft SQL Server\150\DTS\Binn\;C:\Program Files\Git\bin\;C:\Program Files\Git\cmd\;C:\Program Files (x86)\Git\cmd;C:\Program Files\MySQL\MySQL Shell 8.0\bin\;C:\Users\MyPC\AppData\Local\Microsoft\WindowsApps;C:\Program Files\Azure Data Studio\bin;C:\Program Files\Azure Data Studio\bin;C:\Users\MyPC\AppData\Local\JetBrains\Toolbox\scripts;C:\Users\MyPC\AppData\Local\GitHubDesktop\bin;C:\Users\MyPC\AppData\Roaming\npm;C:\Users\MyPC\AppData\Roaming\npm\node_modules\@angular\cli\bin;;C:\Users\MyPC\AppData\Local\Programs\Microsoft VS Code\bin;C:\WINDOWS\system32;
USERNAME=MyPC
OS=Windows_NT
PROCESSOR_IDENTIFIER=Intel64 Family 6 Model 142 Stepping 10, GenuineIntel
TMP=C:\Users\MyPC\AppData\Local\Temp
TEMP=C:\Users\MyPC\AppData\Local\Temp



---------------  S Y S T E M  ---------------

OS:
 Windows 10 , 64 bit Build 19041 (10.0.19041.2546)
OS uptime: 0 days 2:58 hours

CPU: total 8 (initial active 8) (4 cores per cpu, 2 threads per core) family 6 model 142 stepping 10 microcode 0xb4, cx8, cmov, fxsr, ht, mmx, 3dnowpref, sse, sse2, sse3, ssse3, sse4.1, sse4.2, popcnt, lzcnt, tsc, tscinvbit, avx, avx2, aes, erms, clmul, bmi1, bmi2, adx, fma, vzeroupper, clflush, clflushopt

Memory: 4k page, system-wide physical 8057M (528M free)
TotalPageFile size 11955M (AvailPageFile size 9M)
current process WorkingSet (physical memory assigned to process): 136M, peak: 137M
current process commit charge ("private bytes"): 176M, peak: 244M

vm_info: OpenJDK 64-Bit Server VM (17.0.4.1+1) for windows-amd64 JRE (17.0.4.1+1), built on Aug 17 2022 07:42:43 by "temurin" with MS VC++ 16.7 (VS2019)

END.
